[2022-11-16 01:35:52,480] {taskinstance.py:851} INFO - Dependencies all met for <TaskInstance: hello_world.goodbye_task 2022-03-15T00:00:00+00:00 [queued]>
[2022-11-16 01:35:53,485] {taskinstance.py:851} INFO - Dependencies all met for <TaskInstance: hello_world.goodbye_task 2022-03-15T00:00:00+00:00 [queued]>
[2022-11-16 01:35:53,541] {taskinstance.py:1042} INFO - 
--------------------------------------------------------------------------------
[2022-11-16 01:35:53,547] {taskinstance.py:1043} INFO - Starting attempt 1 of 1
[2022-11-16 01:35:53,554] {taskinstance.py:1044} INFO - 
--------------------------------------------------------------------------------
[2022-11-16 01:35:54,413] {taskinstance.py:1063} INFO - Executing <Task(PythonOperator): goodbye_task> on 2022-03-15T00:00:00+00:00
[2022-11-16 01:35:54,458] {standard_task_runner.py:52} INFO - Started process 487 to run task
[2022-11-16 01:35:54,637] {standard_task_runner.py:76} INFO - Running: ['airflow', 'tasks', 'run', 'hello_world', 'goodbye_task', '2022-03-15T00:00:00+00:00', '--job-id', '99', '--pool', 'default_pool', '--raw', '--subdir', 'DAGS_FOLDER/index.py', '--cfg-path', '/tmp/tmp3ma80j3w', '--error-file', '/tmp/tmp1k6w7q4b']
[2022-11-16 01:35:54,677] {standard_task_runner.py:77} INFO - Job 99: Subtask goodbye_task
[2022-11-16 01:35:58,132] {logging_mixin.py:104} INFO - Running <TaskInstance: hello_world.goodbye_task 2022-03-15T00:00:00+00:00 [running]> on host 001906ffd7c9
[2022-11-16 01:36:02,422] {taskinstance.py:1257} INFO - Exporting the following env vars:
AIRFLOW_CTX_DAG_OWNER=airflow
AIRFLOW_CTX_DAG_ID=hello_world
AIRFLOW_CTX_TASK_ID=goodbye_task
AIRFLOW_CTX_EXECUTION_DATE=2022-03-15T00:00:00+00:00
AIRFLOW_CTX_DAG_RUN_ID=scheduled__2022-03-15T00:00:00+00:00
[2022-11-16 01:36:02,453] {logging_mixin.py:104} INFO - bye all
[2022-11-16 01:36:02,461] {python.py:118} INFO - Done. Returned value was: bye
[2022-11-16 01:36:03,615] {taskinstance.py:1166} INFO - Marking task as SUCCESS. dag_id=hello_world, task_id=goodbye_task, execution_date=20220315T000000, start_date=20221116T013552, end_date=20221116T013603
[2022-11-16 01:36:11,000] {local_task_job.py:188} WARNING - State of this instance has been externally set to success. Terminating instance.
[2022-11-16 01:36:10,739] {taskinstance.py:1220} INFO - 0 downstream tasks scheduled from follow-on schedule check
[2022-11-16 01:36:12,340] {process_utils.py:100} INFO - Sending Signals.SIGTERM to GPID 487
[2022-11-16 01:36:12,491] {process_utils.py:66} INFO - Process psutil.Process(pid=487, status='terminated', exitcode=0, started='01:35:53') (487) terminated with exit code 0
