[2022-11-16 01:27:22,292] {taskinstance.py:851} INFO - Dependencies all met for <TaskInstance: hello_world.hello_task 2022-01-23T00:00:00+00:00 [queued]>
[2022-11-16 01:27:22,598] {taskinstance.py:851} INFO - Dependencies all met for <TaskInstance: hello_world.hello_task 2022-01-23T00:00:00+00:00 [queued]>
[2022-11-16 01:27:22,604] {taskinstance.py:1042} INFO - 
--------------------------------------------------------------------------------
[2022-11-16 01:27:22,610] {taskinstance.py:1043} INFO - Starting attempt 1 of 1
[2022-11-16 01:27:22,613] {taskinstance.py:1044} INFO - 
--------------------------------------------------------------------------------
[2022-11-16 01:27:23,420] {taskinstance.py:1063} INFO - Executing <Task(PythonOperator): hello_task> on 2022-01-23T00:00:00+00:00
[2022-11-16 01:27:24,419] {standard_task_runner.py:76} INFO - Running: ['airflow', 'tasks', 'run', 'hello_world', 'hello_task', '2022-01-23T00:00:00+00:00', '--job-id', '24', '--pool', 'default_pool', '--raw', '--subdir', 'DAGS_FOLDER/index.py', '--cfg-path', '/tmp/tmpu5xk0jr8', '--error-file', '/tmp/tmp8jveltwu']
[2022-11-16 01:27:24,540] {standard_task_runner.py:77} INFO - Job 24: Subtask hello_task
[2022-11-16 01:27:23,597] {standard_task_runner.py:52} INFO - Started process 171 to run task
[2022-11-16 01:27:26,888] {logging_mixin.py:104} INFO - Running <TaskInstance: hello_world.hello_task 2022-01-23T00:00:00+00:00 [running]> on host 001906ffd7c9
[2022-11-16 01:27:28,477] {taskinstance.py:1257} INFO - Exporting the following env vars:
AIRFLOW_CTX_DAG_OWNER=airflow
AIRFLOW_CTX_DAG_ID=hello_world
AIRFLOW_CTX_TASK_ID=hello_task
AIRFLOW_CTX_EXECUTION_DATE=2022-01-23T00:00:00+00:00
AIRFLOW_CTX_DAG_RUN_ID=scheduled__2022-01-23T00:00:00+00:00
[2022-11-16 01:27:28,626] {logging_mixin.py:104} INFO - hi everyone
[2022-11-16 01:27:28,686] {python.py:118} INFO - Done. Returned value was: hello world
[2022-11-16 01:27:29,491] {taskinstance.py:1166} INFO - Marking task as SUCCESS. dag_id=hello_world, task_id=hello_task, execution_date=20220123T000000, start_date=20221116T012722, end_date=20221116T012729
[2022-11-16 01:27:30,060] {taskinstance.py:1220} INFO - 0 downstream tasks scheduled from follow-on schedule check
[2022-11-16 01:27:30,555] {local_task_job.py:146} INFO - Task exited with return code 0
