[2022-11-16 01:31:03,604] {taskinstance.py:851} INFO - Dependencies all met for <TaskInstance: hello_world.hello_task 2022-02-25T00:00:00+00:00 [queued]>
[2022-11-16 01:31:04,761] {taskinstance.py:851} INFO - Dependencies all met for <TaskInstance: hello_world.hello_task 2022-02-25T00:00:00+00:00 [queued]>
[2022-11-16 01:31:04,839] {taskinstance.py:1042} INFO - 
--------------------------------------------------------------------------------
[2022-11-16 01:31:04,857] {taskinstance.py:1043} INFO - Starting attempt 1 of 1
[2022-11-16 01:31:04,869] {taskinstance.py:1044} INFO - 
--------------------------------------------------------------------------------
[2022-11-16 01:31:05,906] {taskinstance.py:1063} INFO - Executing <Task(PythonOperator): hello_task> on 2022-02-25T00:00:00+00:00
[2022-11-16 01:31:06,167] {standard_task_runner.py:52} INFO - Started process 303 to run task
[2022-11-16 01:31:06,501] {standard_task_runner.py:76} INFO - Running: ['airflow', 'tasks', 'run', 'hello_world', 'hello_task', '2022-02-25T00:00:00+00:00', '--job-id', '55', '--pool', 'default_pool', '--raw', '--subdir', 'DAGS_FOLDER/index.py', '--cfg-path', '/tmp/tmp7e7ocrou', '--error-file', '/tmp/tmp3fjkq6gp']
[2022-11-16 01:31:06,573] {standard_task_runner.py:77} INFO - Job 55: Subtask hello_task
[2022-11-16 01:31:12,127] {logging_mixin.py:104} INFO - Running <TaskInstance: hello_world.hello_task 2022-02-25T00:00:00+00:00 [running]> on host 001906ffd7c9
[2022-11-16 01:31:15,224] {taskinstance.py:1257} INFO - Exporting the following env vars:
AIRFLOW_CTX_DAG_OWNER=airflow
AIRFLOW_CTX_DAG_ID=hello_world
AIRFLOW_CTX_TASK_ID=hello_task
AIRFLOW_CTX_EXECUTION_DATE=2022-02-25T00:00:00+00:00
AIRFLOW_CTX_DAG_RUN_ID=scheduled__2022-02-25T00:00:00+00:00
[2022-11-16 01:31:15,340] {logging_mixin.py:104} INFO - hi everyone
[2022-11-16 01:31:15,379] {python.py:118} INFO - Done. Returned value was: hello world
[2022-11-16 01:31:16,274] {taskinstance.py:1166} INFO - Marking task as SUCCESS. dag_id=hello_world, task_id=hello_task, execution_date=20220225T000000, start_date=20221116T013103, end_date=20221116T013116
[2022-11-16 01:31:20,217] {local_task_job.py:188} WARNING - State of this instance has been externally set to success. Terminating instance.
[2022-11-16 01:31:19,857] {taskinstance.py:1220} INFO - 1 downstream tasks scheduled from follow-on schedule check
[2022-11-16 01:31:20,815] {process_utils.py:100} INFO - Sending Signals.SIGTERM to GPID 303
[2022-11-16 01:31:21,546] {process_utils.py:66} INFO - Process psutil.Process(pid=303, status='terminated', exitcode=0, started='01:31:05') (303) terminated with exit code 0
