[2022-11-16 01:31:13,186] {taskinstance.py:851} INFO - Dependencies all met for <TaskInstance: hello_world.hello_task 2022-02-26T00:00:00+00:00 [queued]>
[2022-11-16 01:31:15,210] {taskinstance.py:851} INFO - Dependencies all met for <TaskInstance: hello_world.hello_task 2022-02-26T00:00:00+00:00 [queued]>
[2022-11-16 01:31:15,259] {taskinstance.py:1042} INFO - 
--------------------------------------------------------------------------------
[2022-11-16 01:31:15,324] {taskinstance.py:1043} INFO - Starting attempt 1 of 1
[2022-11-16 01:31:15,362] {taskinstance.py:1044} INFO - 
--------------------------------------------------------------------------------
[2022-11-16 01:31:16,161] {taskinstance.py:1063} INFO - Executing <Task(PythonOperator): hello_task> on 2022-02-26T00:00:00+00:00
[2022-11-16 01:31:16,328] {standard_task_runner.py:52} INFO - Started process 307 to run task
[2022-11-16 01:31:16,582] {standard_task_runner.py:76} INFO - Running: ['airflow', 'tasks', 'run', 'hello_world', 'hello_task', '2022-02-26T00:00:00+00:00', '--job-id', '56', '--pool', 'default_pool', '--raw', '--subdir', 'DAGS_FOLDER/index.py', '--cfg-path', '/tmp/tmpugs84nin', '--error-file', '/tmp/tmp_2lqs47_']
[2022-11-16 01:31:16,599] {standard_task_runner.py:77} INFO - Job 56: Subtask hello_task
[2022-11-16 01:31:18,229] {logging_mixin.py:104} INFO - Running <TaskInstance: hello_world.hello_task 2022-02-26T00:00:00+00:00 [running]> on host 001906ffd7c9
[2022-11-16 01:31:23,404] {taskinstance.py:1257} INFO - Exporting the following env vars:
AIRFLOW_CTX_DAG_OWNER=airflow
AIRFLOW_CTX_DAG_ID=hello_world
AIRFLOW_CTX_TASK_ID=hello_task
AIRFLOW_CTX_EXECUTION_DATE=2022-02-26T00:00:00+00:00
AIRFLOW_CTX_DAG_RUN_ID=scheduled__2022-02-26T00:00:00+00:00
[2022-11-16 01:31:23,652] {logging_mixin.py:104} INFO - hi everyone
[2022-11-16 01:31:23,728] {python.py:118} INFO - Done. Returned value was: hello world
[2022-11-16 01:31:25,492] {taskinstance.py:1166} INFO - Marking task as SUCCESS. dag_id=hello_world, task_id=hello_task, execution_date=20220226T000000, start_date=20221116T013113, end_date=20221116T013125
[2022-11-16 01:31:30,181] {taskinstance.py:1220} INFO - 1 downstream tasks scheduled from follow-on schedule check
[2022-11-16 01:31:32,174] {local_task_job.py:146} INFO - Task exited with return code 0
