[2022-11-16 01:33:45,166] {taskinstance.py:851} INFO - Dependencies all met for <TaskInstance: hello_world.goodbye_task 2022-03-02T00:00:00+00:00 [queued]>
[2022-11-16 01:33:45,948] {taskinstance.py:851} INFO - Dependencies all met for <TaskInstance: hello_world.goodbye_task 2022-03-02T00:00:00+00:00 [queued]>
[2022-11-16 01:33:46,054] {taskinstance.py:1042} INFO - 
--------------------------------------------------------------------------------
[2022-11-16 01:33:46,090] {taskinstance.py:1043} INFO - Starting attempt 1 of 1
[2022-11-16 01:33:46,100] {taskinstance.py:1044} INFO - 
--------------------------------------------------------------------------------
[2022-11-16 01:33:47,112] {taskinstance.py:1063} INFO - Executing <Task(PythonOperator): goodbye_task> on 2022-03-02T00:00:00+00:00
[2022-11-16 01:33:47,435] {standard_task_runner.py:76} INFO - Running: ['airflow', 'tasks', 'run', 'hello_world', 'goodbye_task', '2022-03-02T00:00:00+00:00', '--job-id', '75', '--pool', 'default_pool', '--raw', '--subdir', 'DAGS_FOLDER/index.py', '--cfg-path', '/tmp/tmp2v0hrftd', '--error-file', '/tmp/tmpjlgadawt']
[2022-11-16 01:33:47,186] {standard_task_runner.py:52} INFO - Started process 389 to run task
[2022-11-16 01:33:47,474] {standard_task_runner.py:77} INFO - Job 75: Subtask goodbye_task
[2022-11-16 01:33:49,543] {logging_mixin.py:104} INFO - Running <TaskInstance: hello_world.goodbye_task 2022-03-02T00:00:00+00:00 [running]> on host 001906ffd7c9
[2022-11-16 01:33:51,684] {taskinstance.py:1257} INFO - Exporting the following env vars:
AIRFLOW_CTX_DAG_OWNER=airflow
AIRFLOW_CTX_DAG_ID=hello_world
AIRFLOW_CTX_TASK_ID=goodbye_task
AIRFLOW_CTX_EXECUTION_DATE=2022-03-02T00:00:00+00:00
AIRFLOW_CTX_DAG_RUN_ID=scheduled__2022-03-02T00:00:00+00:00
[2022-11-16 01:33:51,893] {logging_mixin.py:104} INFO - bye all
[2022-11-16 01:33:51,921] {python.py:118} INFO - Done. Returned value was: bye
[2022-11-16 01:33:53,579] {taskinstance.py:1166} INFO - Marking task as SUCCESS. dag_id=hello_world, task_id=goodbye_task, execution_date=20220302T000000, start_date=20221116T013345, end_date=20221116T013353
[2022-11-16 01:33:58,192] {taskinstance.py:1220} INFO - 0 downstream tasks scheduled from follow-on schedule check
[2022-11-16 01:34:00,044] {local_task_job.py:146} INFO - Task exited with return code 0
