[2022-11-16 01:34:12,278] {taskinstance.py:851} INFO - Dependencies all met for <TaskInstance: hello_world.hello_task 2022-03-11T00:00:00+00:00 [queued]>
[2022-11-16 01:34:12,664] {taskinstance.py:851} INFO - Dependencies all met for <TaskInstance: hello_world.hello_task 2022-03-11T00:00:00+00:00 [queued]>
[2022-11-16 01:34:12,691] {taskinstance.py:1042} INFO - 
--------------------------------------------------------------------------------
[2022-11-16 01:34:12,699] {taskinstance.py:1043} INFO - Starting attempt 1 of 1
[2022-11-16 01:34:12,713] {taskinstance.py:1044} INFO - 
--------------------------------------------------------------------------------
[2022-11-16 01:34:13,130] {taskinstance.py:1063} INFO - Executing <Task(PythonOperator): hello_task> on 2022-03-11T00:00:00+00:00
[2022-11-16 01:34:13,387] {standard_task_runner.py:76} INFO - Running: ['airflow', 'tasks', 'run', 'hello_world', 'hello_task', '2022-03-11T00:00:00+00:00', '--job-id', '83', '--pool', 'default_pool', '--raw', '--subdir', 'DAGS_FOLDER/index.py', '--cfg-path', '/tmp/tmpv0k9fxin', '--error-file', '/tmp/tmpgxifyk7k']
[2022-11-16 01:34:13,399] {standard_task_runner.py:77} INFO - Job 83: Subtask hello_task
[2022-11-16 01:34:13,269] {standard_task_runner.py:52} INFO - Started process 405 to run task
[2022-11-16 01:34:14,885] {logging_mixin.py:104} INFO - Running <TaskInstance: hello_world.hello_task 2022-03-11T00:00:00+00:00 [running]> on host 001906ffd7c9
[2022-11-16 01:34:16,530] {taskinstance.py:1257} INFO - Exporting the following env vars:
AIRFLOW_CTX_DAG_OWNER=airflow
AIRFLOW_CTX_DAG_ID=hello_world
AIRFLOW_CTX_TASK_ID=hello_task
AIRFLOW_CTX_EXECUTION_DATE=2022-03-11T00:00:00+00:00
AIRFLOW_CTX_DAG_RUN_ID=scheduled__2022-03-11T00:00:00+00:00
[2022-11-16 01:34:16,579] {logging_mixin.py:104} INFO - hi everyone
[2022-11-16 01:34:16,600] {python.py:118} INFO - Done. Returned value was: hello world
[2022-11-16 01:34:17,307] {taskinstance.py:1166} INFO - Marking task as SUCCESS. dag_id=hello_world, task_id=hello_task, execution_date=20220311T000000, start_date=20221116T013412, end_date=20221116T013417
[2022-11-16 01:34:19,580] {taskinstance.py:1220} INFO - 1 downstream tasks scheduled from follow-on schedule check
[2022-11-16 01:34:21,270] {local_task_job.py:188} WARNING - State of this instance has been externally set to success. Terminating instance.
[2022-11-16 01:34:21,969] {process_utils.py:100} INFO - Sending Signals.SIGTERM to GPID 405
[2022-11-16 01:34:22,095] {process_utils.py:66} INFO - Process psutil.Process(pid=405, status='terminated', exitcode=0, started='01:34:12') (405) terminated with exit code 0
