[2022-11-16 01:34:12,409] {taskinstance.py:851} INFO - Dependencies all met for <TaskInstance: hello_world.hello_task 2022-03-12T00:00:00+00:00 [queued]>
[2022-11-16 01:34:12,876] {taskinstance.py:851} INFO - Dependencies all met for <TaskInstance: hello_world.hello_task 2022-03-12T00:00:00+00:00 [queued]>
[2022-11-16 01:34:12,890] {taskinstance.py:1042} INFO - 
--------------------------------------------------------------------------------
[2022-11-16 01:34:12,892] {taskinstance.py:1043} INFO - Starting attempt 1 of 1
[2022-11-16 01:34:12,903] {taskinstance.py:1044} INFO - 
--------------------------------------------------------------------------------
[2022-11-16 01:34:13,277] {taskinstance.py:1063} INFO - Executing <Task(PythonOperator): hello_task> on 2022-03-12T00:00:00+00:00
[2022-11-16 01:34:13,352] {standard_task_runner.py:52} INFO - Started process 407 to run task
[2022-11-16 01:34:13,525] {standard_task_runner.py:76} INFO - Running: ['airflow', 'tasks', 'run', 'hello_world', 'hello_task', '2022-03-12T00:00:00+00:00', '--job-id', '81', '--pool', 'default_pool', '--raw', '--subdir', 'DAGS_FOLDER/index.py', '--cfg-path', '/tmp/tmp9xmj8dzf', '--error-file', '/tmp/tmpy71oxp4x']
[2022-11-16 01:34:13,539] {standard_task_runner.py:77} INFO - Job 81: Subtask hello_task
[2022-11-16 01:34:14,600] {logging_mixin.py:104} INFO - Running <TaskInstance: hello_world.hello_task 2022-03-12T00:00:00+00:00 [running]> on host 001906ffd7c9
[2022-11-16 01:34:16,001] {taskinstance.py:1257} INFO - Exporting the following env vars:
AIRFLOW_CTX_DAG_OWNER=airflow
AIRFLOW_CTX_DAG_ID=hello_world
AIRFLOW_CTX_TASK_ID=hello_task
AIRFLOW_CTX_EXECUTION_DATE=2022-03-12T00:00:00+00:00
AIRFLOW_CTX_DAG_RUN_ID=scheduled__2022-03-12T00:00:00+00:00
[2022-11-16 01:34:16,124] {logging_mixin.py:104} INFO - hi everyone
[2022-11-16 01:34:16,142] {python.py:118} INFO - Done. Returned value was: hello world
[2022-11-16 01:34:16,979] {taskinstance.py:1166} INFO - Marking task as SUCCESS. dag_id=hello_world, task_id=hello_task, execution_date=20220312T000000, start_date=20221116T013412, end_date=20221116T013416
[2022-11-16 01:34:19,922] {taskinstance.py:1220} INFO - 1 downstream tasks scheduled from follow-on schedule check
[2022-11-16 01:34:22,522] {local_task_job.py:146} INFO - Task exited with return code 0
