[2022-11-16 01:25:31,675] {taskinstance.py:851} INFO - Dependencies all met for <TaskInstance: hello_world.hello_task 2022-01-05T00:00:00+00:00 [queued]>
[2022-11-16 01:25:33,353] {taskinstance.py:851} INFO - Dependencies all met for <TaskInstance: hello_world.hello_task 2022-01-05T00:00:00+00:00 [queued]>
[2022-11-16 01:25:33,444] {taskinstance.py:1042} INFO - 
--------------------------------------------------------------------------------
[2022-11-16 01:25:33,463] {taskinstance.py:1043} INFO - Starting attempt 1 of 1
[2022-11-16 01:25:33,491] {taskinstance.py:1044} INFO - 
--------------------------------------------------------------------------------
[2022-11-16 01:25:36,309] {taskinstance.py:1063} INFO - Executing <Task(PythonOperator): hello_task> on 2022-01-05T00:00:00+00:00
[2022-11-16 01:25:36,466] {standard_task_runner.py:52} INFO - Started process 115 to run task
[2022-11-16 01:25:36,931] {standard_task_runner.py:76} INFO - Running: ['airflow', 'tasks', 'run', 'hello_world', 'hello_task', '2022-01-05T00:00:00+00:00', '--job-id', '6', '--pool', 'default_pool', '--raw', '--subdir', 'DAGS_FOLDER/index.py', '--cfg-path', '/tmp/tmpqxmh6k30', '--error-file', '/tmp/tmph5j14krx']
[2022-11-16 01:25:36,982] {standard_task_runner.py:77} INFO - Job 6: Subtask hello_task
[2022-11-16 01:25:44,229] {logging_mixin.py:104} INFO - Running <TaskInstance: hello_world.hello_task 2022-01-05T00:00:00+00:00 [running]> on host 001906ffd7c9
[2022-11-16 01:25:48,750] {taskinstance.py:1257} INFO - Exporting the following env vars:
AIRFLOW_CTX_DAG_OWNER=airflow
AIRFLOW_CTX_DAG_ID=hello_world
AIRFLOW_CTX_TASK_ID=hello_task
AIRFLOW_CTX_EXECUTION_DATE=2022-01-05T00:00:00+00:00
AIRFLOW_CTX_DAG_RUN_ID=scheduled__2022-01-05T00:00:00+00:00
[2022-11-16 01:25:48,851] {logging_mixin.py:104} INFO - hi everyone
[2022-11-16 01:25:48,864] {python.py:118} INFO - Done. Returned value was: hello world
[2022-11-16 01:25:52,330] {taskinstance.py:1166} INFO - Marking task as SUCCESS. dag_id=hello_world, task_id=hello_task, execution_date=20220105T000000, start_date=20221116T012532, end_date=20221116T012552
[2022-11-16 01:25:57,960] {taskinstance.py:1220} INFO - 0 downstream tasks scheduled from follow-on schedule check
[2022-11-16 01:26:02,201] {local_task_job.py:146} INFO - Task exited with return code 0
