[2022-11-16 01:34:42,755] {taskinstance.py:851} INFO - Dependencies all met for <TaskInstance: hello_world.hello_task 2022-03-15T00:00:00+00:00 [queued]>
[2022-11-16 01:34:44,133] {taskinstance.py:851} INFO - Dependencies all met for <TaskInstance: hello_world.hello_task 2022-03-15T00:00:00+00:00 [queued]>
[2022-11-16 01:34:44,164] {taskinstance.py:1042} INFO - 
--------------------------------------------------------------------------------
[2022-11-16 01:34:44,169] {taskinstance.py:1043} INFO - Starting attempt 1 of 1
[2022-11-16 01:34:44,182] {taskinstance.py:1044} INFO - 
--------------------------------------------------------------------------------
[2022-11-16 01:34:44,618] {taskinstance.py:1063} INFO - Executing <Task(PythonOperator): hello_task> on 2022-03-15T00:00:00+00:00
[2022-11-16 01:34:44,991] {standard_task_runner.py:76} INFO - Running: ['airflow', 'tasks', 'run', 'hello_world', 'hello_task', '2022-03-15T00:00:00+00:00', '--job-id', '86', '--pool', 'default_pool', '--raw', '--subdir', 'DAGS_FOLDER/index.py', '--cfg-path', '/tmp/tmpqik26olg', '--error-file', '/tmp/tmphlob843z']
[2022-11-16 01:34:45,049] {standard_task_runner.py:77} INFO - Job 86: Subtask hello_task
[2022-11-16 01:34:44,855] {standard_task_runner.py:52} INFO - Started process 433 to run task
[2022-11-16 01:34:50,564] {logging_mixin.py:104} INFO - Running <TaskInstance: hello_world.hello_task 2022-03-15T00:00:00+00:00 [running]> on host 001906ffd7c9
[2022-11-16 01:34:59,321] {taskinstance.py:1257} INFO - Exporting the following env vars:
AIRFLOW_CTX_DAG_OWNER=airflow
AIRFLOW_CTX_DAG_ID=hello_world
AIRFLOW_CTX_TASK_ID=hello_task
AIRFLOW_CTX_EXECUTION_DATE=2022-03-15T00:00:00+00:00
AIRFLOW_CTX_DAG_RUN_ID=scheduled__2022-03-15T00:00:00+00:00
[2022-11-16 01:34:59,383] {logging_mixin.py:104} INFO - hi everyone
[2022-11-16 01:34:59,415] {python.py:118} INFO - Done. Returned value was: hello world
[2022-11-16 01:35:00,756] {taskinstance.py:1166} INFO - Marking task as SUCCESS. dag_id=hello_world, task_id=hello_task, execution_date=20220315T000000, start_date=20221116T013443, end_date=20221116T013500
[2022-11-16 01:35:08,631] {local_task_job.py:188} WARNING - State of this instance has been externally set to success. Terminating instance.
[2022-11-16 01:35:09,007] {process_utils.py:100} INFO - Sending Signals.SIGTERM to GPID 433
[2022-11-16 01:35:09,032] {taskinstance.py:1239} ERROR - Received SIGTERM. Terminating subprocesses.
[2022-11-16 01:35:09,087] {logging_mixin.py:104} WARNING - --- Logging error ---
[2022-11-16 01:35:09,400] {logging_mixin.py:104} WARNING - Traceback (most recent call last):
[2022-11-16 01:35:09,439] {logging_mixin.py:104} WARNING -   File "/usr/local/lib/python3.6/logging/__init__.py", line 994, in emit
    msg = self.format(record)
[2022-11-16 01:35:09,449] {logging_mixin.py:104} WARNING -   File "/usr/local/lib/python3.6/logging/__init__.py", line 840, in format
    return fmt.format(record)
[2022-11-16 01:35:09,465] {logging_mixin.py:104} WARNING -   File "/usr/local/lib/python3.6/logging/__init__.py", line 577, in format
    record.message = record.getMessage()
[2022-11-16 01:35:09,470] {logging_mixin.py:104} WARNING -   File "/usr/local/lib/python3.6/logging/__init__.py", line 338, in getMessage
    msg = msg % self.args
[2022-11-16 01:35:09,493] {logging_mixin.py:104} WARNING -   File "/home/airflow/.local/lib/python3.6/site-packages/airflow/models/taskinstance.py", line 1241, in signal_handler
    raise AirflowException("Task received SIGTERM signal")
[2022-11-16 01:35:09,507] {logging_mixin.py:104} WARNING - airflow.exceptions.AirflowException: Task received SIGTERM signal
[2022-11-16 01:35:09,520] {logging_mixin.py:104} WARNING - Call stack:
[2022-11-16 01:35:10,349] {logging_mixin.py:104} WARNING -   File "/home/airflow/.local/bin/airflow", line 8, in <module>
    sys.exit(main())
[2022-11-16 01:35:10,479] {logging_mixin.py:104} WARNING -   File "/home/airflow/.local/lib/python3.6/site-packages/airflow/__main__.py", line 40, in main
    args.func(args)
[2022-11-16 01:35:10,531] {logging_mixin.py:104} WARNING -   File "/home/airflow/.local/lib/python3.6/site-packages/airflow/cli/cli_parser.py", line 48, in command
    return func(*args, **kwargs)
[2022-11-16 01:35:10,604] {logging_mixin.py:104} WARNING -   File "/home/airflow/.local/lib/python3.6/site-packages/airflow/utils/cli.py", line 89, in wrapper
    return f(*args, **kwargs)
[2022-11-16 01:35:10,612] {logging_mixin.py:104} WARNING -   File "/home/airflow/.local/lib/python3.6/site-packages/airflow/cli/commands/celery_command.py", line 178, in worker
    worker_instance.run(**options)
[2022-11-16 01:35:10,617] {logging_mixin.py:104} WARNING -   File "/home/airflow/.local/lib/python3.6/site-packages/celery/bin/worker.py", line 259, in run
    worker.start()
[2022-11-16 01:35:10,627] {logging_mixin.py:104} WARNING -   File "/home/airflow/.local/lib/python3.6/site-packages/celery/worker/worker.py", line 208, in start
    self.blueprint.start(self)
[2022-11-16 01:35:10,725] {logging_mixin.py:104} WARNING -   File "/home/airflow/.local/lib/python3.6/site-packages/celery/bootsteps.py", line 119, in start
    step.start(parent)
[2022-11-16 01:35:10,762] {logging_mixin.py:104} WARNING -   File "/home/airflow/.local/lib/python3.6/site-packages/celery/bootsteps.py", line 369, in start
    return self.obj.start()
[2022-11-16 01:35:10,818] {logging_mixin.py:104} WARNING -   File "/home/airflow/.local/lib/python3.6/site-packages/celery/concurrency/base.py", line 132, in start
    self.on_start()
[2022-11-16 01:35:10,865] {logging_mixin.py:104} WARNING -   File "/home/airflow/.local/lib/python3.6/site-packages/celery/concurrency/prefork.py", line 117, in on_start
    **self.options)
[2022-11-16 01:35:10,882] {logging_mixin.py:104} WARNING -   File "/home/airflow/.local/lib/python3.6/site-packages/celery/concurrency/asynpool.py", line 486, in __init__
    super(AsynPool, self).__init__(processes, *args, **kwargs)
[2022-11-16 01:35:10,897] {logging_mixin.py:104} WARNING -   File "/home/airflow/.local/lib/python3.6/site-packages/billiard/pool.py", line 1046, in __init__
    self._create_worker_process(i)
[2022-11-16 01:35:10,931] {logging_mixin.py:104} WARNING -   File "/home/airflow/.local/lib/python3.6/site-packages/celery/concurrency/asynpool.py", line 503, in _create_worker_process
    return super(AsynPool, self)._create_worker_process(i)
[2022-11-16 01:35:10,952] {logging_mixin.py:104} WARNING -   File "/home/airflow/.local/lib/python3.6/site-packages/billiard/pool.py", line 1158, in _create_worker_process
    w.start()
[2022-11-16 01:35:10,978] {logging_mixin.py:104} WARNING -   File "/home/airflow/.local/lib/python3.6/site-packages/billiard/process.py", line 124, in start
    self._popen = self._Popen(self)
[2022-11-16 01:35:11,028] {logging_mixin.py:104} WARNING -   File "/home/airflow/.local/lib/python3.6/site-packages/billiard/context.py", line 333, in _Popen
    return Popen(process_obj)
[2022-11-16 01:35:11,064] {logging_mixin.py:104} WARNING -   File "/home/airflow/.local/lib/python3.6/site-packages/billiard/popen_fork.py", line 24, in __init__
    self._launch(process_obj)
[2022-11-16 01:35:11,115] {logging_mixin.py:104} WARNING -   File "/home/airflow/.local/lib/python3.6/site-packages/billiard/popen_fork.py", line 79, in _launch
    code = process_obj._bootstrap()
[2022-11-16 01:35:11,149] {logging_mixin.py:104} WARNING -   File "/home/airflow/.local/lib/python3.6/site-packages/billiard/process.py", line 327, in _bootstrap
    self.run()
[2022-11-16 01:35:11,172] {logging_mixin.py:104} WARNING -   File "/home/airflow/.local/lib/python3.6/site-packages/billiard/process.py", line 114, in run
    self._target(*self._args, **self._kwargs)
[2022-11-16 01:35:11,188] {logging_mixin.py:104} WARNING -   File "/home/airflow/.local/lib/python3.6/site-packages/billiard/pool.py", line 292, in __call__
    sys.exit(self.workloop(pid=pid))
[2022-11-16 01:35:11,199] {logging_mixin.py:104} WARNING -   File "/home/airflow/.local/lib/python3.6/site-packages/billiard/pool.py", line 362, in workloop
    result = (True, prepare_result(fun(*args, **kwargs)))
[2022-11-16 01:35:11,232] {logging_mixin.py:104} WARNING -   File "/home/airflow/.local/lib/python3.6/site-packages/celery/app/trace.py", line 612, in _fast_trace_task
    uuid, args, kwargs, request,
[2022-11-16 01:35:11,284] {logging_mixin.py:104} WARNING -   File "/home/airflow/.local/lib/python3.6/site-packages/celery/app/trace.py", line 412, in trace_task
    R = retval = fun(*args, **kwargs)
[2022-11-16 01:35:11,305] {logging_mixin.py:104} WARNING -   File "/home/airflow/.local/lib/python3.6/site-packages/celery/app/trace.py", line 704, in __protected_call__
    return self.run(*args, **kwargs)
[2022-11-16 01:35:11,318] {logging_mixin.py:104} WARNING -   File "/home/airflow/.local/lib/python3.6/site-packages/airflow/executors/celery_executor.py", line 87, in execute_command
    _execute_in_fork(command_to_exec)
[2022-11-16 01:35:11,346] {logging_mixin.py:104} WARNING -   File "/home/airflow/.local/lib/python3.6/site-packages/airflow/executors/celery_executor.py", line 116, in _execute_in_fork
    args.func(args)
[2022-11-16 01:35:11,377] {logging_mixin.py:104} WARNING -   File "/home/airflow/.local/lib/python3.6/site-packages/airflow/cli/cli_parser.py", line 48, in command
    return func(*args, **kwargs)
[2022-11-16 01:35:11,406] {logging_mixin.py:104} WARNING -   File "/home/airflow/.local/lib/python3.6/site-packages/airflow/utils/cli.py", line 89, in wrapper
    return f(*args, **kwargs)
[2022-11-16 01:35:11,415] {logging_mixin.py:104} WARNING -   File "/home/airflow/.local/lib/python3.6/site-packages/airflow/cli/commands/task_command.py", line 235, in task_run
    _run_task_by_selected_method(args, dag, ti)
[2022-11-16 01:35:11,449] {logging_mixin.py:104} WARNING -   File "/home/airflow/.local/lib/python3.6/site-packages/airflow/cli/commands/task_command.py", line 64, in _run_task_by_selected_method
    _run_task_by_local_task_job(args, ti)
[2022-11-16 01:35:11,466] {logging_mixin.py:104} WARNING -   File "/home/airflow/.local/lib/python3.6/site-packages/airflow/cli/commands/task_command.py", line 120, in _run_task_by_local_task_job
    run_job.run()
[2022-11-16 01:35:11,494] {logging_mixin.py:104} WARNING -   File "/home/airflow/.local/lib/python3.6/site-packages/airflow/jobs/base_job.py", line 237, in run
    self._execute()
[2022-11-16 01:35:11,527] {logging_mixin.py:104} WARNING -   File "/home/airflow/.local/lib/python3.6/site-packages/airflow/jobs/local_task_job.py", line 97, in _execute
    self.task_runner.start()
[2022-11-16 01:35:11,594] {logging_mixin.py:104} WARNING -   File "/home/airflow/.local/lib/python3.6/site-packages/airflow/task/task_runner/standard_task_runner.py", line 41, in start
    self.process = self._start_by_fork()
[2022-11-16 01:35:11,722] {logging_mixin.py:104} WARNING -   File "/home/airflow/.local/lib/python3.6/site-packages/airflow/task/task_runner/standard_task_runner.py", line 85, in _start_by_fork
    args.func(args, dag=self.dag)
[2022-11-16 01:35:11,774] {logging_mixin.py:104} WARNING -   File "/home/airflow/.local/lib/python3.6/site-packages/airflow/cli/cli_parser.py", line 48, in command
    return func(*args, **kwargs)
[2022-11-16 01:35:11,818] {logging_mixin.py:104} WARNING -   File "/home/airflow/.local/lib/python3.6/site-packages/airflow/utils/cli.py", line 89, in wrapper
    return f(*args, **kwargs)
[2022-11-16 01:35:11,828] {logging_mixin.py:104} WARNING -   File "/home/airflow/.local/lib/python3.6/site-packages/airflow/cli/commands/task_command.py", line 235, in task_run
    _run_task_by_selected_method(args, dag, ti)
[2022-11-16 01:35:11,873] {logging_mixin.py:104} WARNING -   File "/home/airflow/.local/lib/python3.6/site-packages/airflow/cli/commands/task_command.py", line 66, in _run_task_by_selected_method
    _run_raw_task(args, ti)
[2022-11-16 01:35:11,901] {logging_mixin.py:104} WARNING -   File "/home/airflow/.local/lib/python3.6/site-packages/airflow/cli/commands/task_command.py", line 152, in _run_raw_task
    error_file=args.error_file,
[2022-11-16 01:35:11,929] {logging_mixin.py:104} WARNING -   File "/home/airflow/.local/lib/python3.6/site-packages/airflow/utils/session.py", line 65, in wrapper
    return func(*args, session=session, **kwargs)
[2022-11-16 01:35:11,971] {logging_mixin.py:104} WARNING -   File "/home/airflow/.local/lib/python3.6/site-packages/airflow/models/taskinstance.py", line 1176, in _run_raw_task
    self._run_mini_scheduler_on_child_tasks(session)
[2022-11-16 01:35:11,977] {logging_mixin.py:104} WARNING -   File "/home/airflow/.local/lib/python3.6/site-packages/airflow/utils/session.py", line 62, in wrapper
    return func(*args, **kwargs)
[2022-11-16 01:35:11,980] {logging_mixin.py:104} WARNING -   File "/home/airflow/.local/lib/python3.6/site-packages/airflow/models/taskinstance.py", line 1220, in _run_mini_scheduler_on_child_tasks
    self.log.info("%d downstream tasks scheduled from follow-on schedule check", num)
[2022-11-16 01:35:11,988] {logging_mixin.py:104} WARNING -   File "/usr/local/lib/python3.6/logging/__init__.py", line 1308, in info
    self._log(INFO, msg, args, **kwargs)
[2022-11-16 01:35:12,001] {logging_mixin.py:104} WARNING -   File "/usr/local/lib/python3.6/logging/__init__.py", line 1444, in _log
    self.handle(record)
[2022-11-16 01:35:12,016] {logging_mixin.py:104} WARNING -   File "/usr/local/lib/python3.6/logging/__init__.py", line 1454, in handle
    self.callHandlers(record)
[2022-11-16 01:35:12,023] {logging_mixin.py:104} WARNING -   File "/usr/local/lib/python3.6/logging/__init__.py", line 1516, in callHandlers
    hdlr.handle(record)
[2022-11-16 01:35:12,049] {logging_mixin.py:104} WARNING -   File "/usr/local/lib/python3.6/logging/__init__.py", line 865, in handle
    self.emit(record)
[2022-11-16 01:35:12,063] {logging_mixin.py:104} WARNING -   File "/home/airflow/.local/lib/python3.6/site-packages/airflow/utils/log/file_task_handler.py", line 64, in emit
    self.handler.emit(record)
[2022-11-16 01:35:12,073] {logging_mixin.py:104} WARNING - Message: '%d downstream tasks scheduled from follow-on schedule check'
Arguments: (0,)
[2022-11-16 01:35:13,157] {process_utils.py:66} INFO - Process psutil.Process(pid=433, status='terminated', exitcode=0, started='01:34:44') (433) terminated with exit code 0
