[2022-11-16 01:34:10,873] {taskinstance.py:851} INFO - Dependencies all met for <TaskInstance: hello_world.goodbye_task 2022-03-06T00:00:00+00:00 [queued]>
[2022-11-16 01:34:11,374] {taskinstance.py:851} INFO - Dependencies all met for <TaskInstance: hello_world.goodbye_task 2022-03-06T00:00:00+00:00 [queued]>
[2022-11-16 01:34:11,397] {taskinstance.py:1042} INFO - 
--------------------------------------------------------------------------------
[2022-11-16 01:34:11,409] {taskinstance.py:1043} INFO - Starting attempt 1 of 1
[2022-11-16 01:34:11,416] {taskinstance.py:1044} INFO - 
--------------------------------------------------------------------------------
[2022-11-16 01:34:11,826] {taskinstance.py:1063} INFO - Executing <Task(PythonOperator): goodbye_task> on 2022-03-06T00:00:00+00:00
[2022-11-16 01:34:11,891] {standard_task_runner.py:52} INFO - Started process 403 to run task
[2022-11-16 01:34:12,113] {standard_task_runner.py:76} INFO - Running: ['airflow', 'tasks', 'run', 'hello_world', 'goodbye_task', '2022-03-06T00:00:00+00:00', '--job-id', '80', '--pool', 'default_pool', '--raw', '--subdir', 'DAGS_FOLDER/index.py', '--cfg-path', '/tmp/tmp3_v2_cvo', '--error-file', '/tmp/tmp2c728et5']
[2022-11-16 01:34:12,130] {standard_task_runner.py:77} INFO - Job 80: Subtask goodbye_task
[2022-11-16 01:34:12,968] {logging_mixin.py:104} INFO - Running <TaskInstance: hello_world.goodbye_task 2022-03-06T00:00:00+00:00 [running]> on host 001906ffd7c9
[2022-11-16 01:34:13,965] {taskinstance.py:1257} INFO - Exporting the following env vars:
AIRFLOW_CTX_DAG_OWNER=airflow
AIRFLOW_CTX_DAG_ID=hello_world
AIRFLOW_CTX_TASK_ID=goodbye_task
AIRFLOW_CTX_EXECUTION_DATE=2022-03-06T00:00:00+00:00
AIRFLOW_CTX_DAG_RUN_ID=scheduled__2022-03-06T00:00:00+00:00
[2022-11-16 01:34:14,020] {logging_mixin.py:104} INFO - bye all
[2022-11-16 01:34:14,025] {python.py:118} INFO - Done. Returned value was: bye
[2022-11-16 01:34:14,774] {taskinstance.py:1166} INFO - Marking task as SUCCESS. dag_id=hello_world, task_id=goodbye_task, execution_date=20220306T000000, start_date=20221116T013410, end_date=20221116T013414
[2022-11-16 01:34:15,489] {taskinstance.py:1220} INFO - 0 downstream tasks scheduled from follow-on schedule check
[2022-11-16 01:34:16,097] {local_task_job.py:146} INFO - Task exited with return code 0
