[2022-11-16 01:33:23,118] {taskinstance.py:851} INFO - Dependencies all met for <TaskInstance: hello_world.hello_task 2022-03-06T00:00:00+00:00 [queued]>
[2022-11-16 01:33:24,105] {taskinstance.py:851} INFO - Dependencies all met for <TaskInstance: hello_world.hello_task 2022-03-06T00:00:00+00:00 [queued]>
[2022-11-16 01:33:24,129] {taskinstance.py:1042} INFO - 
--------------------------------------------------------------------------------
[2022-11-16 01:33:24,173] {taskinstance.py:1043} INFO - Starting attempt 1 of 1
[2022-11-16 01:33:24,178] {taskinstance.py:1044} INFO - 
--------------------------------------------------------------------------------
[2022-11-16 01:33:25,399] {taskinstance.py:1063} INFO - Executing <Task(PythonOperator): hello_task> on 2022-03-06T00:00:00+00:00
[2022-11-16 01:33:25,743] {standard_task_runner.py:52} INFO - Started process 375 to run task
[2022-11-16 01:33:26,175] {standard_task_runner.py:76} INFO - Running: ['airflow', 'tasks', 'run', 'hello_world', 'hello_task', '2022-03-06T00:00:00+00:00', '--job-id', '72', '--pool', 'default_pool', '--raw', '--subdir', 'DAGS_FOLDER/index.py', '--cfg-path', '/tmp/tmpz1esca19', '--error-file', '/tmp/tmp29dzrr6o']
[2022-11-16 01:33:26,214] {standard_task_runner.py:77} INFO - Job 72: Subtask hello_task
[2022-11-16 01:33:29,315] {logging_mixin.py:104} INFO - Running <TaskInstance: hello_world.hello_task 2022-03-06T00:00:00+00:00 [running]> on host 001906ffd7c9
[2022-11-16 01:33:31,761] {taskinstance.py:1257} INFO - Exporting the following env vars:
AIRFLOW_CTX_DAG_OWNER=airflow
AIRFLOW_CTX_DAG_ID=hello_world
AIRFLOW_CTX_TASK_ID=hello_task
AIRFLOW_CTX_EXECUTION_DATE=2022-03-06T00:00:00+00:00
AIRFLOW_CTX_DAG_RUN_ID=scheduled__2022-03-06T00:00:00+00:00
[2022-11-16 01:33:31,862] {logging_mixin.py:104} INFO - hi everyone
[2022-11-16 01:33:31,874] {python.py:118} INFO - Done. Returned value was: hello world
[2022-11-16 01:33:33,044] {taskinstance.py:1166} INFO - Marking task as SUCCESS. dag_id=hello_world, task_id=hello_task, execution_date=20220306T000000, start_date=20221116T013323, end_date=20221116T013333
[2022-11-16 01:33:34,968] {taskinstance.py:1220} INFO - 1 downstream tasks scheduled from follow-on schedule check
[2022-11-16 01:33:35,307] {local_task_job.py:146} INFO - Task exited with return code 0
