[2022-11-16 01:25:15,157] {taskinstance.py:851} INFO - Dependencies all met for <TaskInstance: hello_world.hello_task 2022-01-04T00:00:00+00:00 [queued]>
[2022-11-16 01:25:17,638] {taskinstance.py:851} INFO - Dependencies all met for <TaskInstance: hello_world.hello_task 2022-01-04T00:00:00+00:00 [queued]>
[2022-11-16 01:25:17,696] {taskinstance.py:1042} INFO - 
--------------------------------------------------------------------------------
[2022-11-16 01:25:17,844] {taskinstance.py:1043} INFO - Starting attempt 1 of 1
[2022-11-16 01:25:17,884] {taskinstance.py:1044} INFO - 
--------------------------------------------------------------------------------
[2022-11-16 01:25:20,180] {taskinstance.py:1063} INFO - Executing <Task(PythonOperator): hello_task> on 2022-01-04T00:00:00+00:00
[2022-11-16 01:25:20,355] {standard_task_runner.py:52} INFO - Started process 105 to run task
[2022-11-16 01:25:20,786] {standard_task_runner.py:76} INFO - Running: ['airflow', 'tasks', 'run', 'hello_world', 'hello_task', '2022-01-04T00:00:00+00:00', '--job-id', '5', '--pool', 'default_pool', '--raw', '--subdir', 'DAGS_FOLDER/index.py', '--cfg-path', '/tmp/tmpgshueyro', '--error-file', '/tmp/tmp809j04ox']
[2022-11-16 01:25:20,892] {standard_task_runner.py:77} INFO - Job 5: Subtask hello_task
[2022-11-16 01:25:23,798] {logging_mixin.py:104} INFO - Running <TaskInstance: hello_world.hello_task 2022-01-04T00:00:00+00:00 [running]> on host 001906ffd7c9
[2022-11-16 01:25:27,190] {taskinstance.py:1257} INFO - Exporting the following env vars:
AIRFLOW_CTX_DAG_OWNER=airflow
AIRFLOW_CTX_DAG_ID=hello_world
AIRFLOW_CTX_TASK_ID=hello_task
AIRFLOW_CTX_EXECUTION_DATE=2022-01-04T00:00:00+00:00
AIRFLOW_CTX_DAG_RUN_ID=scheduled__2022-01-04T00:00:00+00:00
[2022-11-16 01:25:27,308] {logging_mixin.py:104} INFO - hi everyone
[2022-11-16 01:25:27,340] {python.py:118} INFO - Done. Returned value was: hello world
[2022-11-16 01:25:29,003] {taskinstance.py:1166} INFO - Marking task as SUCCESS. dag_id=hello_world, task_id=hello_task, execution_date=20220104T000000, start_date=20221116T012515, end_date=20221116T012528
[2022-11-16 01:25:34,611] {taskinstance.py:1220} INFO - 0 downstream tasks scheduled from follow-on schedule check
[2022-11-16 01:25:36,398] {local_task_job.py:188} WARNING - State of this instance has been externally set to success. Terminating instance.
[2022-11-16 01:25:36,733] {process_utils.py:100} INFO - Sending Signals.SIGTERM to GPID 105
[2022-11-16 01:25:37,074] {process_utils.py:66} INFO - Process psutil.Process(pid=105, status='terminated', exitcode=0, started='01:25:19') (105) terminated with exit code 0
