[2022-11-16 01:28:11,406] {taskinstance.py:851} INFO - Dependencies all met for <TaskInstance: hello_world.hello_task 2022-01-31T00:00:00+00:00 [queued]>
[2022-11-16 01:28:13,404] {taskinstance.py:851} INFO - Dependencies all met for <TaskInstance: hello_world.hello_task 2022-01-31T00:00:00+00:00 [queued]>
[2022-11-16 01:28:13,489] {taskinstance.py:1042} INFO - 
--------------------------------------------------------------------------------
[2022-11-16 01:28:13,519] {taskinstance.py:1043} INFO - Starting attempt 1 of 1
[2022-11-16 01:28:13,535] {taskinstance.py:1044} INFO - 
--------------------------------------------------------------------------------
[2022-11-16 01:28:14,698] {taskinstance.py:1063} INFO - Executing <Task(PythonOperator): hello_task> on 2022-01-31T00:00:00+00:00
[2022-11-16 01:28:14,877] {standard_task_runner.py:76} INFO - Running: ['airflow', 'tasks', 'run', 'hello_world', 'hello_task', '2022-01-31T00:00:00+00:00', '--job-id', '32', '--pool', 'default_pool', '--raw', '--subdir', 'DAGS_FOLDER/index.py', '--cfg-path', '/tmp/tmpwsp_lpef', '--error-file', '/tmp/tmptztxr0cp']
[2022-11-16 01:28:14,895] {standard_task_runner.py:77} INFO - Job 32: Subtask hello_task
[2022-11-16 01:28:14,817] {standard_task_runner.py:52} INFO - Started process 213 to run task
[2022-11-16 01:28:20,938] {logging_mixin.py:104} INFO - Running <TaskInstance: hello_world.hello_task 2022-01-31T00:00:00+00:00 [running]> on host 001906ffd7c9
[2022-11-16 01:28:22,296] {taskinstance.py:1257} INFO - Exporting the following env vars:
AIRFLOW_CTX_DAG_OWNER=airflow
AIRFLOW_CTX_DAG_ID=hello_world
AIRFLOW_CTX_TASK_ID=hello_task
AIRFLOW_CTX_EXECUTION_DATE=2022-01-31T00:00:00+00:00
AIRFLOW_CTX_DAG_RUN_ID=scheduled__2022-01-31T00:00:00+00:00
[2022-11-16 01:28:22,519] {logging_mixin.py:104} INFO - hi everyone
[2022-11-16 01:28:22,556] {python.py:118} INFO - Done. Returned value was: hello world
[2022-11-16 01:28:25,697] {taskinstance.py:1166} INFO - Marking task as SUCCESS. dag_id=hello_world, task_id=hello_task, execution_date=20220131T000000, start_date=20221116T012811, end_date=20221116T012825
[2022-11-16 01:28:29,258] {local_task_job.py:188} WARNING - State of this instance has been externally set to success. Terminating instance.
[2022-11-16 01:28:29,569] {process_utils.py:100} INFO - Sending Signals.SIGTERM to GPID 213
[2022-11-16 01:28:29,905] {taskinstance.py:1239} ERROR - Received SIGTERM. Terminating subprocesses.
[2022-11-16 01:28:30,715] {process_utils.py:66} INFO - Process psutil.Process(pid=213, status='terminated', exitcode=1, started='01:28:14') (213) terminated with exit code 1
