[2022-11-16 01:34:44,476] {taskinstance.py:851} INFO - Dependencies all met for <TaskInstance: hello_world.goodbye_task 2022-03-10T00:00:00+00:00 [queued]>
[2022-11-16 01:34:44,967] {taskinstance.py:851} INFO - Dependencies all met for <TaskInstance: hello_world.goodbye_task 2022-03-10T00:00:00+00:00 [queued]>
[2022-11-16 01:34:44,992] {taskinstance.py:1042} INFO - 
--------------------------------------------------------------------------------
[2022-11-16 01:34:44,996] {taskinstance.py:1043} INFO - Starting attempt 1 of 1
[2022-11-16 01:34:45,002] {taskinstance.py:1044} INFO - 
--------------------------------------------------------------------------------
[2022-11-16 01:34:47,216] {taskinstance.py:1063} INFO - Executing <Task(PythonOperator): goodbye_task> on 2022-03-10T00:00:00+00:00
[2022-11-16 01:34:47,668] {standard_task_runner.py:76} INFO - Running: ['airflow', 'tasks', 'run', 'hello_world', 'goodbye_task', '2022-03-10T00:00:00+00:00', '--job-id', '87', '--pool', 'default_pool', '--raw', '--subdir', 'DAGS_FOLDER/index.py', '--cfg-path', '/tmp/tmpus3lkhgo', '--error-file', '/tmp/tmpnk8mfg1_']
[2022-11-16 01:34:47,745] {standard_task_runner.py:77} INFO - Job 87: Subtask goodbye_task
[2022-11-16 01:34:47,495] {standard_task_runner.py:52} INFO - Started process 435 to run task
[2022-11-16 01:34:53,335] {logging_mixin.py:104} INFO - Running <TaskInstance: hello_world.goodbye_task 2022-03-10T00:00:00+00:00 [running]> on host 001906ffd7c9
[2022-11-16 01:35:00,933] {taskinstance.py:1257} INFO - Exporting the following env vars:
AIRFLOW_CTX_DAG_OWNER=airflow
AIRFLOW_CTX_DAG_ID=hello_world
AIRFLOW_CTX_TASK_ID=goodbye_task
AIRFLOW_CTX_EXECUTION_DATE=2022-03-10T00:00:00+00:00
AIRFLOW_CTX_DAG_RUN_ID=scheduled__2022-03-10T00:00:00+00:00
[2022-11-16 01:35:01,164] {logging_mixin.py:104} INFO - bye all
[2022-11-16 01:35:01,211] {python.py:118} INFO - Done. Returned value was: bye
[2022-11-16 01:35:05,250] {taskinstance.py:1166} INFO - Marking task as SUCCESS. dag_id=hello_world, task_id=goodbye_task, execution_date=20220310T000000, start_date=20221116T013444, end_date=20221116T013505
[2022-11-16 01:35:09,527] {taskinstance.py:1220} INFO - 0 downstream tasks scheduled from follow-on schedule check
[2022-11-16 01:35:10,008] {local_task_job.py:146} INFO - Task exited with return code 0
