[2022-11-16 01:32:54,712] {taskinstance.py:851} INFO - Dependencies all met for <TaskInstance: hello_world.hello_task 2022-02-28T00:00:00+00:00 [queued]>
[2022-11-16 01:33:01,593] {taskinstance.py:851} INFO - Dependencies all met for <TaskInstance: hello_world.hello_task 2022-02-28T00:00:00+00:00 [queued]>
[2022-11-16 01:33:01,833] {taskinstance.py:1042} INFO - 
--------------------------------------------------------------------------------
[2022-11-16 01:33:01,867] {taskinstance.py:1043} INFO - Starting attempt 1 of 1
[2022-11-16 01:33:01,981] {taskinstance.py:1044} INFO - 
--------------------------------------------------------------------------------
[2022-11-16 01:33:05,184] {taskinstance.py:1063} INFO - Executing <Task(PythonOperator): hello_task> on 2022-02-28T00:00:00+00:00
[2022-11-16 01:33:06,453] {standard_task_runner.py:52} INFO - Started process 353 to run task
[2022-11-16 01:33:07,814] {standard_task_runner.py:76} INFO - Running: ['airflow', 'tasks', 'run', 'hello_world', 'hello_task', '2022-02-28T00:00:00+00:00', '--job-id', '66', '--pool', 'default_pool', '--raw', '--subdir', 'DAGS_FOLDER/index.py', '--cfg-path', '/tmp/tmphwzjd458', '--error-file', '/tmp/tmpl9ougio5']
[2022-11-16 01:33:07,868] {standard_task_runner.py:77} INFO - Job 66: Subtask hello_task
[2022-11-16 01:33:12,377] {logging_mixin.py:104} INFO - Running <TaskInstance: hello_world.hello_task 2022-02-28T00:00:00+00:00 [running]> on host 001906ffd7c9
[2022-11-16 01:33:13,453] {taskinstance.py:1257} INFO - Exporting the following env vars:
AIRFLOW_CTX_DAG_OWNER=airflow
AIRFLOW_CTX_DAG_ID=hello_world
AIRFLOW_CTX_TASK_ID=hello_task
AIRFLOW_CTX_EXECUTION_DATE=2022-02-28T00:00:00+00:00
AIRFLOW_CTX_DAG_RUN_ID=scheduled__2022-02-28T00:00:00+00:00
[2022-11-16 01:33:13,487] {logging_mixin.py:104} INFO - hi everyone
[2022-11-16 01:33:13,516] {python.py:118} INFO - Done. Returned value was: hello world
[2022-11-16 01:33:14,909] {taskinstance.py:1166} INFO - Marking task as SUCCESS. dag_id=hello_world, task_id=hello_task, execution_date=20220228T000000, start_date=20221116T013255, end_date=20221116T013314
[2022-11-16 01:33:16,441] {taskinstance.py:1220} INFO - 0 downstream tasks scheduled from follow-on schedule check
[2022-11-16 01:33:16,746] {local_task_job.py:146} INFO - Task exited with return code 0
