[2022-11-16 01:29:23,636] {taskinstance.py:851} INFO - Dependencies all met for <TaskInstance: hello_world.hello_task 2022-02-11T00:00:00+00:00 [queued]>
[2022-11-16 01:29:26,921] {taskinstance.py:851} INFO - Dependencies all met for <TaskInstance: hello_world.hello_task 2022-02-11T00:00:00+00:00 [queued]>
[2022-11-16 01:29:26,975] {taskinstance.py:1042} INFO - 
--------------------------------------------------------------------------------
[2022-11-16 01:29:26,986] {taskinstance.py:1043} INFO - Starting attempt 1 of 1
[2022-11-16 01:29:27,050] {taskinstance.py:1044} INFO - 
--------------------------------------------------------------------------------
[2022-11-16 01:29:27,514] {taskinstance.py:1063} INFO - Executing <Task(PythonOperator): hello_task> on 2022-02-11T00:00:00+00:00
[2022-11-16 01:29:27,737] {standard_task_runner.py:52} INFO - Started process 257 to run task
[2022-11-16 01:29:28,033] {standard_task_runner.py:76} INFO - Running: ['airflow', 'tasks', 'run', 'hello_world', 'hello_task', '2022-02-11T00:00:00+00:00', '--job-id', '43', '--pool', 'default_pool', '--raw', '--subdir', 'DAGS_FOLDER/index.py', '--cfg-path', '/tmp/tmpiv0luq3z', '--error-file', '/tmp/tmp2282bzdx']
[2022-11-16 01:29:28,078] {standard_task_runner.py:77} INFO - Job 43: Subtask hello_task
[2022-11-16 01:29:30,188] {logging_mixin.py:104} INFO - Running <TaskInstance: hello_world.hello_task 2022-02-11T00:00:00+00:00 [running]> on host 001906ffd7c9
[2022-11-16 01:29:32,584] {taskinstance.py:1257} INFO - Exporting the following env vars:
AIRFLOW_CTX_DAG_OWNER=airflow
AIRFLOW_CTX_DAG_ID=hello_world
AIRFLOW_CTX_TASK_ID=hello_task
AIRFLOW_CTX_EXECUTION_DATE=2022-02-11T00:00:00+00:00
AIRFLOW_CTX_DAG_RUN_ID=scheduled__2022-02-11T00:00:00+00:00
[2022-11-16 01:29:32,651] {logging_mixin.py:104} INFO - hi everyone
[2022-11-16 01:29:32,672] {python.py:118} INFO - Done. Returned value was: hello world
[2022-11-16 01:29:34,432] {taskinstance.py:1166} INFO - Marking task as SUCCESS. dag_id=hello_world, task_id=hello_task, execution_date=20220211T000000, start_date=20221116T012923, end_date=20221116T012934
[2022-11-16 01:29:37,853] {taskinstance.py:1220} INFO - 0 downstream tasks scheduled from follow-on schedule check
[2022-11-16 01:29:38,837] {local_task_job.py:146} INFO - Task exited with return code 0
