[2022-11-16 01:31:01,938] {taskinstance.py:851} INFO - Dependencies all met for <TaskInstance: hello_world.hello_task 2022-02-24T00:00:00+00:00 [queued]>
[2022-11-16 01:31:03,254] {taskinstance.py:851} INFO - Dependencies all met for <TaskInstance: hello_world.hello_task 2022-02-24T00:00:00+00:00 [queued]>
[2022-11-16 01:31:03,282] {taskinstance.py:1042} INFO - 
--------------------------------------------------------------------------------
[2022-11-16 01:31:03,304] {taskinstance.py:1043} INFO - Starting attempt 1 of 1
[2022-11-16 01:31:03,374] {taskinstance.py:1044} INFO - 
--------------------------------------------------------------------------------
[2022-11-16 01:31:04,573] {taskinstance.py:1063} INFO - Executing <Task(PythonOperator): hello_task> on 2022-02-24T00:00:00+00:00
[2022-11-16 01:31:04,700] {standard_task_runner.py:52} INFO - Started process 301 to run task
[2022-11-16 01:31:04,986] {standard_task_runner.py:76} INFO - Running: ['airflow', 'tasks', 'run', 'hello_world', 'hello_task', '2022-02-24T00:00:00+00:00', '--job-id', '54', '--pool', 'default_pool', '--raw', '--subdir', 'DAGS_FOLDER/index.py', '--cfg-path', '/tmp/tmp112139eu', '--error-file', '/tmp/tmp89ct7h8k']
[2022-11-16 01:31:05,049] {standard_task_runner.py:77} INFO - Job 54: Subtask hello_task
[2022-11-16 01:31:07,279] {logging_mixin.py:104} INFO - Running <TaskInstance: hello_world.hello_task 2022-02-24T00:00:00+00:00 [running]> on host 001906ffd7c9
[2022-11-16 01:31:12,876] {taskinstance.py:1257} INFO - Exporting the following env vars:
AIRFLOW_CTX_DAG_OWNER=airflow
AIRFLOW_CTX_DAG_ID=hello_world
AIRFLOW_CTX_TASK_ID=hello_task
AIRFLOW_CTX_EXECUTION_DATE=2022-02-24T00:00:00+00:00
AIRFLOW_CTX_DAG_RUN_ID=scheduled__2022-02-24T00:00:00+00:00
[2022-11-16 01:31:12,918] {logging_mixin.py:104} INFO - hi everyone
[2022-11-16 01:31:12,935] {python.py:118} INFO - Done. Returned value was: hello world
[2022-11-16 01:31:14,777] {taskinstance.py:1166} INFO - Marking task as SUCCESS. dag_id=hello_world, task_id=hello_task, execution_date=20220224T000000, start_date=20221116T013101, end_date=20221116T013114
[2022-11-16 01:31:17,842] {local_task_job.py:188} WARNING - State of this instance has been externally set to success. Terminating instance.
[2022-11-16 01:31:18,015] {process_utils.py:100} INFO - Sending Signals.SIGTERM to GPID 301
[2022-11-16 01:31:18,205] {taskinstance.py:1239} ERROR - Received SIGTERM. Terminating subprocesses.
[2022-11-16 01:31:19,677] {process_utils.py:66} INFO - Process psutil.Process(pid=301, status='terminated', exitcode=1, started='01:31:03') (301) terminated with exit code 1
