[2022-11-16 01:27:11,685] {taskinstance.py:851} INFO - Dependencies all met for <TaskInstance: hello_world.hello_task 2022-01-19T00:00:00+00:00 [queued]>
[2022-11-16 01:27:12,067] {taskinstance.py:851} INFO - Dependencies all met for <TaskInstance: hello_world.hello_task 2022-01-19T00:00:00+00:00 [queued]>
[2022-11-16 01:27:12,080] {taskinstance.py:1042} INFO - 
--------------------------------------------------------------------------------
[2022-11-16 01:27:12,090] {taskinstance.py:1043} INFO - Starting attempt 1 of 1
[2022-11-16 01:27:12,115] {taskinstance.py:1044} INFO - 
--------------------------------------------------------------------------------
[2022-11-16 01:27:12,804] {taskinstance.py:1063} INFO - Executing <Task(PythonOperator): hello_task> on 2022-01-19T00:00:00+00:00
[2022-11-16 01:27:12,970] {standard_task_runner.py:52} INFO - Started process 161 to run task
[2022-11-16 01:27:13,248] {standard_task_runner.py:76} INFO - Running: ['airflow', 'tasks', 'run', 'hello_world', 'hello_task', '2022-01-19T00:00:00+00:00', '--job-id', '20', '--pool', 'default_pool', '--raw', '--subdir', 'DAGS_FOLDER/index.py', '--cfg-path', '/tmp/tmpe11xuzro', '--error-file', '/tmp/tmpd5t8j8fa']
[2022-11-16 01:27:13,295] {standard_task_runner.py:77} INFO - Job 20: Subtask hello_task
[2022-11-16 01:27:16,192] {logging_mixin.py:104} INFO - Running <TaskInstance: hello_world.hello_task 2022-01-19T00:00:00+00:00 [running]> on host 001906ffd7c9
[2022-11-16 01:27:19,325] {taskinstance.py:1257} INFO - Exporting the following env vars:
AIRFLOW_CTX_DAG_OWNER=airflow
AIRFLOW_CTX_DAG_ID=hello_world
AIRFLOW_CTX_TASK_ID=hello_task
AIRFLOW_CTX_EXECUTION_DATE=2022-01-19T00:00:00+00:00
AIRFLOW_CTX_DAG_RUN_ID=scheduled__2022-01-19T00:00:00+00:00
[2022-11-16 01:27:19,514] {logging_mixin.py:104} INFO - hi everyone
[2022-11-16 01:27:19,526] {python.py:118} INFO - Done. Returned value was: hello world
[2022-11-16 01:27:20,644] {taskinstance.py:1166} INFO - Marking task as SUCCESS. dag_id=hello_world, task_id=hello_task, execution_date=20220119T000000, start_date=20221116T012711, end_date=20221116T012720
[2022-11-16 01:27:22,186] {taskinstance.py:1220} INFO - 0 downstream tasks scheduled from follow-on schedule check
[2022-11-16 01:27:22,669] {local_task_job.py:146} INFO - Task exited with return code 0
