[2022-11-16 01:27:10,887] {taskinstance.py:851} INFO - Dependencies all met for <TaskInstance: hello_world.hello_task 2022-01-20T00:00:00+00:00 [queued]>
[2022-11-16 01:27:11,717] {taskinstance.py:851} INFO - Dependencies all met for <TaskInstance: hello_world.hello_task 2022-01-20T00:00:00+00:00 [queued]>
[2022-11-16 01:27:11,747] {taskinstance.py:1042} INFO - 
--------------------------------------------------------------------------------
[2022-11-16 01:27:11,769] {taskinstance.py:1043} INFO - Starting attempt 1 of 1
[2022-11-16 01:27:11,773] {taskinstance.py:1044} INFO - 
--------------------------------------------------------------------------------
[2022-11-16 01:27:12,044] {taskinstance.py:1063} INFO - Executing <Task(PythonOperator): hello_task> on 2022-01-20T00:00:00+00:00
[2022-11-16 01:27:12,112] {standard_task_runner.py:52} INFO - Started process 159 to run task
[2022-11-16 01:27:12,354] {standard_task_runner.py:76} INFO - Running: ['airflow', 'tasks', 'run', 'hello_world', 'hello_task', '2022-01-20T00:00:00+00:00', '--job-id', '19', '--pool', 'default_pool', '--raw', '--subdir', 'DAGS_FOLDER/index.py', '--cfg-path', '/tmp/tmpcvhq2tl3', '--error-file', '/tmp/tmp5u7sk6hm']
[2022-11-16 01:27:12,382] {standard_task_runner.py:77} INFO - Job 19: Subtask hello_task
[2022-11-16 01:27:15,791] {logging_mixin.py:104} INFO - Running <TaskInstance: hello_world.hello_task 2022-01-20T00:00:00+00:00 [running]> on host 001906ffd7c9
[2022-11-16 01:27:18,744] {taskinstance.py:1257} INFO - Exporting the following env vars:
AIRFLOW_CTX_DAG_OWNER=airflow
AIRFLOW_CTX_DAG_ID=hello_world
AIRFLOW_CTX_TASK_ID=hello_task
AIRFLOW_CTX_EXECUTION_DATE=2022-01-20T00:00:00+00:00
AIRFLOW_CTX_DAG_RUN_ID=scheduled__2022-01-20T00:00:00+00:00
[2022-11-16 01:27:18,880] {logging_mixin.py:104} INFO - hi everyone
[2022-11-16 01:27:18,919] {python.py:118} INFO - Done. Returned value was: hello world
[2022-11-16 01:27:19,974] {taskinstance.py:1166} INFO - Marking task as SUCCESS. dag_id=hello_world, task_id=hello_task, execution_date=20220120T000000, start_date=20221116T012711, end_date=20221116T012719
[2022-11-16 01:27:21,280] {taskinstance.py:1220} INFO - 0 downstream tasks scheduled from follow-on schedule check
[2022-11-16 01:27:21,992] {local_task_job.py:146} INFO - Task exited with return code 0
