[2022-11-16 01:37:02,722] {taskinstance.py:851} INFO - Dependencies all met for <TaskInstance: hello_world.goodbye_task 2022-03-23T00:00:00+00:00 [queued]>
[2022-11-16 01:37:05,086] {taskinstance.py:851} INFO - Dependencies all met for <TaskInstance: hello_world.goodbye_task 2022-03-23T00:00:00+00:00 [queued]>
[2022-11-16 01:37:05,145] {taskinstance.py:1042} INFO - 
--------------------------------------------------------------------------------
[2022-11-16 01:37:05,164] {taskinstance.py:1043} INFO - Starting attempt 1 of 1
[2022-11-16 01:37:05,240] {taskinstance.py:1044} INFO - 
--------------------------------------------------------------------------------
[2022-11-16 01:37:07,063] {taskinstance.py:1063} INFO - Executing <Task(PythonOperator): goodbye_task> on 2022-03-23T00:00:00+00:00
[2022-11-16 01:37:07,187] {standard_task_runner.py:52} INFO - Started process 531 to run task
[2022-11-16 01:37:07,438] {standard_task_runner.py:76} INFO - Running: ['airflow', 'tasks', 'run', 'hello_world', 'goodbye_task', '2022-03-23T00:00:00+00:00', '--job-id', '113', '--pool', 'default_pool', '--raw', '--subdir', 'DAGS_FOLDER/index.py', '--cfg-path', '/tmp/tmpkjw_tl3h', '--error-file', '/tmp/tmprx8r5r_b']
[2022-11-16 01:37:07,514] {standard_task_runner.py:77} INFO - Job 113: Subtask goodbye_task
[2022-11-16 01:37:09,681] {logging_mixin.py:104} INFO - Running <TaskInstance: hello_world.goodbye_task 2022-03-23T00:00:00+00:00 [running]> on host 001906ffd7c9
[2022-11-16 01:37:12,514] {taskinstance.py:1257} INFO - Exporting the following env vars:
AIRFLOW_CTX_DAG_OWNER=airflow
AIRFLOW_CTX_DAG_ID=hello_world
AIRFLOW_CTX_TASK_ID=goodbye_task
AIRFLOW_CTX_EXECUTION_DATE=2022-03-23T00:00:00+00:00
AIRFLOW_CTX_DAG_RUN_ID=scheduled__2022-03-23T00:00:00+00:00
[2022-11-16 01:37:12,560] {logging_mixin.py:104} INFO - bye all
[2022-11-16 01:37:12,568] {python.py:118} INFO - Done. Returned value was: bye
[2022-11-16 01:37:13,295] {taskinstance.py:1166} INFO - Marking task as SUCCESS. dag_id=hello_world, task_id=goodbye_task, execution_date=20220323T000000, start_date=20221116T013702, end_date=20221116T013713
[2022-11-16 01:37:15,120] {taskinstance.py:1220} INFO - 0 downstream tasks scheduled from follow-on schedule check
[2022-11-16 01:37:15,619] {local_task_job.py:146} INFO - Task exited with return code 0
