[2022-11-16 01:28:51,898] {taskinstance.py:851} INFO - Dependencies all met for <TaskInstance: hello_world.hello_task 2022-02-05T00:00:00+00:00 [queued]>
[2022-11-16 01:28:52,897] {taskinstance.py:851} INFO - Dependencies all met for <TaskInstance: hello_world.hello_task 2022-02-05T00:00:00+00:00 [queued]>
[2022-11-16 01:28:52,916] {taskinstance.py:1042} INFO - 
--------------------------------------------------------------------------------
[2022-11-16 01:28:52,924] {taskinstance.py:1043} INFO - Starting attempt 1 of 1
[2022-11-16 01:28:52,931] {taskinstance.py:1044} INFO - 
--------------------------------------------------------------------------------
[2022-11-16 01:28:53,913] {taskinstance.py:1063} INFO - Executing <Task(PythonOperator): hello_task> on 2022-02-05T00:00:00+00:00
[2022-11-16 01:28:54,094] {standard_task_runner.py:52} INFO - Started process 233 to run task
[2022-11-16 01:28:54,471] {standard_task_runner.py:76} INFO - Running: ['airflow', 'tasks', 'run', 'hello_world', 'hello_task', '2022-02-05T00:00:00+00:00', '--job-id', '37', '--pool', 'default_pool', '--raw', '--subdir', 'DAGS_FOLDER/index.py', '--cfg-path', '/tmp/tmprgy5vltz', '--error-file', '/tmp/tmpl27_pui7']
[2022-11-16 01:28:54,512] {standard_task_runner.py:77} INFO - Job 37: Subtask hello_task
[2022-11-16 01:29:00,179] {logging_mixin.py:104} INFO - Running <TaskInstance: hello_world.hello_task 2022-02-05T00:00:00+00:00 [running]> on host 001906ffd7c9
[2022-11-16 01:29:01,504] {taskinstance.py:1257} INFO - Exporting the following env vars:
AIRFLOW_CTX_DAG_OWNER=airflow
AIRFLOW_CTX_DAG_ID=hello_world
AIRFLOW_CTX_TASK_ID=hello_task
AIRFLOW_CTX_EXECUTION_DATE=2022-02-05T00:00:00+00:00
AIRFLOW_CTX_DAG_RUN_ID=scheduled__2022-02-05T00:00:00+00:00
[2022-11-16 01:29:01,564] {logging_mixin.py:104} INFO - hi everyone
[2022-11-16 01:29:01,577] {python.py:118} INFO - Done. Returned value was: hello world
[2022-11-16 01:29:03,265] {taskinstance.py:1166} INFO - Marking task as SUCCESS. dag_id=hello_world, task_id=hello_task, execution_date=20220205T000000, start_date=20221116T012851, end_date=20221116T012903
[2022-11-16 01:29:09,640] {taskinstance.py:1220} INFO - 0 downstream tasks scheduled from follow-on schedule check
[2022-11-16 01:29:11,166] {local_task_job.py:188} WARNING - State of this instance has been externally set to success. Terminating instance.
[2022-11-16 01:29:11,598] {process_utils.py:100} INFO - Sending Signals.SIGTERM to GPID 233
[2022-11-16 01:29:11,632] {process_utils.py:66} INFO - Process psutil.Process(pid=233, status='terminated', exitcode=0, started='01:28:53') (233) terminated with exit code 0
