[2022-11-16 01:33:01,215] {taskinstance.py:851} INFO - Dependencies all met for <TaskInstance: hello_world.goodbye_task 2022-02-25T00:00:00+00:00 [queued]>
[2022-11-16 01:33:04,688] {taskinstance.py:851} INFO - Dependencies all met for <TaskInstance: hello_world.goodbye_task 2022-02-25T00:00:00+00:00 [queued]>
[2022-11-16 01:33:04,747] {taskinstance.py:1042} INFO - 
--------------------------------------------------------------------------------
[2022-11-16 01:33:04,756] {taskinstance.py:1043} INFO - Starting attempt 1 of 1
[2022-11-16 01:33:04,759] {taskinstance.py:1044} INFO - 
--------------------------------------------------------------------------------
[2022-11-16 01:33:08,826] {taskinstance.py:1063} INFO - Executing <Task(PythonOperator): goodbye_task> on 2022-02-25T00:00:00+00:00
[2022-11-16 01:33:09,503] {standard_task_runner.py:52} INFO - Started process 355 to run task
[2022-11-16 01:33:09,932] {standard_task_runner.py:76} INFO - Running: ['airflow', 'tasks', 'run', 'hello_world', 'goodbye_task', '2022-02-25T00:00:00+00:00', '--job-id', '68', '--pool', 'default_pool', '--raw', '--subdir', 'DAGS_FOLDER/index.py', '--cfg-path', '/tmp/tmpy1vj6prn', '--error-file', '/tmp/tmpnig365ei']
[2022-11-16 01:33:10,012] {standard_task_runner.py:77} INFO - Job 68: Subtask goodbye_task
[2022-11-16 01:33:12,968] {logging_mixin.py:104} INFO - Running <TaskInstance: hello_world.goodbye_task 2022-02-25T00:00:00+00:00 [running]> on host 001906ffd7c9
[2022-11-16 01:33:15,035] {taskinstance.py:1257} INFO - Exporting the following env vars:
AIRFLOW_CTX_DAG_OWNER=airflow
AIRFLOW_CTX_DAG_ID=hello_world
AIRFLOW_CTX_TASK_ID=goodbye_task
AIRFLOW_CTX_EXECUTION_DATE=2022-02-25T00:00:00+00:00
AIRFLOW_CTX_DAG_RUN_ID=scheduled__2022-02-25T00:00:00+00:00
[2022-11-16 01:33:15,063] {logging_mixin.py:104} INFO - bye all
[2022-11-16 01:33:15,093] {python.py:118} INFO - Done. Returned value was: bye
[2022-11-16 01:33:15,796] {taskinstance.py:1166} INFO - Marking task as SUCCESS. dag_id=hello_world, task_id=goodbye_task, execution_date=20220225T000000, start_date=20221116T013302, end_date=20221116T013315
[2022-11-16 01:33:16,397] {taskinstance.py:1220} INFO - 0 downstream tasks scheduled from follow-on schedule check
[2022-11-16 01:33:16,813] {local_task_job.py:146} INFO - Task exited with return code 0
