[2022-11-16 01:26:58,323] {taskinstance.py:851} INFO - Dependencies all met for <TaskInstance: hello_world.hello_task 2022-01-14T00:00:00+00:00 [queued]>
[2022-11-16 01:27:00,721] {taskinstance.py:851} INFO - Dependencies all met for <TaskInstance: hello_world.hello_task 2022-01-14T00:00:00+00:00 [queued]>
[2022-11-16 01:27:00,827] {taskinstance.py:1042} INFO - 
--------------------------------------------------------------------------------
[2022-11-16 01:27:00,860] {taskinstance.py:1043} INFO - Starting attempt 1 of 1
[2022-11-16 01:27:00,878] {taskinstance.py:1044} INFO - 
--------------------------------------------------------------------------------
[2022-11-16 01:27:02,156] {taskinstance.py:1063} INFO - Executing <Task(PythonOperator): hello_task> on 2022-01-14T00:00:00+00:00
[2022-11-16 01:27:02,735] {standard_task_runner.py:76} INFO - Running: ['airflow', 'tasks', 'run', 'hello_world', 'hello_task', '2022-01-14T00:00:00+00:00', '--job-id', '15', '--pool', 'default_pool', '--raw', '--subdir', 'DAGS_FOLDER/index.py', '--cfg-path', '/tmp/tmpld01hv0c', '--error-file', '/tmp/tmpgfxj6779']
[2022-11-16 01:27:02,745] {standard_task_runner.py:77} INFO - Job 15: Subtask hello_task
[2022-11-16 01:27:02,515] {standard_task_runner.py:52} INFO - Started process 151 to run task
[2022-11-16 01:27:06,034] {logging_mixin.py:104} INFO - Running <TaskInstance: hello_world.hello_task 2022-01-14T00:00:00+00:00 [running]> on host 001906ffd7c9
[2022-11-16 01:27:08,468] {taskinstance.py:1257} INFO - Exporting the following env vars:
AIRFLOW_CTX_DAG_OWNER=airflow
AIRFLOW_CTX_DAG_ID=hello_world
AIRFLOW_CTX_TASK_ID=hello_task
AIRFLOW_CTX_EXECUTION_DATE=2022-01-14T00:00:00+00:00
AIRFLOW_CTX_DAG_RUN_ID=scheduled__2022-01-14T00:00:00+00:00
[2022-11-16 01:27:08,528] {logging_mixin.py:104} INFO - hi everyone
[2022-11-16 01:27:08,540] {python.py:118} INFO - Done. Returned value was: hello world
[2022-11-16 01:27:09,257] {taskinstance.py:1166} INFO - Marking task as SUCCESS. dag_id=hello_world, task_id=hello_task, execution_date=20220114T000000, start_date=20221116T012658, end_date=20221116T012709
[2022-11-16 01:27:11,180] {taskinstance.py:1220} INFO - 0 downstream tasks scheduled from follow-on schedule check
[2022-11-16 01:27:11,707] {local_task_job.py:146} INFO - Task exited with return code 0
