[2022-11-16 01:36:58,068] {taskinstance.py:851} INFO - Dependencies all met for <TaskInstance: hello_world.goodbye_task 2022-03-22T00:00:00+00:00 [queued]>
[2022-11-16 01:36:59,630] {taskinstance.py:851} INFO - Dependencies all met for <TaskInstance: hello_world.goodbye_task 2022-03-22T00:00:00+00:00 [queued]>
[2022-11-16 01:36:59,677] {taskinstance.py:1042} INFO - 
--------------------------------------------------------------------------------
[2022-11-16 01:36:59,697] {taskinstance.py:1043} INFO - Starting attempt 1 of 1
[2022-11-16 01:36:59,702] {taskinstance.py:1044} INFO - 
--------------------------------------------------------------------------------
[2022-11-16 01:37:00,596] {taskinstance.py:1063} INFO - Executing <Task(PythonOperator): goodbye_task> on 2022-03-22T00:00:00+00:00
[2022-11-16 01:37:00,889] {standard_task_runner.py:52} INFO - Started process 523 to run task
[2022-11-16 01:37:01,384] {standard_task_runner.py:76} INFO - Running: ['airflow', 'tasks', 'run', 'hello_world', 'goodbye_task', '2022-03-22T00:00:00+00:00', '--job-id', '111', '--pool', 'default_pool', '--raw', '--subdir', 'DAGS_FOLDER/index.py', '--cfg-path', '/tmp/tmpx30xmxac', '--error-file', '/tmp/tmpuifypxi7']
[2022-11-16 01:37:01,398] {standard_task_runner.py:77} INFO - Job 111: Subtask goodbye_task
[2022-11-16 01:37:05,195] {logging_mixin.py:104} INFO - Running <TaskInstance: hello_world.goodbye_task 2022-03-22T00:00:00+00:00 [running]> on host 001906ffd7c9
[2022-11-16 01:37:09,097] {taskinstance.py:1257} INFO - Exporting the following env vars:
AIRFLOW_CTX_DAG_OWNER=airflow
AIRFLOW_CTX_DAG_ID=hello_world
AIRFLOW_CTX_TASK_ID=goodbye_task
AIRFLOW_CTX_EXECUTION_DATE=2022-03-22T00:00:00+00:00
AIRFLOW_CTX_DAG_RUN_ID=scheduled__2022-03-22T00:00:00+00:00
[2022-11-16 01:37:09,213] {logging_mixin.py:104} INFO - bye all
[2022-11-16 01:37:09,228] {python.py:118} INFO - Done. Returned value was: bye
[2022-11-16 01:37:10,183] {taskinstance.py:1166} INFO - Marking task as SUCCESS. dag_id=hello_world, task_id=goodbye_task, execution_date=20220322T000000, start_date=20221116T013658, end_date=20221116T013710
[2022-11-16 01:37:12,093] {taskinstance.py:1220} INFO - 0 downstream tasks scheduled from follow-on schedule check
[2022-11-16 01:37:12,951] {local_task_job.py:146} INFO - Task exited with return code 0
