[2022-11-16 01:31:36,981] {taskinstance.py:851} INFO - Dependencies all met for <TaskInstance: hello_world.goodbye_task 2022-02-16T00:00:00+00:00 [queued]>
[2022-11-16 01:31:37,824] {taskinstance.py:851} INFO - Dependencies all met for <TaskInstance: hello_world.goodbye_task 2022-02-16T00:00:00+00:00 [queued]>
[2022-11-16 01:31:37,875] {taskinstance.py:1042} INFO - 
--------------------------------------------------------------------------------
[2022-11-16 01:31:37,897] {taskinstance.py:1043} INFO - Starting attempt 1 of 1
[2022-11-16 01:31:37,933] {taskinstance.py:1044} INFO - 
--------------------------------------------------------------------------------
[2022-11-16 01:31:40,442] {taskinstance.py:1063} INFO - Executing <Task(PythonOperator): goodbye_task> on 2022-02-16T00:00:00+00:00
[2022-11-16 01:31:40,485] {standard_task_runner.py:52} INFO - Started process 333 to run task
[2022-11-16 01:31:40,596] {standard_task_runner.py:76} INFO - Running: ['airflow', 'tasks', 'run', 'hello_world', 'goodbye_task', '2022-02-16T00:00:00+00:00', '--job-id', '59', '--pool', 'default_pool', '--raw', '--subdir', 'DAGS_FOLDER/index.py', '--cfg-path', '/tmp/tmpkpbslbgz', '--error-file', '/tmp/tmp9a861e44']
[2022-11-16 01:31:40,605] {standard_task_runner.py:77} INFO - Job 59: Subtask goodbye_task
[2022-11-16 01:31:42,972] {logging_mixin.py:104} INFO - Running <TaskInstance: hello_world.goodbye_task 2022-02-16T00:00:00+00:00 [running]> on host 001906ffd7c9
[2022-11-16 01:31:53,630] {taskinstance.py:1257} INFO - Exporting the following env vars:
AIRFLOW_CTX_DAG_OWNER=airflow
AIRFLOW_CTX_DAG_ID=hello_world
AIRFLOW_CTX_TASK_ID=goodbye_task
AIRFLOW_CTX_EXECUTION_DATE=2022-02-16T00:00:00+00:00
AIRFLOW_CTX_DAG_RUN_ID=scheduled__2022-02-16T00:00:00+00:00
[2022-11-16 01:31:53,740] {logging_mixin.py:104} INFO - bye all
[2022-11-16 01:31:53,773] {python.py:118} INFO - Done. Returned value was: bye
[2022-11-16 01:31:55,376] {taskinstance.py:1166} INFO - Marking task as SUCCESS. dag_id=hello_world, task_id=goodbye_task, execution_date=20220216T000000, start_date=20221116T013136, end_date=20221116T013155
[2022-11-16 01:31:59,763] {taskinstance.py:1220} INFO - 0 downstream tasks scheduled from follow-on schedule check
[2022-11-16 01:32:03,840] {local_task_job.py:146} INFO - Task exited with return code 0
