[2022-11-16 01:27:43,745] {taskinstance.py:851} INFO - Dependencies all met for <TaskInstance: hello_world.hello_task 2022-01-27T00:00:00+00:00 [queued]>
[2022-11-16 01:27:44,739] {taskinstance.py:851} INFO - Dependencies all met for <TaskInstance: hello_world.hello_task 2022-01-27T00:00:00+00:00 [queued]>
[2022-11-16 01:27:44,791] {taskinstance.py:1042} INFO - 
--------------------------------------------------------------------------------
[2022-11-16 01:27:44,798] {taskinstance.py:1043} INFO - Starting attempt 1 of 1
[2022-11-16 01:27:44,806] {taskinstance.py:1044} INFO - 
--------------------------------------------------------------------------------
[2022-11-16 01:27:45,580] {taskinstance.py:1063} INFO - Executing <Task(PythonOperator): hello_task> on 2022-01-27T00:00:00+00:00
[2022-11-16 01:27:45,851] {standard_task_runner.py:76} INFO - Running: ['airflow', 'tasks', 'run', 'hello_world', 'hello_task', '2022-01-27T00:00:00+00:00', '--job-id', '28', '--pool', 'default_pool', '--raw', '--subdir', 'DAGS_FOLDER/index.py', '--cfg-path', '/tmp/tmphd0d8j24', '--error-file', '/tmp/tmp_i2a6j0m']
[2022-11-16 01:27:45,875] {standard_task_runner.py:77} INFO - Job 28: Subtask hello_task
[2022-11-16 01:27:45,710] {standard_task_runner.py:52} INFO - Started process 191 to run task
[2022-11-16 01:27:48,934] {logging_mixin.py:104} INFO - Running <TaskInstance: hello_world.hello_task 2022-01-27T00:00:00+00:00 [running]> on host 001906ffd7c9
[2022-11-16 01:27:51,593] {taskinstance.py:1257} INFO - Exporting the following env vars:
AIRFLOW_CTX_DAG_OWNER=airflow
AIRFLOW_CTX_DAG_ID=hello_world
AIRFLOW_CTX_TASK_ID=hello_task
AIRFLOW_CTX_EXECUTION_DATE=2022-01-27T00:00:00+00:00
AIRFLOW_CTX_DAG_RUN_ID=scheduled__2022-01-27T00:00:00+00:00
[2022-11-16 01:27:52,037] {logging_mixin.py:104} INFO - hi everyone
[2022-11-16 01:27:52,065] {python.py:118} INFO - Done. Returned value was: hello world
[2022-11-16 01:27:53,581] {taskinstance.py:1166} INFO - Marking task as SUCCESS. dag_id=hello_world, task_id=hello_task, execution_date=20220127T000000, start_date=20221116T012743, end_date=20221116T012753
[2022-11-16 01:27:54,599] {taskinstance.py:1220} INFO - 0 downstream tasks scheduled from follow-on schedule check
[2022-11-16 01:27:55,186] {local_task_job.py:146} INFO - Task exited with return code 0
