[2022-11-16 01:36:34,983] {taskinstance.py:851} INFO - Dependencies all met for <TaskInstance: hello_world.goodbye_task 2022-03-20T00:00:00+00:00 [queued]>
[2022-11-16 01:36:38,747] {taskinstance.py:851} INFO - Dependencies all met for <TaskInstance: hello_world.goodbye_task 2022-03-20T00:00:00+00:00 [queued]>
[2022-11-16 01:36:38,823] {taskinstance.py:1042} INFO - 
--------------------------------------------------------------------------------
[2022-11-16 01:36:38,836] {taskinstance.py:1043} INFO - Starting attempt 1 of 1
[2022-11-16 01:36:38,849] {taskinstance.py:1044} INFO - 
--------------------------------------------------------------------------------
[2022-11-16 01:36:40,039] {taskinstance.py:1063} INFO - Executing <Task(PythonOperator): goodbye_task> on 2022-03-20T00:00:00+00:00
[2022-11-16 01:36:40,227] {standard_task_runner.py:52} INFO - Started process 509 to run task
[2022-11-16 01:36:40,413] {standard_task_runner.py:76} INFO - Running: ['airflow', 'tasks', 'run', 'hello_world', 'goodbye_task', '2022-03-20T00:00:00+00:00', '--job-id', '106', '--pool', 'default_pool', '--raw', '--subdir', 'DAGS_FOLDER/index.py', '--cfg-path', '/tmp/tmpj5926iy7', '--error-file', '/tmp/tmpwdpuerbh']
[2022-11-16 01:36:40,429] {standard_task_runner.py:77} INFO - Job 106: Subtask goodbye_task
[2022-11-16 01:36:41,634] {logging_mixin.py:104} INFO - Running <TaskInstance: hello_world.goodbye_task 2022-03-20T00:00:00+00:00 [running]> on host 001906ffd7c9
[2022-11-16 01:36:42,760] {taskinstance.py:1257} INFO - Exporting the following env vars:
AIRFLOW_CTX_DAG_OWNER=airflow
AIRFLOW_CTX_DAG_ID=hello_world
AIRFLOW_CTX_TASK_ID=goodbye_task
AIRFLOW_CTX_EXECUTION_DATE=2022-03-20T00:00:00+00:00
AIRFLOW_CTX_DAG_RUN_ID=scheduled__2022-03-20T00:00:00+00:00
[2022-11-16 01:36:42,809] {logging_mixin.py:104} INFO - bye all
[2022-11-16 01:36:42,818] {python.py:118} INFO - Done. Returned value was: bye
[2022-11-16 01:36:43,926] {taskinstance.py:1166} INFO - Marking task as SUCCESS. dag_id=hello_world, task_id=goodbye_task, execution_date=20220320T000000, start_date=20221116T013635, end_date=20221116T013643
[2022-11-16 01:36:45,431] {taskinstance.py:1220} INFO - 0 downstream tasks scheduled from follow-on schedule check
[2022-11-16 01:36:49,749] {local_task_job.py:146} INFO - Task exited with return code 0
