[2022-11-17 23:43:35,931] {taskinstance.py:851} INFO - Dependencies all met for <TaskInstance: hello_dag.call_bye 2022-11-17T23:43:28.189304+00:00 [queued]>
[2022-11-17 23:43:36,053] {taskinstance.py:851} INFO - Dependencies all met for <TaskInstance: hello_dag.call_bye 2022-11-17T23:43:28.189304+00:00 [queued]>
[2022-11-17 23:43:36,063] {taskinstance.py:1042} INFO - 
--------------------------------------------------------------------------------
[2022-11-17 23:43:36,068] {taskinstance.py:1043} INFO - Starting attempt 1 of 1
[2022-11-17 23:43:36,072] {taskinstance.py:1044} INFO - 
--------------------------------------------------------------------------------
[2022-11-17 23:43:36,217] {taskinstance.py:1063} INFO - Executing <Task(PythonOperator): call_bye> on 2022-11-17T23:43:28.189304+00:00
[2022-11-17 23:43:36,281] {standard_task_runner.py:52} INFO - Started process 103 to run task
[2022-11-17 23:43:36,307] {standard_task_runner.py:76} INFO - Running: ['airflow', 'tasks', 'run', 'hello_dag', 'call_bye', '2022-11-17T23:43:28.189304+00:00', '--job-id', '350', '--pool', 'default_pool', '--raw', '--subdir', 'DAGS_FOLDER/index.py', '--cfg-path', '/tmp/tmpure0yj6t', '--error-file', '/tmp/tmparphmhgh']
[2022-11-17 23:43:36,311] {standard_task_runner.py:77} INFO - Job 350: Subtask call_bye
[2022-11-17 23:43:36,641] {logging_mixin.py:104} INFO - Running <TaskInstance: hello_dag.call_bye 2022-11-17T23:43:28.189304+00:00 [running]> on host 1d9aa7be56f4
[2022-11-17 23:43:36,832] {taskinstance.py:1257} INFO - Exporting the following env vars:
AIRFLOW_CTX_DAG_OWNER=airflow
AIRFLOW_CTX_DAG_ID=hello_dag
AIRFLOW_CTX_TASK_ID=call_bye
AIRFLOW_CTX_EXECUTION_DATE=2022-11-17T23:43:28.189304+00:00
AIRFLOW_CTX_DAG_RUN_ID=manual__2022-11-17T23:43:28.189304+00:00
[2022-11-17 23:43:36,839] {python.py:118} INFO - Done. Returned value was: bye everyone
[2022-11-17 23:43:36,953] {taskinstance.py:1166} INFO - Marking task as SUCCESS. dag_id=hello_dag, task_id=call_bye, execution_date=20221117T234328, start_date=20221117T234335, end_date=20221117T234336
[2022-11-17 23:43:37,047] {taskinstance.py:1220} INFO - 0 downstream tasks scheduled from follow-on schedule check
[2022-11-17 23:43:37,110] {local_task_job.py:146} INFO - Task exited with return code 0
