[2022-11-16 01:32:55,806] {taskinstance.py:851} INFO - Dependencies all met for <TaskInstance: hello_world.hello_task 2022-03-03T00:00:00+00:00 [queued]>
[2022-11-16 01:33:01,770] {taskinstance.py:851} INFO - Dependencies all met for <TaskInstance: hello_world.hello_task 2022-03-03T00:00:00+00:00 [queued]>
[2022-11-16 01:33:01,873] {taskinstance.py:1042} INFO - 
--------------------------------------------------------------------------------
[2022-11-16 01:33:01,903] {taskinstance.py:1043} INFO - Starting attempt 1 of 1
[2022-11-16 01:33:01,916] {taskinstance.py:1044} INFO - 
--------------------------------------------------------------------------------
[2022-11-16 01:33:04,653] {taskinstance.py:1063} INFO - Executing <Task(PythonOperator): hello_task> on 2022-03-03T00:00:00+00:00
[2022-11-16 01:33:04,887] {standard_task_runner.py:52} INFO - Started process 351 to run task
[2022-11-16 01:33:06,667] {standard_task_runner.py:76} INFO - Running: ['airflow', 'tasks', 'run', 'hello_world', 'hello_task', '2022-03-03T00:00:00+00:00', '--job-id', '65', '--pool', 'default_pool', '--raw', '--subdir', 'DAGS_FOLDER/index.py', '--cfg-path', '/tmp/tmp961kxavm', '--error-file', '/tmp/tmpnwvim9qy']
[2022-11-16 01:33:06,918] {standard_task_runner.py:77} INFO - Job 65: Subtask hello_task
[2022-11-16 01:33:11,308] {logging_mixin.py:104} INFO - Running <TaskInstance: hello_world.hello_task 2022-03-03T00:00:00+00:00 [running]> on host 001906ffd7c9
[2022-11-16 01:33:13,422] {taskinstance.py:1257} INFO - Exporting the following env vars:
AIRFLOW_CTX_DAG_OWNER=airflow
AIRFLOW_CTX_DAG_ID=hello_world
AIRFLOW_CTX_TASK_ID=hello_task
AIRFLOW_CTX_EXECUTION_DATE=2022-03-03T00:00:00+00:00
AIRFLOW_CTX_DAG_RUN_ID=scheduled__2022-03-03T00:00:00+00:00
[2022-11-16 01:33:13,447] {logging_mixin.py:104} INFO - hi everyone
[2022-11-16 01:33:13,462] {python.py:118} INFO - Done. Returned value was: hello world
[2022-11-16 01:33:14,180] {taskinstance.py:1166} INFO - Marking task as SUCCESS. dag_id=hello_world, task_id=hello_task, execution_date=20220303T000000, start_date=20221116T013256, end_date=20221116T013314
[2022-11-16 01:33:16,434] {taskinstance.py:1220} INFO - 0 downstream tasks scheduled from follow-on schedule check
[2022-11-16 01:33:16,895] {local_task_job.py:146} INFO - Task exited with return code 0
