[2022-11-16 01:29:04,886] {taskinstance.py:851} INFO - Dependencies all met for <TaskInstance: hello_world.hello_task 2022-02-08T00:00:00+00:00 [queued]>
[2022-11-16 01:29:06,374] {taskinstance.py:851} INFO - Dependencies all met for <TaskInstance: hello_world.hello_task 2022-02-08T00:00:00+00:00 [queued]>
[2022-11-16 01:29:06,577] {taskinstance.py:1042} INFO - 
--------------------------------------------------------------------------------
[2022-11-16 01:29:06,617] {taskinstance.py:1043} INFO - Starting attempt 1 of 1
[2022-11-16 01:29:06,658] {taskinstance.py:1044} INFO - 
--------------------------------------------------------------------------------
[2022-11-16 01:29:10,181] {taskinstance.py:1063} INFO - Executing <Task(PythonOperator): hello_task> on 2022-02-08T00:00:00+00:00
[2022-11-16 01:29:11,194] {standard_task_runner.py:76} INFO - Running: ['airflow', 'tasks', 'run', 'hello_world', 'hello_task', '2022-02-08T00:00:00+00:00', '--job-id', '40', '--pool', 'default_pool', '--raw', '--subdir', 'DAGS_FOLDER/index.py', '--cfg-path', '/tmp/tmplhh_gw2t', '--error-file', '/tmp/tmpr_b_klue']
[2022-11-16 01:29:11,290] {standard_task_runner.py:77} INFO - Job 40: Subtask hello_task
[2022-11-16 01:29:10,734] {standard_task_runner.py:52} INFO - Started process 245 to run task
[2022-11-16 01:29:12,942] {logging_mixin.py:104} INFO - Running <TaskInstance: hello_world.hello_task 2022-02-08T00:00:00+00:00 [running]> on host 001906ffd7c9
[2022-11-16 01:29:16,575] {taskinstance.py:1257} INFO - Exporting the following env vars:
AIRFLOW_CTX_DAG_OWNER=airflow
AIRFLOW_CTX_DAG_ID=hello_world
AIRFLOW_CTX_TASK_ID=hello_task
AIRFLOW_CTX_EXECUTION_DATE=2022-02-08T00:00:00+00:00
AIRFLOW_CTX_DAG_RUN_ID=scheduled__2022-02-08T00:00:00+00:00
[2022-11-16 01:29:16,623] {logging_mixin.py:104} INFO - hi everyone
[2022-11-16 01:29:16,634] {python.py:118} INFO - Done. Returned value was: hello world
[2022-11-16 01:29:17,457] {taskinstance.py:1166} INFO - Marking task as SUCCESS. dag_id=hello_world, task_id=hello_task, execution_date=20220208T000000, start_date=20221116T012904, end_date=20221116T012917
[2022-11-16 01:29:19,145] {taskinstance.py:1220} INFO - 0 downstream tasks scheduled from follow-on schedule check
[2022-11-16 01:29:20,052] {local_task_job.py:146} INFO - Task exited with return code 0
