[2022-11-16 01:24:54,653] {taskinstance.py:851} INFO - Dependencies all met for <TaskInstance: hello_world.hello_task 2022-01-02T00:00:00+00:00 [queued]>
[2022-11-16 01:24:55,278] {taskinstance.py:851} INFO - Dependencies all met for <TaskInstance: hello_world.hello_task 2022-01-02T00:00:00+00:00 [queued]>
[2022-11-16 01:24:55,296] {taskinstance.py:1042} INFO - 
--------------------------------------------------------------------------------
[2022-11-16 01:24:55,314] {taskinstance.py:1043} INFO - Starting attempt 1 of 1
[2022-11-16 01:24:55,346] {taskinstance.py:1044} INFO - 
--------------------------------------------------------------------------------
[2022-11-16 01:24:55,930] {taskinstance.py:1063} INFO - Executing <Task(PythonOperator): hello_task> on 2022-01-02T00:00:00+00:00
[2022-11-16 01:24:55,986] {standard_task_runner.py:52} INFO - Started process 85 to run task
[2022-11-16 01:24:56,104] {standard_task_runner.py:76} INFO - Running: ['airflow', 'tasks', 'run', 'hello_world', 'hello_task', '2022-01-02T00:00:00+00:00', '--job-id', '3', '--pool', 'default_pool', '--raw', '--subdir', 'DAGS_FOLDER/index.py', '--cfg-path', '/tmp/tmp0jxp13hv', '--error-file', '/tmp/tmp3oo9cyvp']
[2022-11-16 01:24:56,111] {standard_task_runner.py:77} INFO - Job 3: Subtask hello_task
[2022-11-16 01:24:58,403] {logging_mixin.py:104} INFO - Running <TaskInstance: hello_world.hello_task 2022-01-02T00:00:00+00:00 [running]> on host 001906ffd7c9
[2022-11-16 01:25:00,938] {taskinstance.py:1257} INFO - Exporting the following env vars:
AIRFLOW_CTX_DAG_OWNER=airflow
AIRFLOW_CTX_DAG_ID=hello_world
AIRFLOW_CTX_TASK_ID=hello_task
AIRFLOW_CTX_EXECUTION_DATE=2022-01-02T00:00:00+00:00
AIRFLOW_CTX_DAG_RUN_ID=scheduled__2022-01-02T00:00:00+00:00
[2022-11-16 01:25:01,194] {logging_mixin.py:104} INFO - hi everyone
[2022-11-16 01:25:01,240] {python.py:118} INFO - Done. Returned value was: hello world
[2022-11-16 01:25:02,292] {taskinstance.py:1166} INFO - Marking task as SUCCESS. dag_id=hello_world, task_id=hello_task, execution_date=20220102T000000, start_date=20221116T012454, end_date=20221116T012502
[2022-11-16 01:25:03,327] {taskinstance.py:1220} INFO - 0 downstream tasks scheduled from follow-on schedule check
[2022-11-16 01:25:03,591] {local_task_job.py:146} INFO - Task exited with return code 0
