[2022-11-16 01:27:40,925] {taskinstance.py:851} INFO - Dependencies all met for <TaskInstance: hello_world.hello_task 2022-01-25T00:00:00+00:00 [queued]>
[2022-11-16 01:27:41,449] {taskinstance.py:851} INFO - Dependencies all met for <TaskInstance: hello_world.hello_task 2022-01-25T00:00:00+00:00 [queued]>
[2022-11-16 01:27:41,457] {taskinstance.py:1042} INFO - 
--------------------------------------------------------------------------------
[2022-11-16 01:27:41,461] {taskinstance.py:1043} INFO - Starting attempt 1 of 1
[2022-11-16 01:27:41,464] {taskinstance.py:1044} INFO - 
--------------------------------------------------------------------------------
[2022-11-16 01:27:41,726] {taskinstance.py:1063} INFO - Executing <Task(PythonOperator): hello_task> on 2022-01-25T00:00:00+00:00
[2022-11-16 01:27:41,953] {standard_task_runner.py:52} INFO - Started process 187 to run task
[2022-11-16 01:27:42,372] {standard_task_runner.py:76} INFO - Running: ['airflow', 'tasks', 'run', 'hello_world', 'hello_task', '2022-01-25T00:00:00+00:00', '--job-id', '27', '--pool', 'default_pool', '--raw', '--subdir', 'DAGS_FOLDER/index.py', '--cfg-path', '/tmp/tmpvk7boyf9', '--error-file', '/tmp/tmpbvm46ljx']
[2022-11-16 01:27:42,398] {standard_task_runner.py:77} INFO - Job 27: Subtask hello_task
[2022-11-16 01:27:45,061] {logging_mixin.py:104} INFO - Running <TaskInstance: hello_world.hello_task 2022-01-25T00:00:00+00:00 [running]> on host 001906ffd7c9
[2022-11-16 01:27:46,928] {taskinstance.py:1257} INFO - Exporting the following env vars:
AIRFLOW_CTX_DAG_OWNER=airflow
AIRFLOW_CTX_DAG_ID=hello_world
AIRFLOW_CTX_TASK_ID=hello_task
AIRFLOW_CTX_EXECUTION_DATE=2022-01-25T00:00:00+00:00
AIRFLOW_CTX_DAG_RUN_ID=scheduled__2022-01-25T00:00:00+00:00
[2022-11-16 01:27:47,064] {logging_mixin.py:104} INFO - hi everyone
[2022-11-16 01:27:47,085] {python.py:118} INFO - Done. Returned value was: hello world
[2022-11-16 01:27:49,922] {taskinstance.py:1166} INFO - Marking task as SUCCESS. dag_id=hello_world, task_id=hello_task, execution_date=20220125T000000, start_date=20221116T012740, end_date=20221116T012749
[2022-11-16 01:27:52,042] {taskinstance.py:1220} INFO - 0 downstream tasks scheduled from follow-on schedule check
[2022-11-16 01:27:53,213] {local_task_job.py:146} INFO - Task exited with return code 0
