[2022-11-16 01:28:34,657] {taskinstance.py:851} INFO - Dependencies all met for <TaskInstance: hello_world.hello_task 2022-02-03T00:00:00+00:00 [queued]>
[2022-11-16 01:28:36,563] {taskinstance.py:851} INFO - Dependencies all met for <TaskInstance: hello_world.hello_task 2022-02-03T00:00:00+00:00 [queued]>
[2022-11-16 01:28:36,581] {taskinstance.py:1042} INFO - 
--------------------------------------------------------------------------------
[2022-11-16 01:28:36,605] {taskinstance.py:1043} INFO - Starting attempt 1 of 1
[2022-11-16 01:28:36,608] {taskinstance.py:1044} INFO - 
--------------------------------------------------------------------------------
[2022-11-16 01:28:37,576] {taskinstance.py:1063} INFO - Executing <Task(PythonOperator): hello_task> on 2022-02-03T00:00:00+00:00
[2022-11-16 01:28:37,801] {standard_task_runner.py:52} INFO - Started process 225 to run task
[2022-11-16 01:28:38,477] {standard_task_runner.py:76} INFO - Running: ['airflow', 'tasks', 'run', 'hello_world', 'hello_task', '2022-02-03T00:00:00+00:00', '--job-id', '35', '--pool', 'default_pool', '--raw', '--subdir', 'DAGS_FOLDER/index.py', '--cfg-path', '/tmp/tmp5kt2gbg4', '--error-file', '/tmp/tmpmb0f90hz']
[2022-11-16 01:28:38,494] {standard_task_runner.py:77} INFO - Job 35: Subtask hello_task
[2022-11-16 01:28:41,449] {logging_mixin.py:104} INFO - Running <TaskInstance: hello_world.hello_task 2022-02-03T00:00:00+00:00 [running]> on host 001906ffd7c9
[2022-11-16 01:28:43,970] {taskinstance.py:1257} INFO - Exporting the following env vars:
AIRFLOW_CTX_DAG_OWNER=airflow
AIRFLOW_CTX_DAG_ID=hello_world
AIRFLOW_CTX_TASK_ID=hello_task
AIRFLOW_CTX_EXECUTION_DATE=2022-02-03T00:00:00+00:00
AIRFLOW_CTX_DAG_RUN_ID=scheduled__2022-02-03T00:00:00+00:00
[2022-11-16 01:28:44,088] {logging_mixin.py:104} INFO - hi everyone
[2022-11-16 01:28:44,092] {python.py:118} INFO - Done. Returned value was: hello world
[2022-11-16 01:28:46,277] {taskinstance.py:1166} INFO - Marking task as SUCCESS. dag_id=hello_world, task_id=hello_task, execution_date=20220203T000000, start_date=20221116T012834, end_date=20221116T012846
[2022-11-16 01:28:50,905] {taskinstance.py:1220} INFO - 0 downstream tasks scheduled from follow-on schedule check
[2022-11-16 01:28:51,815] {local_task_job.py:146} INFO - Task exited with return code 0
