[2022-11-16 01:27:04,277] {taskinstance.py:851} INFO - Dependencies all met for <TaskInstance: hello_world.hello_task 2022-01-17T00:00:00+00:00 [queued]>
[2022-11-16 01:27:07,363] {taskinstance.py:851} INFO - Dependencies all met for <TaskInstance: hello_world.hello_task 2022-01-17T00:00:00+00:00 [queued]>
[2022-11-16 01:27:07,439] {taskinstance.py:1042} INFO - 
--------------------------------------------------------------------------------
[2022-11-16 01:27:07,469] {taskinstance.py:1043} INFO - Starting attempt 1 of 1
[2022-11-16 01:27:07,475] {taskinstance.py:1044} INFO - 
--------------------------------------------------------------------------------
[2022-11-16 01:27:08,441] {taskinstance.py:1063} INFO - Executing <Task(PythonOperator): hello_task> on 2022-01-17T00:00:00+00:00
[2022-11-16 01:27:08,629] {standard_task_runner.py:52} INFO - Started process 155 to run task
[2022-11-16 01:27:08,903] {standard_task_runner.py:76} INFO - Running: ['airflow', 'tasks', 'run', 'hello_world', 'hello_task', '2022-01-17T00:00:00+00:00', '--job-id', '16', '--pool', 'default_pool', '--raw', '--subdir', 'DAGS_FOLDER/index.py', '--cfg-path', '/tmp/tmp_gumg51q', '--error-file', '/tmp/tmpi0qu4yrk']
[2022-11-16 01:27:08,917] {standard_task_runner.py:77} INFO - Job 16: Subtask hello_task
[2022-11-16 01:27:11,110] {logging_mixin.py:104} INFO - Running <TaskInstance: hello_world.hello_task 2022-01-17T00:00:00+00:00 [running]> on host 001906ffd7c9
[2022-11-16 01:27:12,084] {taskinstance.py:1257} INFO - Exporting the following env vars:
AIRFLOW_CTX_DAG_OWNER=airflow
AIRFLOW_CTX_DAG_ID=hello_world
AIRFLOW_CTX_TASK_ID=hello_task
AIRFLOW_CTX_EXECUTION_DATE=2022-01-17T00:00:00+00:00
AIRFLOW_CTX_DAG_RUN_ID=scheduled__2022-01-17T00:00:00+00:00
[2022-11-16 01:27:12,146] {logging_mixin.py:104} INFO - hi everyone
[2022-11-16 01:27:12,160] {python.py:118} INFO - Done. Returned value was: hello world
[2022-11-16 01:27:12,546] {taskinstance.py:1166} INFO - Marking task as SUCCESS. dag_id=hello_world, task_id=hello_task, execution_date=20220117T000000, start_date=20221116T012704, end_date=20221116T012712
[2022-11-16 01:27:14,216] {taskinstance.py:1220} INFO - 0 downstream tasks scheduled from follow-on schedule check
[2022-11-16 01:27:15,123] {local_task_job.py:146} INFO - Task exited with return code 0
