[2022-11-16 01:28:46,337] {taskinstance.py:851} INFO - Dependencies all met for <TaskInstance: hello_world.hello_task 2022-02-04T00:00:00+00:00 [queued]>
[2022-11-16 01:28:50,914] {taskinstance.py:851} INFO - Dependencies all met for <TaskInstance: hello_world.hello_task 2022-02-04T00:00:00+00:00 [queued]>
[2022-11-16 01:28:50,969] {taskinstance.py:1042} INFO - 
--------------------------------------------------------------------------------
[2022-11-16 01:28:50,988] {taskinstance.py:1043} INFO - Starting attempt 1 of 1
[2022-11-16 01:28:51,008] {taskinstance.py:1044} INFO - 
--------------------------------------------------------------------------------
[2022-11-16 01:28:51,825] {taskinstance.py:1063} INFO - Executing <Task(PythonOperator): hello_task> on 2022-02-04T00:00:00+00:00
[2022-11-16 01:28:51,904] {standard_task_runner.py:52} INFO - Started process 231 to run task
[2022-11-16 01:28:52,228] {standard_task_runner.py:76} INFO - Running: ['airflow', 'tasks', 'run', 'hello_world', 'hello_task', '2022-02-04T00:00:00+00:00', '--job-id', '36', '--pool', 'default_pool', '--raw', '--subdir', 'DAGS_FOLDER/index.py', '--cfg-path', '/tmp/tmplfzoimn8', '--error-file', '/tmp/tmpznsg6uuz']
[2022-11-16 01:28:52,245] {standard_task_runner.py:77} INFO - Job 36: Subtask hello_task
[2022-11-16 01:28:56,625] {logging_mixin.py:104} INFO - Running <TaskInstance: hello_world.hello_task 2022-02-04T00:00:00+00:00 [running]> on host 001906ffd7c9
[2022-11-16 01:28:59,114] {taskinstance.py:1257} INFO - Exporting the following env vars:
AIRFLOW_CTX_DAG_OWNER=airflow
AIRFLOW_CTX_DAG_ID=hello_world
AIRFLOW_CTX_TASK_ID=hello_task
AIRFLOW_CTX_EXECUTION_DATE=2022-02-04T00:00:00+00:00
AIRFLOW_CTX_DAG_RUN_ID=scheduled__2022-02-04T00:00:00+00:00
[2022-11-16 01:28:59,349] {logging_mixin.py:104} INFO - hi everyone
[2022-11-16 01:28:59,372] {python.py:118} INFO - Done. Returned value was: hello world
[2022-11-16 01:29:00,654] {taskinstance.py:1166} INFO - Marking task as SUCCESS. dag_id=hello_world, task_id=hello_task, execution_date=20220204T000000, start_date=20221116T012847, end_date=20221116T012900
[2022-11-16 01:29:02,930] {taskinstance.py:1220} INFO - 0 downstream tasks scheduled from follow-on schedule check
[2022-11-16 01:29:03,795] {local_task_job.py:146} INFO - Task exited with return code 0
