[2022-11-16 01:33:43,734] {taskinstance.py:851} INFO - Dependencies all met for <TaskInstance: hello_world.goodbye_task 2022-03-01T00:00:00+00:00 [queued]>
[2022-11-16 01:33:44,382] {taskinstance.py:851} INFO - Dependencies all met for <TaskInstance: hello_world.goodbye_task 2022-03-01T00:00:00+00:00 [queued]>
[2022-11-16 01:33:44,400] {taskinstance.py:1042} INFO - 
--------------------------------------------------------------------------------
[2022-11-16 01:33:44,405] {taskinstance.py:1043} INFO - Starting attempt 1 of 1
[2022-11-16 01:33:44,414] {taskinstance.py:1044} INFO - 
--------------------------------------------------------------------------------
[2022-11-16 01:33:45,440] {taskinstance.py:1063} INFO - Executing <Task(PythonOperator): goodbye_task> on 2022-03-01T00:00:00+00:00
[2022-11-16 01:33:45,756] {standard_task_runner.py:52} INFO - Started process 387 to run task
[2022-11-16 01:33:46,196] {standard_task_runner.py:76} INFO - Running: ['airflow', 'tasks', 'run', 'hello_world', 'goodbye_task', '2022-03-01T00:00:00+00:00', '--job-id', '74', '--pool', 'default_pool', '--raw', '--subdir', 'DAGS_FOLDER/index.py', '--cfg-path', '/tmp/tmpb_kqslna', '--error-file', '/tmp/tmpgp_rm3x3']
[2022-11-16 01:33:46,263] {standard_task_runner.py:77} INFO - Job 74: Subtask goodbye_task
[2022-11-16 01:33:48,675] {logging_mixin.py:104} INFO - Running <TaskInstance: hello_world.goodbye_task 2022-03-01T00:00:00+00:00 [running]> on host 001906ffd7c9
[2022-11-16 01:33:50,958] {taskinstance.py:1257} INFO - Exporting the following env vars:
AIRFLOW_CTX_DAG_OWNER=airflow
AIRFLOW_CTX_DAG_ID=hello_world
AIRFLOW_CTX_TASK_ID=goodbye_task
AIRFLOW_CTX_EXECUTION_DATE=2022-03-01T00:00:00+00:00
AIRFLOW_CTX_DAG_RUN_ID=scheduled__2022-03-01T00:00:00+00:00
[2022-11-16 01:33:51,007] {logging_mixin.py:104} INFO - bye all
[2022-11-16 01:33:51,017] {python.py:118} INFO - Done. Returned value was: bye
[2022-11-16 01:33:51,785] {taskinstance.py:1166} INFO - Marking task as SUCCESS. dag_id=hello_world, task_id=goodbye_task, execution_date=20220301T000000, start_date=20221116T013343, end_date=20221116T013351
[2022-11-16 01:33:58,783] {taskinstance.py:1220} INFO - 0 downstream tasks scheduled from follow-on schedule check
[2022-11-16 01:34:00,475] {local_task_job.py:146} INFO - Task exited with return code 0
