[2022-11-16 01:35:49,873] {taskinstance.py:851} INFO - Dependencies all met for <TaskInstance: hello_world.goodbye_task 2022-03-13T00:00:00+00:00 [queued]>
[2022-11-16 01:35:50,607] {taskinstance.py:851} INFO - Dependencies all met for <TaskInstance: hello_world.goodbye_task 2022-03-13T00:00:00+00:00 [queued]>
[2022-11-16 01:35:50,624] {taskinstance.py:1042} INFO - 
--------------------------------------------------------------------------------
[2022-11-16 01:35:50,630] {taskinstance.py:1043} INFO - Starting attempt 1 of 1
[2022-11-16 01:35:50,634] {taskinstance.py:1044} INFO - 
--------------------------------------------------------------------------------
[2022-11-16 01:35:52,092] {taskinstance.py:1063} INFO - Executing <Task(PythonOperator): goodbye_task> on 2022-03-13T00:00:00+00:00
[2022-11-16 01:35:52,329] {standard_task_runner.py:52} INFO - Started process 481 to run task
[2022-11-16 01:35:52,606] {standard_task_runner.py:76} INFO - Running: ['airflow', 'tasks', 'run', 'hello_world', 'goodbye_task', '2022-03-13T00:00:00+00:00', '--job-id', '98', '--pool', 'default_pool', '--raw', '--subdir', 'DAGS_FOLDER/index.py', '--cfg-path', '/tmp/tmpx2abk1c7', '--error-file', '/tmp/tmp0xf6ln87']
[2022-11-16 01:35:52,660] {standard_task_runner.py:77} INFO - Job 98: Subtask goodbye_task
[2022-11-16 01:35:54,737] {logging_mixin.py:104} INFO - Running <TaskInstance: hello_world.goodbye_task 2022-03-13T00:00:00+00:00 [running]> on host 001906ffd7c9
[2022-11-16 01:35:56,637] {taskinstance.py:1257} INFO - Exporting the following env vars:
AIRFLOW_CTX_DAG_OWNER=airflow
AIRFLOW_CTX_DAG_ID=hello_world
AIRFLOW_CTX_TASK_ID=goodbye_task
AIRFLOW_CTX_EXECUTION_DATE=2022-03-13T00:00:00+00:00
AIRFLOW_CTX_DAG_RUN_ID=scheduled__2022-03-13T00:00:00+00:00
[2022-11-16 01:35:56,691] {logging_mixin.py:104} INFO - bye all
[2022-11-16 01:35:56,714] {python.py:118} INFO - Done. Returned value was: bye
[2022-11-16 01:36:00,132] {taskinstance.py:1166} INFO - Marking task as SUCCESS. dag_id=hello_world, task_id=goodbye_task, execution_date=20220313T000000, start_date=20221116T013550, end_date=20221116T013600
[2022-11-16 01:36:01,473] {local_task_job.py:188} WARNING - State of this instance has been externally set to success. Terminating instance.
[2022-11-16 01:36:02,085] {process_utils.py:100} INFO - Sending Signals.SIGTERM to GPID 481
[2022-11-16 01:36:02,912] {taskinstance.py:1239} ERROR - Received SIGTERM. Terminating subprocesses.
[2022-11-16 01:36:03,488] {process_utils.py:66} INFO - Process psutil.Process(pid=481, status='terminated', exitcode=1, started='01:35:51') (481) terminated with exit code 1
