[2022-11-16 01:25:10,234] {taskinstance.py:851} INFO - Dependencies all met for <TaskInstance: hello_world.hello_task 2022-01-03T00:00:00+00:00 [queued]>
[2022-11-16 01:25:10,554] {taskinstance.py:851} INFO - Dependencies all met for <TaskInstance: hello_world.hello_task 2022-01-03T00:00:00+00:00 [queued]>
[2022-11-16 01:25:10,558] {taskinstance.py:1042} INFO - 
--------------------------------------------------------------------------------
[2022-11-16 01:25:10,566] {taskinstance.py:1043} INFO - Starting attempt 1 of 1
[2022-11-16 01:25:10,569] {taskinstance.py:1044} INFO - 
--------------------------------------------------------------------------------
[2022-11-16 01:25:10,947] {taskinstance.py:1063} INFO - Executing <Task(PythonOperator): hello_task> on 2022-01-03T00:00:00+00:00
[2022-11-16 01:25:11,121] {standard_task_runner.py:52} INFO - Started process 101 to run task
[2022-11-16 01:25:11,304] {standard_task_runner.py:76} INFO - Running: ['airflow', 'tasks', 'run', 'hello_world', 'hello_task', '2022-01-03T00:00:00+00:00', '--job-id', '4', '--pool', 'default_pool', '--raw', '--subdir', 'DAGS_FOLDER/index.py', '--cfg-path', '/tmp/tmp5fl1yb2_', '--error-file', '/tmp/tmp1svps4aw']
[2022-11-16 01:25:11,344] {standard_task_runner.py:77} INFO - Job 4: Subtask hello_task
[2022-11-16 01:25:13,120] {logging_mixin.py:104} INFO - Running <TaskInstance: hello_world.hello_task 2022-01-03T00:00:00+00:00 [running]> on host 001906ffd7c9
[2022-11-16 01:25:14,771] {taskinstance.py:1257} INFO - Exporting the following env vars:
AIRFLOW_CTX_DAG_OWNER=airflow
AIRFLOW_CTX_DAG_ID=hello_world
AIRFLOW_CTX_TASK_ID=hello_task
AIRFLOW_CTX_EXECUTION_DATE=2022-01-03T00:00:00+00:00
AIRFLOW_CTX_DAG_RUN_ID=scheduled__2022-01-03T00:00:00+00:00
[2022-11-16 01:25:14,834] {logging_mixin.py:104} INFO - hi everyone
[2022-11-16 01:25:14,842] {python.py:118} INFO - Done. Returned value was: hello world
[2022-11-16 01:25:15,903] {taskinstance.py:1166} INFO - Marking task as SUCCESS. dag_id=hello_world, task_id=hello_task, execution_date=20220103T000000, start_date=20221116T012510, end_date=20221116T012515
[2022-11-16 01:25:17,778] {taskinstance.py:1220} INFO - 0 downstream tasks scheduled from follow-on schedule check
[2022-11-16 01:25:19,894] {local_task_job.py:146} INFO - Task exited with return code 0
