[2022-11-16 01:34:22,188] {taskinstance.py:851} INFO - Dependencies all met for <TaskInstance: hello_world.hello_task 2022-03-14T00:00:00+00:00 [queued]>
[2022-11-16 01:34:23,613] {taskinstance.py:851} INFO - Dependencies all met for <TaskInstance: hello_world.hello_task 2022-03-14T00:00:00+00:00 [queued]>
[2022-11-16 01:34:23,711] {taskinstance.py:1042} INFO - 
--------------------------------------------------------------------------------
[2022-11-16 01:34:23,740] {taskinstance.py:1043} INFO - Starting attempt 1 of 1
[2022-11-16 01:34:23,747] {taskinstance.py:1044} INFO - 
--------------------------------------------------------------------------------
[2022-11-16 01:34:25,434] {taskinstance.py:1063} INFO - Executing <Task(PythonOperator): hello_task> on 2022-03-14T00:00:00+00:00
[2022-11-16 01:34:25,592] {standard_task_runner.py:52} INFO - Started process 425 to run task
[2022-11-16 01:34:25,870] {standard_task_runner.py:76} INFO - Running: ['airflow', 'tasks', 'run', 'hello_world', 'hello_task', '2022-03-14T00:00:00+00:00', '--job-id', '85', '--pool', 'default_pool', '--raw', '--subdir', 'DAGS_FOLDER/index.py', '--cfg-path', '/tmp/tmpoubxclui', '--error-file', '/tmp/tmpelu0fi61']
[2022-11-16 01:34:25,920] {standard_task_runner.py:77} INFO - Job 85: Subtask hello_task
[2022-11-16 01:34:27,628] {logging_mixin.py:104} INFO - Running <TaskInstance: hello_world.hello_task 2022-03-14T00:00:00+00:00 [running]> on host 001906ffd7c9
[2022-11-16 01:34:29,430] {taskinstance.py:1257} INFO - Exporting the following env vars:
AIRFLOW_CTX_DAG_OWNER=airflow
AIRFLOW_CTX_DAG_ID=hello_world
AIRFLOW_CTX_TASK_ID=hello_task
AIRFLOW_CTX_EXECUTION_DATE=2022-03-14T00:00:00+00:00
AIRFLOW_CTX_DAG_RUN_ID=scheduled__2022-03-14T00:00:00+00:00
[2022-11-16 01:34:29,474] {logging_mixin.py:104} INFO - hi everyone
[2022-11-16 01:34:29,487] {python.py:118} INFO - Done. Returned value was: hello world
[2022-11-16 01:34:29,891] {taskinstance.py:1166} INFO - Marking task as SUCCESS. dag_id=hello_world, task_id=hello_task, execution_date=20220314T000000, start_date=20221116T013422, end_date=20221116T013429
[2022-11-16 01:34:31,292] {taskinstance.py:1220} INFO - 1 downstream tasks scheduled from follow-on schedule check
[2022-11-16 01:34:32,385] {local_task_job.py:146} INFO - Task exited with return code 0
