[2022-11-16 01:32:22,995] {taskinstance.py:851} INFO - Dependencies all met for <TaskInstance: hello_world.goodbye_task 2022-02-22T00:00:00+00:00 [queued]>
[2022-11-16 01:32:28,255] {taskinstance.py:851} INFO - Dependencies all met for <TaskInstance: hello_world.goodbye_task 2022-02-22T00:00:00+00:00 [queued]>
[2022-11-16 01:32:28,561] {taskinstance.py:1042} INFO - 
--------------------------------------------------------------------------------
[2022-11-16 01:32:28,597] {taskinstance.py:1043} INFO - Starting attempt 1 of 1
[2022-11-16 01:32:28,628] {taskinstance.py:1044} INFO - 
--------------------------------------------------------------------------------
[2022-11-16 01:32:30,954] {taskinstance.py:1063} INFO - Executing <Task(PythonOperator): goodbye_task> on 2022-02-22T00:00:00+00:00
[2022-11-16 01:32:31,617] {standard_task_runner.py:52} INFO - Started process 343 to run task
[2022-11-16 01:32:32,488] {standard_task_runner.py:76} INFO - Running: ['airflow', 'tasks', 'run', 'hello_world', 'goodbye_task', '2022-02-22T00:00:00+00:00', '--job-id', '62', '--pool', 'default_pool', '--raw', '--subdir', 'DAGS_FOLDER/index.py', '--cfg-path', '/tmp/tmpu9g3s0zj', '--error-file', '/tmp/tmpudw4w_jg']
[2022-11-16 01:32:32,574] {standard_task_runner.py:77} INFO - Job 62: Subtask goodbye_task
[2022-11-16 01:32:40,309] {logging_mixin.py:104} INFO - Running <TaskInstance: hello_world.goodbye_task 2022-02-22T00:00:00+00:00 [running]> on host 001906ffd7c9
[2022-11-16 01:32:50,478] {taskinstance.py:1257} INFO - Exporting the following env vars:
AIRFLOW_CTX_DAG_OWNER=airflow
AIRFLOW_CTX_DAG_ID=hello_world
AIRFLOW_CTX_TASK_ID=goodbye_task
AIRFLOW_CTX_EXECUTION_DATE=2022-02-22T00:00:00+00:00
AIRFLOW_CTX_DAG_RUN_ID=scheduled__2022-02-22T00:00:00+00:00
[2022-11-16 01:32:50,619] {logging_mixin.py:104} INFO - bye all
[2022-11-16 01:32:50,650] {python.py:118} INFO - Done. Returned value was: bye
[2022-11-16 01:32:54,247] {taskinstance.py:1166} INFO - Marking task as SUCCESS. dag_id=hello_world, task_id=goodbye_task, execution_date=20220222T000000, start_date=20221116T013223, end_date=20221116T013254
[2022-11-16 01:32:57,032] {taskinstance.py:1220} INFO - 0 downstream tasks scheduled from follow-on schedule check
[2022-11-16 01:33:02,074] {local_task_job.py:146} INFO - Task exited with return code 0
