[2022-11-16 01:28:28,219] {taskinstance.py:851} INFO - Dependencies all met for <TaskInstance: hello_world.hello_task 2022-02-02T00:00:00+00:00 [queued]>
[2022-11-16 01:28:28,478] {taskinstance.py:851} INFO - Dependencies all met for <TaskInstance: hello_world.hello_task 2022-02-02T00:00:00+00:00 [queued]>
[2022-11-16 01:28:28,496] {taskinstance.py:1042} INFO - 
--------------------------------------------------------------------------------
[2022-11-16 01:28:28,505] {taskinstance.py:1043} INFO - Starting attempt 1 of 1
[2022-11-16 01:28:28,509] {taskinstance.py:1044} INFO - 
--------------------------------------------------------------------------------
[2022-11-16 01:28:28,897] {taskinstance.py:1063} INFO - Executing <Task(PythonOperator): hello_task> on 2022-02-02T00:00:00+00:00
[2022-11-16 01:28:29,343] {standard_task_runner.py:52} INFO - Started process 221 to run task
[2022-11-16 01:28:29,659] {standard_task_runner.py:76} INFO - Running: ['airflow', 'tasks', 'run', 'hello_world', 'hello_task', '2022-02-02T00:00:00+00:00', '--job-id', '34', '--pool', 'default_pool', '--raw', '--subdir', 'DAGS_FOLDER/index.py', '--cfg-path', '/tmp/tmpgyy0mf_q', '--error-file', '/tmp/tmpg_fzehce']
[2022-11-16 01:28:29,690] {standard_task_runner.py:77} INFO - Job 34: Subtask hello_task
[2022-11-16 01:28:32,803] {logging_mixin.py:104} INFO - Running <TaskInstance: hello_world.hello_task 2022-02-02T00:00:00+00:00 [running]> on host 001906ffd7c9
[2022-11-16 01:28:34,958] {taskinstance.py:1257} INFO - Exporting the following env vars:
AIRFLOW_CTX_DAG_OWNER=airflow
AIRFLOW_CTX_DAG_ID=hello_world
AIRFLOW_CTX_TASK_ID=hello_task
AIRFLOW_CTX_EXECUTION_DATE=2022-02-02T00:00:00+00:00
AIRFLOW_CTX_DAG_RUN_ID=scheduled__2022-02-02T00:00:00+00:00
[2022-11-16 01:28:35,003] {logging_mixin.py:104} INFO - hi everyone
[2022-11-16 01:28:35,012] {python.py:118} INFO - Done. Returned value was: hello world
[2022-11-16 01:28:36,840] {taskinstance.py:1166} INFO - Marking task as SUCCESS. dag_id=hello_world, task_id=hello_task, execution_date=20220202T000000, start_date=20221116T012828, end_date=20221116T012836
[2022-11-16 01:28:40,452] {taskinstance.py:1220} INFO - 0 downstream tasks scheduled from follow-on schedule check
[2022-11-16 01:28:41,752] {local_task_job.py:146} INFO - Task exited with return code 0
