[2022-11-16 01:24:54,606] {taskinstance.py:851} INFO - Dependencies all met for <TaskInstance: hello_world.hello_task 2022-01-01T00:00:00+00:00 [queued]>
[2022-11-16 01:24:54,997] {taskinstance.py:851} INFO - Dependencies all met for <TaskInstance: hello_world.hello_task 2022-01-01T00:00:00+00:00 [queued]>
[2022-11-16 01:24:55,080] {taskinstance.py:1042} INFO - 
--------------------------------------------------------------------------------
[2022-11-16 01:24:55,085] {taskinstance.py:1043} INFO - Starting attempt 1 of 1
[2022-11-16 01:24:55,089] {taskinstance.py:1044} INFO - 
--------------------------------------------------------------------------------
[2022-11-16 01:24:56,053] {taskinstance.py:1063} INFO - Executing <Task(PythonOperator): hello_task> on 2022-01-01T00:00:00+00:00
[2022-11-16 01:24:56,338] {standard_task_runner.py:52} INFO - Started process 89 to run task
[2022-11-16 01:24:57,025] {standard_task_runner.py:76} INFO - Running: ['airflow', 'tasks', 'run', 'hello_world', 'hello_task', '2022-01-01T00:00:00+00:00', '--job-id', '2', '--pool', 'default_pool', '--raw', '--subdir', 'DAGS_FOLDER/index.py', '--cfg-path', '/tmp/tmp671lhtgx', '--error-file', '/tmp/tmpwnf3pkjl']
[2022-11-16 01:24:57,131] {standard_task_runner.py:77} INFO - Job 2: Subtask hello_task
[2022-11-16 01:24:58,765] {logging_mixin.py:104} INFO - Running <TaskInstance: hello_world.hello_task 2022-01-01T00:00:00+00:00 [running]> on host 001906ffd7c9
[2022-11-16 01:25:02,123] {taskinstance.py:1257} INFO - Exporting the following env vars:
AIRFLOW_CTX_DAG_OWNER=airflow
AIRFLOW_CTX_DAG_ID=hello_world
AIRFLOW_CTX_TASK_ID=hello_task
AIRFLOW_CTX_EXECUTION_DATE=2022-01-01T00:00:00+00:00
AIRFLOW_CTX_DAG_RUN_ID=scheduled__2022-01-01T00:00:00+00:00
[2022-11-16 01:25:02,244] {logging_mixin.py:104} INFO - hi everyone
[2022-11-16 01:25:02,346] {python.py:118} INFO - Done. Returned value was: hello world
[2022-11-16 01:25:03,105] {taskinstance.py:1166} INFO - Marking task as SUCCESS. dag_id=hello_world, task_id=hello_task, execution_date=20220101T000000, start_date=20221116T012454, end_date=20221116T012503
[2022-11-16 01:25:04,970] {taskinstance.py:1220} INFO - 0 downstream tasks scheduled from follow-on schedule check
[2022-11-16 01:25:05,697] {local_task_job.py:146} INFO - Task exited with return code 0
