[2022-11-16 01:30:28,551] {taskinstance.py:851} INFO - Dependencies all met for <TaskInstance: hello_world.hello_task 2022-02-18T00:00:00+00:00 [queued]>
[2022-11-16 01:30:34,532] {taskinstance.py:851} INFO - Dependencies all met for <TaskInstance: hello_world.hello_task 2022-02-18T00:00:00+00:00 [queued]>
[2022-11-16 01:30:34,603] {taskinstance.py:1042} INFO - 
--------------------------------------------------------------------------------
[2022-11-16 01:30:34,622] {taskinstance.py:1043} INFO - Starting attempt 1 of 1
[2022-11-16 01:30:34,657] {taskinstance.py:1044} INFO - 
--------------------------------------------------------------------------------
[2022-11-16 01:30:37,940] {taskinstance.py:1063} INFO - Executing <Task(PythonOperator): hello_task> on 2022-02-18T00:00:00+00:00
[2022-11-16 01:30:38,169] {standard_task_runner.py:52} INFO - Started process 289 to run task
[2022-11-16 01:30:38,463] {standard_task_runner.py:76} INFO - Running: ['airflow', 'tasks', 'run', 'hello_world', 'hello_task', '2022-02-18T00:00:00+00:00', '--job-id', '50', '--pool', 'default_pool', '--raw', '--subdir', 'DAGS_FOLDER/index.py', '--cfg-path', '/tmp/tmp94qivmoy', '--error-file', '/tmp/tmpif3k79e2']
[2022-11-16 01:30:38,491] {standard_task_runner.py:77} INFO - Job 50: Subtask hello_task
[2022-11-16 01:30:40,578] {logging_mixin.py:104} INFO - Running <TaskInstance: hello_world.hello_task 2022-02-18T00:00:00+00:00 [running]> on host 001906ffd7c9
[2022-11-16 01:30:41,048] {taskinstance.py:1257} INFO - Exporting the following env vars:
AIRFLOW_CTX_DAG_OWNER=airflow
AIRFLOW_CTX_DAG_ID=hello_world
AIRFLOW_CTX_TASK_ID=hello_task
AIRFLOW_CTX_EXECUTION_DATE=2022-02-18T00:00:00+00:00
AIRFLOW_CTX_DAG_RUN_ID=scheduled__2022-02-18T00:00:00+00:00
[2022-11-16 01:30:41,078] {logging_mixin.py:104} INFO - hi everyone
[2022-11-16 01:30:41,094] {python.py:118} INFO - Done. Returned value was: hello world
[2022-11-16 01:30:41,568] {taskinstance.py:1166} INFO - Marking task as SUCCESS. dag_id=hello_world, task_id=hello_task, execution_date=20220218T000000, start_date=20221116T013028, end_date=20221116T013041
[2022-11-16 01:30:44,418] {taskinstance.py:1220} INFO - 0 downstream tasks scheduled from follow-on schedule check
[2022-11-16 01:30:48,233] {local_task_job.py:146} INFO - Task exited with return code 0
