[2022-11-16 01:28:07,315] {taskinstance.py:851} INFO - Dependencies all met for <TaskInstance: hello_world.hello_task 2022-01-30T00:00:00+00:00 [queued]>
[2022-11-16 01:28:08,685] {taskinstance.py:851} INFO - Dependencies all met for <TaskInstance: hello_world.hello_task 2022-01-30T00:00:00+00:00 [queued]>
[2022-11-16 01:28:08,724] {taskinstance.py:1042} INFO - 
--------------------------------------------------------------------------------
[2022-11-16 01:28:08,742] {taskinstance.py:1043} INFO - Starting attempt 1 of 1
[2022-11-16 01:28:08,749] {taskinstance.py:1044} INFO - 
--------------------------------------------------------------------------------
[2022-11-16 01:28:09,834] {taskinstance.py:1063} INFO - Executing <Task(PythonOperator): hello_task> on 2022-01-30T00:00:00+00:00
[2022-11-16 01:28:10,194] {standard_task_runner.py:52} INFO - Started process 209 to run task
[2022-11-16 01:28:10,542] {standard_task_runner.py:76} INFO - Running: ['airflow', 'tasks', 'run', 'hello_world', 'hello_task', '2022-01-30T00:00:00+00:00', '--job-id', '31', '--pool', 'default_pool', '--raw', '--subdir', 'DAGS_FOLDER/index.py', '--cfg-path', '/tmp/tmp735p5qsh', '--error-file', '/tmp/tmpakcpqlvr']
[2022-11-16 01:28:10,554] {standard_task_runner.py:77} INFO - Job 31: Subtask hello_task
[2022-11-16 01:28:14,719] {logging_mixin.py:104} INFO - Running <TaskInstance: hello_world.hello_task 2022-01-30T00:00:00+00:00 [running]> on host 001906ffd7c9
[2022-11-16 01:28:20,817] {taskinstance.py:1257} INFO - Exporting the following env vars:
AIRFLOW_CTX_DAG_OWNER=airflow
AIRFLOW_CTX_DAG_ID=hello_world
AIRFLOW_CTX_TASK_ID=hello_task
AIRFLOW_CTX_EXECUTION_DATE=2022-01-30T00:00:00+00:00
AIRFLOW_CTX_DAG_RUN_ID=scheduled__2022-01-30T00:00:00+00:00
[2022-11-16 01:28:20,909] {logging_mixin.py:104} INFO - hi everyone
[2022-11-16 01:28:20,924] {python.py:118} INFO - Done. Returned value was: hello world
[2022-11-16 01:28:24,060] {taskinstance.py:1166} INFO - Marking task as SUCCESS. dag_id=hello_world, task_id=hello_task, execution_date=20220130T000000, start_date=20221116T012807, end_date=20221116T012824
[2022-11-16 01:28:28,301] {local_task_job.py:188} WARNING - State of this instance has been externally set to success. Terminating instance.
[2022-11-16 01:28:28,489] {process_utils.py:100} INFO - Sending Signals.SIGTERM to GPID 209
[2022-11-16 01:28:28,561] {taskinstance.py:1239} ERROR - Received SIGTERM. Terminating subprocesses.
[2022-11-16 01:28:29,250] {process_utils.py:66} INFO - Process psutil.Process(pid=209, status='terminated', exitcode=1, started='01:28:09') (209) terminated with exit code 1
