[2022-11-16 01:26:31,840] {taskinstance.py:851} INFO - Dependencies all met for <TaskInstance: hello_world.hello_task 2022-01-11T00:00:00+00:00 [queued]>
[2022-11-16 01:26:35,348] {taskinstance.py:851} INFO - Dependencies all met for <TaskInstance: hello_world.hello_task 2022-01-11T00:00:00+00:00 [queued]>
[2022-11-16 01:26:35,384] {taskinstance.py:1042} INFO - 
--------------------------------------------------------------------------------
[2022-11-16 01:26:35,401] {taskinstance.py:1043} INFO - Starting attempt 1 of 1
[2022-11-16 01:26:35,416] {taskinstance.py:1044} INFO - 
--------------------------------------------------------------------------------
[2022-11-16 01:26:38,858] {taskinstance.py:1063} INFO - Executing <Task(PythonOperator): hello_task> on 2022-01-11T00:00:00+00:00
[2022-11-16 01:26:39,918] {standard_task_runner.py:52} INFO - Started process 143 to run task
[2022-11-16 01:26:41,246] {standard_task_runner.py:76} INFO - Running: ['airflow', 'tasks', 'run', 'hello_world', 'hello_task', '2022-01-11T00:00:00+00:00', '--job-id', '12', '--pool', 'default_pool', '--raw', '--subdir', 'DAGS_FOLDER/index.py', '--cfg-path', '/tmp/tmp2mdwmtbk', '--error-file', '/tmp/tmpjhj4o2r7']
[2022-11-16 01:26:41,456] {standard_task_runner.py:77} INFO - Job 12: Subtask hello_task
[2022-11-16 01:26:47,628] {logging_mixin.py:104} INFO - Running <TaskInstance: hello_world.hello_task 2022-01-11T00:00:00+00:00 [running]> on host 001906ffd7c9
[2022-11-16 01:26:52,678] {taskinstance.py:1257} INFO - Exporting the following env vars:
AIRFLOW_CTX_DAG_OWNER=airflow
AIRFLOW_CTX_DAG_ID=hello_world
AIRFLOW_CTX_TASK_ID=hello_task
AIRFLOW_CTX_EXECUTION_DATE=2022-01-11T00:00:00+00:00
AIRFLOW_CTX_DAG_RUN_ID=scheduled__2022-01-11T00:00:00+00:00
[2022-11-16 01:26:52,791] {logging_mixin.py:104} INFO - hi everyone
[2022-11-16 01:26:52,795] {python.py:118} INFO - Done. Returned value was: hello world
[2022-11-16 01:26:54,790] {taskinstance.py:1166} INFO - Marking task as SUCCESS. dag_id=hello_world, task_id=hello_task, execution_date=20220111T000000, start_date=20221116T012632, end_date=20221116T012654
[2022-11-16 01:26:57,087] {local_task_job.py:188} WARNING - State of this instance has been externally set to success. Terminating instance.
[2022-11-16 01:26:57,216] {process_utils.py:100} INFO - Sending Signals.SIGTERM to GPID 143
[2022-11-16 01:26:57,260] {taskinstance.py:1239} ERROR - Received SIGTERM. Terminating subprocesses.
[2022-11-16 01:26:58,164] {process_utils.py:66} INFO - Process psutil.Process(pid=143, status='terminated', exitcode=1, started='01:26:39') (143) terminated with exit code 1
