[2022-11-16 01:35:24,152] {taskinstance.py:851} INFO - Dependencies all met for <TaskInstance: hello_world.hello_task 2022-03-20T00:00:00+00:00 [queued]>
[2022-11-16 01:35:25,263] {taskinstance.py:851} INFO - Dependencies all met for <TaskInstance: hello_world.hello_task 2022-03-20T00:00:00+00:00 [queued]>
[2022-11-16 01:35:25,299] {taskinstance.py:1042} INFO - 
--------------------------------------------------------------------------------
[2022-11-16 01:35:25,311] {taskinstance.py:1043} INFO - Starting attempt 1 of 1
[2022-11-16 01:35:25,319] {taskinstance.py:1044} INFO - 
--------------------------------------------------------------------------------
[2022-11-16 01:35:27,261] {taskinstance.py:1063} INFO - Executing <Task(PythonOperator): hello_task> on 2022-03-20T00:00:00+00:00
[2022-11-16 01:35:27,473] {standard_task_runner.py:52} INFO - Started process 459 to run task
[2022-11-16 01:35:27,836] {standard_task_runner.py:76} INFO - Running: ['airflow', 'tasks', 'run', 'hello_world', 'hello_task', '2022-03-20T00:00:00+00:00', '--job-id', '93', '--pool', 'default_pool', '--raw', '--subdir', 'DAGS_FOLDER/index.py', '--cfg-path', '/tmp/tmpuyg7bgs8', '--error-file', '/tmp/tmpwc2_zsob']
[2022-11-16 01:35:27,891] {standard_task_runner.py:77} INFO - Job 93: Subtask hello_task
[2022-11-16 01:35:30,082] {logging_mixin.py:104} INFO - Running <TaskInstance: hello_world.hello_task 2022-03-20T00:00:00+00:00 [running]> on host 001906ffd7c9
[2022-11-16 01:35:32,839] {taskinstance.py:1257} INFO - Exporting the following env vars:
AIRFLOW_CTX_DAG_OWNER=airflow
AIRFLOW_CTX_DAG_ID=hello_world
AIRFLOW_CTX_TASK_ID=hello_task
AIRFLOW_CTX_EXECUTION_DATE=2022-03-20T00:00:00+00:00
AIRFLOW_CTX_DAG_RUN_ID=scheduled__2022-03-20T00:00:00+00:00
[2022-11-16 01:35:32,904] {logging_mixin.py:104} INFO - hi everyone
[2022-11-16 01:35:32,951] {python.py:118} INFO - Done. Returned value was: hello world
[2022-11-16 01:35:33,958] {taskinstance.py:1166} INFO - Marking task as SUCCESS. dag_id=hello_world, task_id=hello_task, execution_date=20220320T000000, start_date=20221116T013524, end_date=20221116T013533
[2022-11-16 01:35:37,425] {taskinstance.py:1220} INFO - 0 downstream tasks scheduled from follow-on schedule check
[2022-11-16 01:35:37,770] {local_task_job.py:146} INFO - Task exited with return code 0
