[2022-11-16 01:33:23,383] {taskinstance.py:851} INFO - Dependencies all met for <TaskInstance: hello_world.hello_task 2022-03-05T00:00:00+00:00 [queued]>
[2022-11-16 01:33:24,231] {taskinstance.py:851} INFO - Dependencies all met for <TaskInstance: hello_world.hello_task 2022-03-05T00:00:00+00:00 [queued]>
[2022-11-16 01:33:24,238] {taskinstance.py:1042} INFO - 
--------------------------------------------------------------------------------
[2022-11-16 01:33:24,250] {taskinstance.py:1043} INFO - Starting attempt 1 of 1
[2022-11-16 01:33:24,257] {taskinstance.py:1044} INFO - 
--------------------------------------------------------------------------------
[2022-11-16 01:33:25,044] {taskinstance.py:1063} INFO - Executing <Task(PythonOperator): hello_task> on 2022-03-05T00:00:00+00:00
[2022-11-16 01:33:25,134] {standard_task_runner.py:52} INFO - Started process 373 to run task
[2022-11-16 01:33:25,560] {standard_task_runner.py:76} INFO - Running: ['airflow', 'tasks', 'run', 'hello_world', 'hello_task', '2022-03-05T00:00:00+00:00', '--job-id', '73', '--pool', 'default_pool', '--raw', '--subdir', 'DAGS_FOLDER/index.py', '--cfg-path', '/tmp/tmpqaxl1ct7', '--error-file', '/tmp/tmp1pqa9ri5']
[2022-11-16 01:33:25,609] {standard_task_runner.py:77} INFO - Job 73: Subtask hello_task
[2022-11-16 01:33:27,635] {logging_mixin.py:104} INFO - Running <TaskInstance: hello_world.hello_task 2022-03-05T00:00:00+00:00 [running]> on host 001906ffd7c9
[2022-11-16 01:33:30,663] {taskinstance.py:1257} INFO - Exporting the following env vars:
AIRFLOW_CTX_DAG_OWNER=airflow
AIRFLOW_CTX_DAG_ID=hello_world
AIRFLOW_CTX_TASK_ID=hello_task
AIRFLOW_CTX_EXECUTION_DATE=2022-03-05T00:00:00+00:00
AIRFLOW_CTX_DAG_RUN_ID=scheduled__2022-03-05T00:00:00+00:00
[2022-11-16 01:33:30,702] {logging_mixin.py:104} INFO - hi everyone
[2022-11-16 01:33:30,709] {python.py:118} INFO - Done. Returned value was: hello world
[2022-11-16 01:33:31,861] {taskinstance.py:1166} INFO - Marking task as SUCCESS. dag_id=hello_world, task_id=hello_task, execution_date=20220305T000000, start_date=20221116T013323, end_date=20221116T013331
[2022-11-16 01:33:34,623] {taskinstance.py:1220} INFO - 0 downstream tasks scheduled from follow-on schedule check
[2022-11-16 01:33:35,339] {local_task_job.py:146} INFO - Task exited with return code 0
