[2022-11-16 01:28:25,832] {taskinstance.py:851} INFO - Dependencies all met for <TaskInstance: hello_world.hello_task 2022-02-01T00:00:00+00:00 [queued]>
[2022-11-16 01:28:27,656] {taskinstance.py:851} INFO - Dependencies all met for <TaskInstance: hello_world.hello_task 2022-02-01T00:00:00+00:00 [queued]>
[2022-11-16 01:28:27,702] {taskinstance.py:1042} INFO - 
--------------------------------------------------------------------------------
[2022-11-16 01:28:27,710] {taskinstance.py:1043} INFO - Starting attempt 1 of 1
[2022-11-16 01:28:27,727] {taskinstance.py:1044} INFO - 
--------------------------------------------------------------------------------
[2022-11-16 01:28:28,967] {taskinstance.py:1063} INFO - Executing <Task(PythonOperator): hello_task> on 2022-02-01T00:00:00+00:00
[2022-11-16 01:28:29,268] {standard_task_runner.py:52} INFO - Started process 219 to run task
[2022-11-16 01:28:29,748] {standard_task_runner.py:76} INFO - Running: ['airflow', 'tasks', 'run', 'hello_world', 'hello_task', '2022-02-01T00:00:00+00:00', '--job-id', '33', '--pool', 'default_pool', '--raw', '--subdir', 'DAGS_FOLDER/index.py', '--cfg-path', '/tmp/tmp9uxobmv0', '--error-file', '/tmp/tmpsgjeme8t']
[2022-11-16 01:28:29,806] {standard_task_runner.py:77} INFO - Job 33: Subtask hello_task
[2022-11-16 01:28:32,899] {logging_mixin.py:104} INFO - Running <TaskInstance: hello_world.hello_task 2022-02-01T00:00:00+00:00 [running]> on host 001906ffd7c9
[2022-11-16 01:28:34,580] {taskinstance.py:1257} INFO - Exporting the following env vars:
AIRFLOW_CTX_DAG_OWNER=airflow
AIRFLOW_CTX_DAG_ID=hello_world
AIRFLOW_CTX_TASK_ID=hello_task
AIRFLOW_CTX_EXECUTION_DATE=2022-02-01T00:00:00+00:00
AIRFLOW_CTX_DAG_RUN_ID=scheduled__2022-02-01T00:00:00+00:00
[2022-11-16 01:28:34,597] {logging_mixin.py:104} INFO - hi everyone
[2022-11-16 01:28:34,608] {python.py:118} INFO - Done. Returned value was: hello world
[2022-11-16 01:28:35,586] {taskinstance.py:1166} INFO - Marking task as SUCCESS. dag_id=hello_world, task_id=hello_task, execution_date=20220201T000000, start_date=20221116T012826, end_date=20221116T012835
[2022-11-16 01:28:37,459] {taskinstance.py:1220} INFO - 0 downstream tasks scheduled from follow-on schedule check
[2022-11-16 01:28:38,420] {local_task_job.py:146} INFO - Task exited with return code 0
