[2022-11-16 01:30:34,023] {taskinstance.py:851} INFO - Dependencies all met for <TaskInstance: hello_world.hello_task 2022-02-19T00:00:00+00:00 [queued]>
[2022-11-16 01:30:38,243] {taskinstance.py:851} INFO - Dependencies all met for <TaskInstance: hello_world.hello_task 2022-02-19T00:00:00+00:00 [queued]>
[2022-11-16 01:30:38,263] {taskinstance.py:1042} INFO - 
--------------------------------------------------------------------------------
[2022-11-16 01:30:38,276] {taskinstance.py:1043} INFO - Starting attempt 1 of 1
[2022-11-16 01:30:38,297] {taskinstance.py:1044} INFO - 
--------------------------------------------------------------------------------
[2022-11-16 01:30:38,743] {taskinstance.py:1063} INFO - Executing <Task(PythonOperator): hello_task> on 2022-02-19T00:00:00+00:00
[2022-11-16 01:30:39,034] {standard_task_runner.py:76} INFO - Running: ['airflow', 'tasks', 'run', 'hello_world', 'hello_task', '2022-02-19T00:00:00+00:00', '--job-id', '51', '--pool', 'default_pool', '--raw', '--subdir', 'DAGS_FOLDER/index.py', '--cfg-path', '/tmp/tmpp0hgee7s', '--error-file', '/tmp/tmpx52_hwf_']
[2022-11-16 01:30:39,072] {standard_task_runner.py:77} INFO - Job 51: Subtask hello_task
[2022-11-16 01:30:38,864] {standard_task_runner.py:52} INFO - Started process 291 to run task
[2022-11-16 01:30:41,150] {logging_mixin.py:104} INFO - Running <TaskInstance: hello_world.hello_task 2022-02-19T00:00:00+00:00 [running]> on host 001906ffd7c9
[2022-11-16 01:30:42,874] {taskinstance.py:1257} INFO - Exporting the following env vars:
AIRFLOW_CTX_DAG_OWNER=airflow
AIRFLOW_CTX_DAG_ID=hello_world
AIRFLOW_CTX_TASK_ID=hello_task
AIRFLOW_CTX_EXECUTION_DATE=2022-02-19T00:00:00+00:00
AIRFLOW_CTX_DAG_RUN_ID=scheduled__2022-02-19T00:00:00+00:00
[2022-11-16 01:30:42,924] {logging_mixin.py:104} INFO - hi everyone
[2022-11-16 01:30:42,936] {python.py:118} INFO - Done. Returned value was: hello world
[2022-11-16 01:30:45,732] {taskinstance.py:1166} INFO - Marking task as SUCCESS. dag_id=hello_world, task_id=hello_task, execution_date=20220219T000000, start_date=20221116T013034, end_date=20221116T013045
[2022-11-16 01:30:48,946] {taskinstance.py:1220} INFO - 0 downstream tasks scheduled from follow-on schedule check
[2022-11-16 01:30:49,654] {local_task_job.py:146} INFO - Task exited with return code 0
