[2022-11-16 01:35:44,378] {taskinstance.py:851} INFO - Dependencies all met for <TaskInstance: hello_world.hello_task 2022-03-22T00:00:00+00:00 [queued]>
[2022-11-16 01:35:45,609] {taskinstance.py:851} INFO - Dependencies all met for <TaskInstance: hello_world.hello_task 2022-03-22T00:00:00+00:00 [queued]>
[2022-11-16 01:35:45,630] {taskinstance.py:1042} INFO - 
--------------------------------------------------------------------------------
[2022-11-16 01:35:45,640] {taskinstance.py:1043} INFO - Starting attempt 1 of 1
[2022-11-16 01:35:45,653] {taskinstance.py:1044} INFO - 
--------------------------------------------------------------------------------
[2022-11-16 01:35:47,145] {taskinstance.py:1063} INFO - Executing <Task(PythonOperator): hello_task> on 2022-03-22T00:00:00+00:00
[2022-11-16 01:35:47,681] {standard_task_runner.py:76} INFO - Running: ['airflow', 'tasks', 'run', 'hello_world', 'hello_task', '2022-03-22T00:00:00+00:00', '--job-id', '96', '--pool', 'default_pool', '--raw', '--subdir', 'DAGS_FOLDER/index.py', '--cfg-path', '/tmp/tmpxc6_s0l9', '--error-file', '/tmp/tmprpylb27f']
[2022-11-16 01:35:47,372] {standard_task_runner.py:52} INFO - Started process 477 to run task
[2022-11-16 01:35:47,906] {standard_task_runner.py:77} INFO - Job 96: Subtask hello_task
[2022-11-16 01:35:50,230] {logging_mixin.py:104} INFO - Running <TaskInstance: hello_world.hello_task 2022-03-22T00:00:00+00:00 [running]> on host 001906ffd7c9
[2022-11-16 01:35:52,936] {taskinstance.py:1257} INFO - Exporting the following env vars:
AIRFLOW_CTX_DAG_OWNER=airflow
AIRFLOW_CTX_DAG_ID=hello_world
AIRFLOW_CTX_TASK_ID=hello_task
AIRFLOW_CTX_EXECUTION_DATE=2022-03-22T00:00:00+00:00
AIRFLOW_CTX_DAG_RUN_ID=scheduled__2022-03-22T00:00:00+00:00
[2022-11-16 01:35:53,021] {logging_mixin.py:104} INFO - hi everyone
[2022-11-16 01:35:53,028] {python.py:118} INFO - Done. Returned value was: hello world
[2022-11-16 01:35:53,443] {taskinstance.py:1166} INFO - Marking task as SUCCESS. dag_id=hello_world, task_id=hello_task, execution_date=20220322T000000, start_date=20221116T013544, end_date=20221116T013553
[2022-11-16 01:35:54,221] {local_task_job.py:188} WARNING - State of this instance has been externally set to success. Terminating instance.
[2022-11-16 01:35:54,433] {process_utils.py:100} INFO - Sending Signals.SIGTERM to GPID 477
[2022-11-16 01:35:55,174] {taskinstance.py:1239} ERROR - Received SIGTERM. Terminating subprocesses.
[2022-11-16 01:35:55,841] {process_utils.py:66} INFO - Process psutil.Process(pid=477, status='terminated', exitcode=1, started='01:35:46') (477) terminated with exit code 1
