[2022-11-16 01:33:10,917] {taskinstance.py:851} INFO - Dependencies all met for <TaskInstance: hello_world.goodbye_task 2022-02-24T00:00:00+00:00 [queued]>
[2022-11-16 01:33:11,917] {taskinstance.py:851} INFO - Dependencies all met for <TaskInstance: hello_world.goodbye_task 2022-02-24T00:00:00+00:00 [queued]>
[2022-11-16 01:33:11,969] {taskinstance.py:1042} INFO - 
--------------------------------------------------------------------------------
[2022-11-16 01:33:11,977] {taskinstance.py:1043} INFO - Starting attempt 1 of 1
[2022-11-16 01:33:11,986] {taskinstance.py:1044} INFO - 
--------------------------------------------------------------------------------
[2022-11-16 01:33:12,770] {taskinstance.py:1063} INFO - Executing <Task(PythonOperator): goodbye_task> on 2022-02-24T00:00:00+00:00
[2022-11-16 01:33:12,905] {standard_task_runner.py:52} INFO - Started process 361 to run task
[2022-11-16 01:33:13,070] {standard_task_runner.py:76} INFO - Running: ['airflow', 'tasks', 'run', 'hello_world', 'goodbye_task', '2022-02-24T00:00:00+00:00', '--job-id', '70', '--pool', 'default_pool', '--raw', '--subdir', 'DAGS_FOLDER/index.py', '--cfg-path', '/tmp/tmpug0cw3so', '--error-file', '/tmp/tmpq3sulrv9']
[2022-11-16 01:33:13,097] {standard_task_runner.py:77} INFO - Job 70: Subtask goodbye_task
[2022-11-16 01:33:15,578] {logging_mixin.py:104} INFO - Running <TaskInstance: hello_world.goodbye_task 2022-02-24T00:00:00+00:00 [running]> on host 001906ffd7c9
[2022-11-16 01:33:16,971] {taskinstance.py:1257} INFO - Exporting the following env vars:
AIRFLOW_CTX_DAG_OWNER=airflow
AIRFLOW_CTX_DAG_ID=hello_world
AIRFLOW_CTX_TASK_ID=goodbye_task
AIRFLOW_CTX_EXECUTION_DATE=2022-02-24T00:00:00+00:00
AIRFLOW_CTX_DAG_RUN_ID=scheduled__2022-02-24T00:00:00+00:00
[2022-11-16 01:33:17,060] {logging_mixin.py:104} INFO - bye all
[2022-11-16 01:33:17,074] {python.py:118} INFO - Done. Returned value was: bye
[2022-11-16 01:33:18,107] {taskinstance.py:1166} INFO - Marking task as SUCCESS. dag_id=hello_world, task_id=goodbye_task, execution_date=20220224T000000, start_date=20221116T013311, end_date=20221116T013318
[2022-11-16 01:33:20,317] {local_task_job.py:188} WARNING - State of this instance has been externally set to success. Terminating instance.
[2022-11-16 01:33:20,502] {process_utils.py:100} INFO - Sending Signals.SIGTERM to GPID 361
[2022-11-16 01:33:20,532] {taskinstance.py:1239} ERROR - Received SIGTERM. Terminating subprocesses.
[2022-11-16 01:33:20,847] {process_utils.py:66} INFO - Process psutil.Process(pid=361, status='terminated', exitcode=1, started='01:33:12') (361) terminated with exit code 1
