[2022-11-16 01:34:44,991] {taskinstance.py:851} INFO - Dependencies all met for <TaskInstance: hello_world.hello_task 2022-03-16T00:00:00+00:00 [queued]>
[2022-11-16 01:34:47,322] {taskinstance.py:851} INFO - Dependencies all met for <TaskInstance: hello_world.hello_task 2022-03-16T00:00:00+00:00 [queued]>
[2022-11-16 01:34:47,401] {taskinstance.py:1042} INFO - 
--------------------------------------------------------------------------------
[2022-11-16 01:34:47,447] {taskinstance.py:1043} INFO - Starting attempt 1 of 1
[2022-11-16 01:34:47,462] {taskinstance.py:1044} INFO - 
--------------------------------------------------------------------------------
[2022-11-16 01:34:49,324] {taskinstance.py:1063} INFO - Executing <Task(PythonOperator): hello_task> on 2022-03-16T00:00:00+00:00
[2022-11-16 01:34:49,699] {standard_task_runner.py:52} INFO - Started process 441 to run task
[2022-11-16 01:34:50,480] {standard_task_runner.py:76} INFO - Running: ['airflow', 'tasks', 'run', 'hello_world', 'hello_task', '2022-03-16T00:00:00+00:00', '--job-id', '90', '--pool', 'default_pool', '--raw', '--subdir', 'DAGS_FOLDER/index.py', '--cfg-path', '/tmp/tmpll8z2l1u', '--error-file', '/tmp/tmpkaxefe99']
[2022-11-16 01:34:50,500] {standard_task_runner.py:77} INFO - Job 90: Subtask hello_task
[2022-11-16 01:34:58,684] {logging_mixin.py:104} INFO - Running <TaskInstance: hello_world.hello_task 2022-03-16T00:00:00+00:00 [running]> on host 001906ffd7c9
[2022-11-16 01:35:03,834] {taskinstance.py:1257} INFO - Exporting the following env vars:
AIRFLOW_CTX_DAG_OWNER=airflow
AIRFLOW_CTX_DAG_ID=hello_world
AIRFLOW_CTX_TASK_ID=hello_task
AIRFLOW_CTX_EXECUTION_DATE=2022-03-16T00:00:00+00:00
AIRFLOW_CTX_DAG_RUN_ID=scheduled__2022-03-16T00:00:00+00:00
[2022-11-16 01:35:04,152] {logging_mixin.py:104} INFO - hi everyone
[2022-11-16 01:35:04,250] {python.py:118} INFO - Done. Returned value was: hello world
[2022-11-16 01:35:08,872] {taskinstance.py:1166} INFO - Marking task as SUCCESS. dag_id=hello_world, task_id=hello_task, execution_date=20220316T000000, start_date=20221116T013445, end_date=20221116T013508
[2022-11-16 01:35:11,685] {taskinstance.py:1220} INFO - 1 downstream tasks scheduled from follow-on schedule check
[2022-11-16 01:35:13,051] {local_task_job.py:146} INFO - Task exited with return code 0
