[2022-11-16 01:28:58,745] {taskinstance.py:851} INFO - Dependencies all met for <TaskInstance: hello_world.hello_task 2022-02-06T00:00:00+00:00 [queued]>
[2022-11-16 01:29:00,338] {taskinstance.py:851} INFO - Dependencies all met for <TaskInstance: hello_world.hello_task 2022-02-06T00:00:00+00:00 [queued]>
[2022-11-16 01:29:00,355] {taskinstance.py:1042} INFO - 
--------------------------------------------------------------------------------
[2022-11-16 01:29:00,378] {taskinstance.py:1043} INFO - Starting attempt 1 of 1
[2022-11-16 01:29:00,392] {taskinstance.py:1044} INFO - 
--------------------------------------------------------------------------------
[2022-11-16 01:29:01,036] {taskinstance.py:1063} INFO - Executing <Task(PythonOperator): hello_task> on 2022-02-06T00:00:00+00:00
[2022-11-16 01:29:01,158] {standard_task_runner.py:52} INFO - Started process 241 to run task
[2022-11-16 01:29:01,423] {standard_task_runner.py:76} INFO - Running: ['airflow', 'tasks', 'run', 'hello_world', 'hello_task', '2022-02-06T00:00:00+00:00', '--job-id', '39', '--pool', 'default_pool', '--raw', '--subdir', 'DAGS_FOLDER/index.py', '--cfg-path', '/tmp/tmptlfpbt5w', '--error-file', '/tmp/tmpno2l6saj']
[2022-11-16 01:29:01,442] {standard_task_runner.py:77} INFO - Job 39: Subtask hello_task
[2022-11-16 01:29:04,409] {logging_mixin.py:104} INFO - Running <TaskInstance: hello_world.hello_task 2022-02-06T00:00:00+00:00 [running]> on host 001906ffd7c9
[2022-11-16 01:29:09,736] {taskinstance.py:1257} INFO - Exporting the following env vars:
AIRFLOW_CTX_DAG_OWNER=airflow
AIRFLOW_CTX_DAG_ID=hello_world
AIRFLOW_CTX_TASK_ID=hello_task
AIRFLOW_CTX_EXECUTION_DATE=2022-02-06T00:00:00+00:00
AIRFLOW_CTX_DAG_RUN_ID=scheduled__2022-02-06T00:00:00+00:00
[2022-11-16 01:29:09,868] {logging_mixin.py:104} INFO - hi everyone
[2022-11-16 01:29:09,899] {python.py:118} INFO - Done. Returned value was: hello world
[2022-11-16 01:29:11,916] {taskinstance.py:1166} INFO - Marking task as SUCCESS. dag_id=hello_world, task_id=hello_task, execution_date=20220206T000000, start_date=20221116T012859, end_date=20221116T012911
[2022-11-16 01:29:15,770] {taskinstance.py:1220} INFO - 0 downstream tasks scheduled from follow-on schedule check
[2022-11-16 01:29:16,242] {local_task_job.py:146} INFO - Task exited with return code 0
