[2022-11-16 01:35:33,908] {taskinstance.py:851} INFO - Dependencies all met for <TaskInstance: hello_world.goodbye_task 2022-03-14T00:00:00+00:00 [queued]>
[2022-11-16 01:35:35,493] {taskinstance.py:851} INFO - Dependencies all met for <TaskInstance: hello_world.goodbye_task 2022-03-14T00:00:00+00:00 [queued]>
[2022-11-16 01:35:35,515] {taskinstance.py:1042} INFO - 
--------------------------------------------------------------------------------
[2022-11-16 01:35:35,530] {taskinstance.py:1043} INFO - Starting attempt 1 of 1
[2022-11-16 01:35:35,540] {taskinstance.py:1044} INFO - 
--------------------------------------------------------------------------------
[2022-11-16 01:35:36,050] {taskinstance.py:1063} INFO - Executing <Task(PythonOperator): goodbye_task> on 2022-03-14T00:00:00+00:00
[2022-11-16 01:35:36,332] {standard_task_runner.py:76} INFO - Running: ['airflow', 'tasks', 'run', 'hello_world', 'goodbye_task', '2022-03-14T00:00:00+00:00', '--job-id', '94', '--pool', 'default_pool', '--raw', '--subdir', 'DAGS_FOLDER/index.py', '--cfg-path', '/tmp/tmp31rmnzpc', '--error-file', '/tmp/tmpel50rq2d']
[2022-11-16 01:35:36,399] {standard_task_runner.py:77} INFO - Job 94: Subtask goodbye_task
[2022-11-16 01:35:36,209] {standard_task_runner.py:52} INFO - Started process 469 to run task
[2022-11-16 01:35:39,045] {logging_mixin.py:104} INFO - Running <TaskInstance: hello_world.goodbye_task 2022-03-14T00:00:00+00:00 [running]> on host 001906ffd7c9
[2022-11-16 01:35:39,622] {taskinstance.py:845} INFO - Dependencies not met for <TaskInstance: hello_world.goodbye_task 2022-03-14T00:00:00+00:00 [running]>, dependency 'Task Instance Not Running' FAILED: Task is in the running state
[2022-11-16 01:35:39,633] {taskinstance.py:845} INFO - Dependencies not met for <TaskInstance: hello_world.goodbye_task 2022-03-14T00:00:00+00:00 [running]>, dependency 'Task Instance State' FAILED: Task is in the 'running' state which is not a valid state for execution. The task must be cleared in order to be run.
[2022-11-16 01:35:39,665] {local_task_job.py:93} INFO - Task is not able to be run
[2022-11-16 01:35:42,299] {taskinstance.py:1257} INFO - Exporting the following env vars:
AIRFLOW_CTX_DAG_OWNER=airflow
AIRFLOW_CTX_DAG_ID=hello_world
AIRFLOW_CTX_TASK_ID=goodbye_task
AIRFLOW_CTX_EXECUTION_DATE=2022-03-14T00:00:00+00:00
AIRFLOW_CTX_DAG_RUN_ID=scheduled__2022-03-14T00:00:00+00:00
[2022-11-16 01:35:42,405] {logging_mixin.py:104} INFO - bye all
[2022-11-16 01:35:42,426] {python.py:118} INFO - Done. Returned value was: bye
[2022-11-16 01:35:43,403] {taskinstance.py:1166} INFO - Marking task as SUCCESS. dag_id=hello_world, task_id=goodbye_task, execution_date=20220314T000000, start_date=20221116T013534, end_date=20221116T013543
[2022-11-16 01:35:44,398] {taskinstance.py:1220} INFO - 0 downstream tasks scheduled from follow-on schedule check
[2022-11-16 01:35:45,027] {local_task_job.py:146} INFO - Task exited with return code 0
