[2022-11-16 01:35:59,454] {taskinstance.py:851} INFO - Dependencies all met for <TaskInstance: hello_world.goodbye_task 2022-03-17T00:00:00+00:00 [queued]>
[2022-11-16 01:36:01,362] {taskinstance.py:851} INFO - Dependencies all met for <TaskInstance: hello_world.goodbye_task 2022-03-17T00:00:00+00:00 [queued]>
[2022-11-16 01:36:01,379] {taskinstance.py:1042} INFO - 
--------------------------------------------------------------------------------
[2022-11-16 01:36:01,385] {taskinstance.py:1043} INFO - Starting attempt 1 of 1
[2022-11-16 01:36:01,388] {taskinstance.py:1044} INFO - 
--------------------------------------------------------------------------------
[2022-11-16 01:36:02,119] {taskinstance.py:1063} INFO - Executing <Task(PythonOperator): goodbye_task> on 2022-03-17T00:00:00+00:00
[2022-11-16 01:36:02,479] {standard_task_runner.py:76} INFO - Running: ['airflow', 'tasks', 'run', 'hello_world', 'goodbye_task', '2022-03-17T00:00:00+00:00', '--job-id', '100', '--pool', 'default_pool', '--raw', '--subdir', 'DAGS_FOLDER/index.py', '--cfg-path', '/tmp/tmpin9s2or2', '--error-file', '/tmp/tmpw8s2qzgj']
[2022-11-16 01:36:02,520] {standard_task_runner.py:77} INFO - Job 100: Subtask goodbye_task
[2022-11-16 01:36:02,294] {standard_task_runner.py:52} INFO - Started process 493 to run task
[2022-11-16 01:36:06,665] {logging_mixin.py:104} INFO - Running <TaskInstance: hello_world.goodbye_task 2022-03-17T00:00:00+00:00 [running]> on host 001906ffd7c9
[2022-11-16 01:36:14,186] {taskinstance.py:1257} INFO - Exporting the following env vars:
AIRFLOW_CTX_DAG_OWNER=airflow
AIRFLOW_CTX_DAG_ID=hello_world
AIRFLOW_CTX_TASK_ID=goodbye_task
AIRFLOW_CTX_EXECUTION_DATE=2022-03-17T00:00:00+00:00
AIRFLOW_CTX_DAG_RUN_ID=scheduled__2022-03-17T00:00:00+00:00
[2022-11-16 01:36:14,446] {logging_mixin.py:104} INFO - bye all
[2022-11-16 01:36:14,477] {python.py:118} INFO - Done. Returned value was: bye
[2022-11-16 01:36:15,851] {taskinstance.py:1166} INFO - Marking task as SUCCESS. dag_id=hello_world, task_id=goodbye_task, execution_date=20220317T000000, start_date=20221116T013559, end_date=20221116T013615
[2022-11-16 01:36:21,467] {taskinstance.py:1220} INFO - 0 downstream tasks scheduled from follow-on schedule check
[2022-11-16 01:36:23,532] {local_task_job.py:146} INFO - Task exited with return code 0
