[2022-11-16 01:33:45,028] {taskinstance.py:851} INFO - Dependencies all met for <TaskInstance: hello_world.hello_task 2022-03-09T00:00:00+00:00 [queued]>
[2022-11-16 01:33:45,868] {taskinstance.py:851} INFO - Dependencies all met for <TaskInstance: hello_world.hello_task 2022-03-09T00:00:00+00:00 [queued]>
[2022-11-16 01:33:45,880] {taskinstance.py:1042} INFO - 
--------------------------------------------------------------------------------
[2022-11-16 01:33:45,920] {taskinstance.py:1043} INFO - Starting attempt 1 of 1
[2022-11-16 01:33:45,928] {taskinstance.py:1044} INFO - 
--------------------------------------------------------------------------------
[2022-11-16 01:33:47,000] {taskinstance.py:1063} INFO - Executing <Task(PythonOperator): hello_task> on 2022-03-09T00:00:00+00:00
[2022-11-16 01:33:47,204] {standard_task_runner.py:52} INFO - Started process 390 to run task
[2022-11-16 01:33:47,790] {standard_task_runner.py:76} INFO - Running: ['airflow', 'tasks', 'run', 'hello_world', 'hello_task', '2022-03-09T00:00:00+00:00', '--job-id', '76', '--pool', 'default_pool', '--raw', '--subdir', 'DAGS_FOLDER/index.py', '--cfg-path', '/tmp/tmpcb5ww6qw', '--error-file', '/tmp/tmpgmy0n4e6']
[2022-11-16 01:33:47,868] {standard_task_runner.py:77} INFO - Job 76: Subtask hello_task
[2022-11-16 01:33:49,830] {logging_mixin.py:104} INFO - Running <TaskInstance: hello_world.hello_task 2022-03-09T00:00:00+00:00 [running]> on host 001906ffd7c9
[2022-11-16 01:33:51,370] {taskinstance.py:1257} INFO - Exporting the following env vars:
AIRFLOW_CTX_DAG_OWNER=airflow
AIRFLOW_CTX_DAG_ID=hello_world
AIRFLOW_CTX_TASK_ID=hello_task
AIRFLOW_CTX_EXECUTION_DATE=2022-03-09T00:00:00+00:00
AIRFLOW_CTX_DAG_RUN_ID=scheduled__2022-03-09T00:00:00+00:00
[2022-11-16 01:33:51,432] {logging_mixin.py:104} INFO - hi everyone
[2022-11-16 01:33:51,446] {python.py:118} INFO - Done. Returned value was: hello world
[2022-11-16 01:33:52,623] {taskinstance.py:1166} INFO - Marking task as SUCCESS. dag_id=hello_world, task_id=hello_task, execution_date=20220309T000000, start_date=20221116T013345, end_date=20221116T013352
[2022-11-16 01:33:54,312] {local_task_job.py:188} WARNING - State of this instance has been externally set to success. Terminating instance.
[2022-11-16 01:33:54,629] {process_utils.py:100} INFO - Sending Signals.SIGTERM to GPID 390
[2022-11-16 01:33:56,601] {taskinstance.py:1239} ERROR - Received SIGTERM. Terminating subprocesses.
[2022-11-16 01:33:58,222] {process_utils.py:66} INFO - Process psutil.Process(pid=390, status='terminated', exitcode=1, started='01:33:46') (390) terminated with exit code 1
