[2022-11-16 01:27:29,321] {taskinstance.py:851} INFO - Dependencies all met for <TaskInstance: hello_world.hello_task 2022-01-24T00:00:00+00:00 [queued]>
[2022-11-16 01:27:29,762] {taskinstance.py:851} INFO - Dependencies all met for <TaskInstance: hello_world.hello_task 2022-01-24T00:00:00+00:00 [queued]>
[2022-11-16 01:27:29,775] {taskinstance.py:1042} INFO - 
--------------------------------------------------------------------------------
[2022-11-16 01:27:29,785] {taskinstance.py:1043} INFO - Starting attempt 1 of 1
[2022-11-16 01:27:29,789] {taskinstance.py:1044} INFO - 
--------------------------------------------------------------------------------
[2022-11-16 01:27:30,235] {taskinstance.py:1063} INFO - Executing <Task(PythonOperator): hello_task> on 2022-01-24T00:00:00+00:00
[2022-11-16 01:27:30,331] {standard_task_runner.py:52} INFO - Started process 175 to run task
[2022-11-16 01:27:30,452] {standard_task_runner.py:76} INFO - Running: ['airflow', 'tasks', 'run', 'hello_world', 'hello_task', '2022-01-24T00:00:00+00:00', '--job-id', '25', '--pool', 'default_pool', '--raw', '--subdir', 'DAGS_FOLDER/index.py', '--cfg-path', '/tmp/tmpdxndjnzm', '--error-file', '/tmp/tmp697trom1']
[2022-11-16 01:27:30,463] {standard_task_runner.py:77} INFO - Job 25: Subtask hello_task
[2022-11-16 01:27:31,236] {logging_mixin.py:104} INFO - Running <TaskInstance: hello_world.hello_task 2022-01-24T00:00:00+00:00 [running]> on host 001906ffd7c9
[2022-11-16 01:27:31,834] {taskinstance.py:1257} INFO - Exporting the following env vars:
AIRFLOW_CTX_DAG_OWNER=airflow
AIRFLOW_CTX_DAG_ID=hello_world
AIRFLOW_CTX_TASK_ID=hello_task
AIRFLOW_CTX_EXECUTION_DATE=2022-01-24T00:00:00+00:00
AIRFLOW_CTX_DAG_RUN_ID=scheduled__2022-01-24T00:00:00+00:00
[2022-11-16 01:27:31,854] {logging_mixin.py:104} INFO - hi everyone
[2022-11-16 01:27:31,865] {python.py:118} INFO - Done. Returned value was: hello world
[2022-11-16 01:27:32,223] {taskinstance.py:1166} INFO - Marking task as SUCCESS. dag_id=hello_world, task_id=hello_task, execution_date=20220124T000000, start_date=20221116T012729, end_date=20221116T012732
[2022-11-16 01:27:33,347] {taskinstance.py:1220} INFO - 0 downstream tasks scheduled from follow-on schedule check
[2022-11-16 01:27:34,026] {local_task_job.py:146} INFO - Task exited with return code 0
