[2022-11-16 01:35:21,421] {taskinstance.py:851} INFO - Dependencies all met for <TaskInstance: hello_world.goodbye_task 2022-03-12T00:00:00+00:00 [queued]>
[2022-11-16 01:35:22,598] {taskinstance.py:851} INFO - Dependencies all met for <TaskInstance: hello_world.goodbye_task 2022-03-12T00:00:00+00:00 [queued]>
[2022-11-16 01:35:22,726] {taskinstance.py:1042} INFO - 
--------------------------------------------------------------------------------
[2022-11-16 01:35:22,732] {taskinstance.py:1043} INFO - Starting attempt 1 of 1
[2022-11-16 01:35:22,739] {taskinstance.py:1044} INFO - 
--------------------------------------------------------------------------------
[2022-11-16 01:35:23,925] {taskinstance.py:1063} INFO - Executing <Task(PythonOperator): goodbye_task> on 2022-03-12T00:00:00+00:00
[2022-11-16 01:35:24,035] {standard_task_runner.py:52} INFO - Started process 457 to run task
[2022-11-16 01:35:24,751] {standard_task_runner.py:76} INFO - Running: ['airflow', 'tasks', 'run', 'hello_world', 'goodbye_task', '2022-03-12T00:00:00+00:00', '--job-id', '92', '--pool', 'default_pool', '--raw', '--subdir', 'DAGS_FOLDER/index.py', '--cfg-path', '/tmp/tmptpk2d_nu', '--error-file', '/tmp/tmpz7vof0me']
[2022-11-16 01:35:24,802] {standard_task_runner.py:77} INFO - Job 92: Subtask goodbye_task
[2022-11-16 01:35:28,051] {logging_mixin.py:104} INFO - Running <TaskInstance: hello_world.goodbye_task 2022-03-12T00:00:00+00:00 [running]> on host 001906ffd7c9
[2022-11-16 01:35:29,932] {taskinstance.py:1257} INFO - Exporting the following env vars:
AIRFLOW_CTX_DAG_OWNER=airflow
AIRFLOW_CTX_DAG_ID=hello_world
AIRFLOW_CTX_TASK_ID=goodbye_task
AIRFLOW_CTX_EXECUTION_DATE=2022-03-12T00:00:00+00:00
AIRFLOW_CTX_DAG_RUN_ID=scheduled__2022-03-12T00:00:00+00:00
[2022-11-16 01:35:29,958] {logging_mixin.py:104} INFO - bye all
[2022-11-16 01:35:29,973] {python.py:118} INFO - Done. Returned value was: bye
[2022-11-16 01:35:30,522] {taskinstance.py:1166} INFO - Marking task as SUCCESS. dag_id=hello_world, task_id=goodbye_task, execution_date=20220312T000000, start_date=20221116T013521, end_date=20221116T013530
[2022-11-16 01:35:31,949] {taskinstance.py:1220} INFO - 0 downstream tasks scheduled from follow-on schedule check
[2022-11-16 01:35:32,886] {local_task_job.py:146} INFO - Task exited with return code 0
