[2022-11-16 01:26:54,510] {taskinstance.py:851} INFO - Dependencies all met for <TaskInstance: hello_world.hello_task 2022-01-12T00:00:00+00:00 [queued]>
[2022-11-16 01:26:56,885] {taskinstance.py:851} INFO - Dependencies all met for <TaskInstance: hello_world.hello_task 2022-01-12T00:00:00+00:00 [queued]>
[2022-11-16 01:26:56,956] {taskinstance.py:1042} INFO - 
--------------------------------------------------------------------------------
[2022-11-16 01:26:56,972] {taskinstance.py:1043} INFO - Starting attempt 1 of 1
[2022-11-16 01:26:56,989] {taskinstance.py:1044} INFO - 
--------------------------------------------------------------------------------
[2022-11-16 01:26:57,907] {taskinstance.py:1063} INFO - Executing <Task(PythonOperator): hello_task> on 2022-01-12T00:00:00+00:00
[2022-11-16 01:26:57,979] {standard_task_runner.py:52} INFO - Started process 149 to run task
[2022-11-16 01:26:58,137] {standard_task_runner.py:76} INFO - Running: ['airflow', 'tasks', 'run', 'hello_world', 'hello_task', '2022-01-12T00:00:00+00:00', '--job-id', '14', '--pool', 'default_pool', '--raw', '--subdir', 'DAGS_FOLDER/index.py', '--cfg-path', '/tmp/tmp881n6ajr', '--error-file', '/tmp/tmpa_7f01k3']
[2022-11-16 01:26:58,169] {standard_task_runner.py:77} INFO - Job 14: Subtask hello_task
[2022-11-16 01:27:01,633] {logging_mixin.py:104} INFO - Running <TaskInstance: hello_world.hello_task 2022-01-12T00:00:00+00:00 [running]> on host 001906ffd7c9
[2022-11-16 01:27:03,633] {taskinstance.py:1257} INFO - Exporting the following env vars:
AIRFLOW_CTX_DAG_OWNER=airflow
AIRFLOW_CTX_DAG_ID=hello_world
AIRFLOW_CTX_TASK_ID=hello_task
AIRFLOW_CTX_EXECUTION_DATE=2022-01-12T00:00:00+00:00
AIRFLOW_CTX_DAG_RUN_ID=scheduled__2022-01-12T00:00:00+00:00
[2022-11-16 01:27:03,665] {logging_mixin.py:104} INFO - hi everyone
[2022-11-16 01:27:03,671] {python.py:118} INFO - Done. Returned value was: hello world
[2022-11-16 01:27:04,794] {taskinstance.py:1166} INFO - Marking task as SUCCESS. dag_id=hello_world, task_id=hello_task, execution_date=20220112T000000, start_date=20221116T012654, end_date=20221116T012704
[2022-11-16 01:27:08,546] {taskinstance.py:1220} INFO - 0 downstream tasks scheduled from follow-on schedule check
[2022-11-16 01:27:09,175] {local_task_job.py:146} INFO - Task exited with return code 0
