[2022-11-16 01:29:39,246] {taskinstance.py:851} INFO - Dependencies all met for <TaskInstance: hello_world.hello_task 2022-02-13T00:00:00+00:00 [queued]>
[2022-11-16 01:29:41,265] {taskinstance.py:851} INFO - Dependencies all met for <TaskInstance: hello_world.hello_task 2022-02-13T00:00:00+00:00 [queued]>
[2022-11-16 01:29:41,336] {taskinstance.py:1042} INFO - 
--------------------------------------------------------------------------------
[2022-11-16 01:29:41,431] {taskinstance.py:1043} INFO - Starting attempt 1 of 1
[2022-11-16 01:29:41,463] {taskinstance.py:1044} INFO - 
--------------------------------------------------------------------------------
[2022-11-16 01:29:43,311] {taskinstance.py:1063} INFO - Executing <Task(PythonOperator): hello_task> on 2022-02-13T00:00:00+00:00
[2022-11-16 01:29:43,768] {standard_task_runner.py:76} INFO - Running: ['airflow', 'tasks', 'run', 'hello_world', 'hello_task', '2022-02-13T00:00:00+00:00', '--job-id', '45', '--pool', 'default_pool', '--raw', '--subdir', 'DAGS_FOLDER/index.py', '--cfg-path', '/tmp/tmpq8sf8hch', '--error-file', '/tmp/tmpncw5twgi']
[2022-11-16 01:29:43,815] {standard_task_runner.py:77} INFO - Job 45: Subtask hello_task
[2022-11-16 01:29:43,622] {standard_task_runner.py:52} INFO - Started process 267 to run task
[2022-11-16 01:29:50,245] {logging_mixin.py:104} INFO - Running <TaskInstance: hello_world.hello_task 2022-02-13T00:00:00+00:00 [running]> on host 001906ffd7c9
[2022-11-16 01:29:58,361] {taskinstance.py:1257} INFO - Exporting the following env vars:
AIRFLOW_CTX_DAG_OWNER=airflow
AIRFLOW_CTX_DAG_ID=hello_world
AIRFLOW_CTX_TASK_ID=hello_task
AIRFLOW_CTX_EXECUTION_DATE=2022-02-13T00:00:00+00:00
AIRFLOW_CTX_DAG_RUN_ID=scheduled__2022-02-13T00:00:00+00:00
[2022-11-16 01:29:58,411] {logging_mixin.py:104} INFO - hi everyone
[2022-11-16 01:29:58,426] {python.py:118} INFO - Done. Returned value was: hello world
[2022-11-16 01:30:00,316] {taskinstance.py:1166} INFO - Marking task as SUCCESS. dag_id=hello_world, task_id=hello_task, execution_date=20220213T000000, start_date=20221116T012939, end_date=20221116T013000
[2022-11-16 01:30:09,050] {taskinstance.py:1220} INFO - 0 downstream tasks scheduled from follow-on schedule check
[2022-11-16 01:30:14,936] {local_task_job.py:146} INFO - Task exited with return code 0
