[2022-11-16 01:32:26,194] {taskinstance.py:851} INFO - Dependencies all met for <TaskInstance: hello_world.hello_task 2022-03-02T00:00:00+00:00 [queued]>
[2022-11-16 01:32:30,398] {taskinstance.py:851} INFO - Dependencies all met for <TaskInstance: hello_world.hello_task 2022-03-02T00:00:00+00:00 [queued]>
[2022-11-16 01:32:30,435] {taskinstance.py:1042} INFO - 
--------------------------------------------------------------------------------
[2022-11-16 01:32:30,456] {taskinstance.py:1043} INFO - Starting attempt 1 of 1
[2022-11-16 01:32:30,461] {taskinstance.py:1044} INFO - 
--------------------------------------------------------------------------------
[2022-11-16 01:32:32,907] {taskinstance.py:1063} INFO - Executing <Task(PythonOperator): hello_task> on 2022-03-02T00:00:00+00:00
[2022-11-16 01:32:33,191] {standard_task_runner.py:76} INFO - Running: ['airflow', 'tasks', 'run', 'hello_world', 'hello_task', '2022-03-02T00:00:00+00:00', '--job-id', '61', '--pool', 'default_pool', '--raw', '--subdir', 'DAGS_FOLDER/index.py', '--cfg-path', '/tmp/tmpbcrbg4a5', '--error-file', '/tmp/tmplquezows']
[2022-11-16 01:32:33,221] {standard_task_runner.py:77} INFO - Job 61: Subtask hello_task
[2022-11-16 01:32:33,102] {standard_task_runner.py:52} INFO - Started process 345 to run task
[2022-11-16 01:32:39,868] {logging_mixin.py:104} INFO - Running <TaskInstance: hello_world.hello_task 2022-03-02T00:00:00+00:00 [running]> on host 001906ffd7c9
[2022-11-16 01:32:48,966] {taskinstance.py:1257} INFO - Exporting the following env vars:
AIRFLOW_CTX_DAG_OWNER=airflow
AIRFLOW_CTX_DAG_ID=hello_world
AIRFLOW_CTX_TASK_ID=hello_task
AIRFLOW_CTX_EXECUTION_DATE=2022-03-02T00:00:00+00:00
AIRFLOW_CTX_DAG_RUN_ID=scheduled__2022-03-02T00:00:00+00:00
[2022-11-16 01:32:49,784] {logging_mixin.py:104} INFO - hi everyone
[2022-11-16 01:32:49,946] {python.py:118} INFO - Done. Returned value was: hello world
[2022-11-16 01:32:54,011] {taskinstance.py:1166} INFO - Marking task as SUCCESS. dag_id=hello_world, task_id=hello_task, execution_date=20220302T000000, start_date=20221116T013227, end_date=20221116T013253
[2022-11-16 01:33:01,086] {taskinstance.py:1220} INFO - 1 downstream tasks scheduled from follow-on schedule check
[2022-11-16 01:33:04,064] {local_task_job.py:146} INFO - Task exited with return code 0
