[2022-11-16 01:27:15,654] {taskinstance.py:851} INFO - Dependencies all met for <TaskInstance: hello_world.hello_task 2022-01-21T00:00:00+00:00 [queued]>
[2022-11-16 01:27:16,547] {taskinstance.py:851} INFO - Dependencies all met for <TaskInstance: hello_world.hello_task 2022-01-21T00:00:00+00:00 [queued]>
[2022-11-16 01:27:16,574] {taskinstance.py:1042} INFO - 
--------------------------------------------------------------------------------
[2022-11-16 01:27:16,594] {taskinstance.py:1043} INFO - Starting attempt 1 of 1
[2022-11-16 01:27:16,597] {taskinstance.py:1044} INFO - 
--------------------------------------------------------------------------------
[2022-11-16 01:27:18,181] {taskinstance.py:1063} INFO - Executing <Task(PythonOperator): hello_task> on 2022-01-21T00:00:00+00:00
[2022-11-16 01:27:18,572] {standard_task_runner.py:52} INFO - Started process 165 to run task
[2022-11-16 01:27:19,192] {standard_task_runner.py:76} INFO - Running: ['airflow', 'tasks', 'run', 'hello_world', 'hello_task', '2022-01-21T00:00:00+00:00', '--job-id', '22', '--pool', 'default_pool', '--raw', '--subdir', 'DAGS_FOLDER/index.py', '--cfg-path', '/tmp/tmpp2vvodpg', '--error-file', '/tmp/tmpuw6j8ijh']
[2022-11-16 01:27:19,238] {standard_task_runner.py:77} INFO - Job 22: Subtask hello_task
[2022-11-16 01:27:22,203] {logging_mixin.py:104} INFO - Running <TaskInstance: hello_world.hello_task 2022-01-21T00:00:00+00:00 [running]> on host 001906ffd7c9
[2022-11-16 01:27:24,932] {taskinstance.py:1257} INFO - Exporting the following env vars:
AIRFLOW_CTX_DAG_OWNER=airflow
AIRFLOW_CTX_DAG_ID=hello_world
AIRFLOW_CTX_TASK_ID=hello_task
AIRFLOW_CTX_EXECUTION_DATE=2022-01-21T00:00:00+00:00
AIRFLOW_CTX_DAG_RUN_ID=scheduled__2022-01-21T00:00:00+00:00
[2022-11-16 01:27:24,980] {logging_mixin.py:104} INFO - hi everyone
[2022-11-16 01:27:25,009] {python.py:118} INFO - Done. Returned value was: hello world
[2022-11-16 01:27:26,054] {taskinstance.py:1166} INFO - Marking task as SUCCESS. dag_id=hello_world, task_id=hello_task, execution_date=20220121T000000, start_date=20221116T012715, end_date=20221116T012726
[2022-11-16 01:27:27,059] {taskinstance.py:1220} INFO - 0 downstream tasks scheduled from follow-on schedule check
[2022-11-16 01:27:27,354] {local_task_job.py:146} INFO - Task exited with return code 0
