[2022-11-16 01:26:03,040] {taskinstance.py:851} INFO - Dependencies all met for <TaskInstance: hello_world.hello_task 2022-01-10T00:00:00+00:00 [queued]>
[2022-11-16 01:26:07,054] {taskinstance.py:851} INFO - Dependencies all met for <TaskInstance: hello_world.hello_task 2022-01-10T00:00:00+00:00 [queued]>
[2022-11-16 01:26:07,119] {taskinstance.py:1042} INFO - 
--------------------------------------------------------------------------------
[2022-11-16 01:26:07,128] {taskinstance.py:1043} INFO - Starting attempt 1 of 1
[2022-11-16 01:26:07,138] {taskinstance.py:1044} INFO - 
--------------------------------------------------------------------------------
[2022-11-16 01:26:10,076] {taskinstance.py:1063} INFO - Executing <Task(PythonOperator): hello_task> on 2022-01-10T00:00:00+00:00
[2022-11-16 01:26:10,546] {standard_task_runner.py:52} INFO - Started process 129 to run task
[2022-11-16 01:26:11,556] {standard_task_runner.py:76} INFO - Running: ['airflow', 'tasks', 'run', 'hello_world', 'hello_task', '2022-01-10T00:00:00+00:00', '--job-id', '10', '--pool', 'default_pool', '--raw', '--subdir', 'DAGS_FOLDER/index.py', '--cfg-path', '/tmp/tmpyx58p5vx', '--error-file', '/tmp/tmppbx9vv6m']
[2022-11-16 01:26:11,658] {standard_task_runner.py:77} INFO - Job 10: Subtask hello_task
[2022-11-16 01:26:24,365] {logging_mixin.py:104} INFO - Running <TaskInstance: hello_world.hello_task 2022-01-10T00:00:00+00:00 [running]> on host 001906ffd7c9
[2022-11-16 01:26:27,821] {taskinstance.py:1257} INFO - Exporting the following env vars:
AIRFLOW_CTX_DAG_OWNER=airflow
AIRFLOW_CTX_DAG_ID=hello_world
AIRFLOW_CTX_TASK_ID=hello_task
AIRFLOW_CTX_EXECUTION_DATE=2022-01-10T00:00:00+00:00
AIRFLOW_CTX_DAG_RUN_ID=scheduled__2022-01-10T00:00:00+00:00
[2022-11-16 01:26:28,121] {logging_mixin.py:104} INFO - hi everyone
[2022-11-16 01:26:28,157] {python.py:118} INFO - Done. Returned value was: hello world
[2022-11-16 01:26:32,657] {taskinstance.py:1166} INFO - Marking task as SUCCESS. dag_id=hello_world, task_id=hello_task, execution_date=20220110T000000, start_date=20221116T012603, end_date=20221116T012632
[2022-11-16 01:26:36,491] {taskinstance.py:1220} INFO - 0 downstream tasks scheduled from follow-on schedule check
[2022-11-16 01:26:43,780] {local_task_job.py:146} INFO - Task exited with return code 0
