[2022-11-16 01:27:55,630] {taskinstance.py:851} INFO - Dependencies all met for <TaskInstance: hello_world.hello_task 2022-01-28T00:00:00+00:00 [queued]>
[2022-11-16 01:27:56,451] {taskinstance.py:851} INFO - Dependencies all met for <TaskInstance: hello_world.hello_task 2022-01-28T00:00:00+00:00 [queued]>
[2022-11-16 01:27:56,479] {taskinstance.py:1042} INFO - 
--------------------------------------------------------------------------------
[2022-11-16 01:27:56,508] {taskinstance.py:1043} INFO - Starting attempt 1 of 1
[2022-11-16 01:27:56,516] {taskinstance.py:1044} INFO - 
--------------------------------------------------------------------------------
[2022-11-16 01:27:57,064] {taskinstance.py:1063} INFO - Executing <Task(PythonOperator): hello_task> on 2022-01-28T00:00:00+00:00
[2022-11-16 01:27:57,448] {standard_task_runner.py:76} INFO - Running: ['airflow', 'tasks', 'run', 'hello_world', 'hello_task', '2022-01-28T00:00:00+00:00', '--job-id', '29', '--pool', 'default_pool', '--raw', '--subdir', 'DAGS_FOLDER/index.py', '--cfg-path', '/tmp/tmpglohxy18', '--error-file', '/tmp/tmpra9md_r5']
[2022-11-16 01:27:57,175] {standard_task_runner.py:52} INFO - Started process 199 to run task
[2022-11-16 01:27:57,472] {standard_task_runner.py:77} INFO - Job 29: Subtask hello_task
[2022-11-16 01:28:00,324] {logging_mixin.py:104} INFO - Running <TaskInstance: hello_world.hello_task 2022-01-28T00:00:00+00:00 [running]> on host 001906ffd7c9
[2022-11-16 01:28:01,956] {taskinstance.py:1257} INFO - Exporting the following env vars:
AIRFLOW_CTX_DAG_OWNER=airflow
AIRFLOW_CTX_DAG_ID=hello_world
AIRFLOW_CTX_TASK_ID=hello_task
AIRFLOW_CTX_EXECUTION_DATE=2022-01-28T00:00:00+00:00
AIRFLOW_CTX_DAG_RUN_ID=scheduled__2022-01-28T00:00:00+00:00
[2022-11-16 01:28:02,076] {logging_mixin.py:104} INFO - hi everyone
[2022-11-16 01:28:02,098] {python.py:118} INFO - Done. Returned value was: hello world
[2022-11-16 01:28:03,217] {taskinstance.py:1166} INFO - Marking task as SUCCESS. dag_id=hello_world, task_id=hello_task, execution_date=20220128T000000, start_date=20221116T012755, end_date=20221116T012803
[2022-11-16 01:28:06,277] {taskinstance.py:1220} INFO - 0 downstream tasks scheduled from follow-on schedule check
[2022-11-16 01:28:06,892] {local_task_job.py:146} INFO - Task exited with return code 0
