[2022-11-17 23:51:01,668] {taskinstance.py:851} INFO - Dependencies all met for <TaskInstance: pull_data.select_states 2022-11-17T23:50:38.540238+00:00 [queued]>
[2022-11-17 23:51:01,739] {taskinstance.py:851} INFO - Dependencies all met for <TaskInstance: pull_data.select_states 2022-11-17T23:50:38.540238+00:00 [queued]>
[2022-11-17 23:51:01,743] {taskinstance.py:1042} INFO - 
--------------------------------------------------------------------------------
[2022-11-17 23:51:01,750] {taskinstance.py:1043} INFO - Starting attempt 1 of 1
[2022-11-17 23:51:01,755] {taskinstance.py:1044} INFO - 
--------------------------------------------------------------------------------
[2022-11-17 23:51:01,798] {taskinstance.py:1063} INFO - Executing <Task(PythonOperator): select_states> on 2022-11-17T23:50:38.540238+00:00
[2022-11-17 23:51:01,815] {standard_task_runner.py:52} INFO - Started process 109 to run task
[2022-11-17 23:51:01,836] {standard_task_runner.py:76} INFO - Running: ['airflow', 'tasks', 'run', 'pull_data', 'select_states', '2022-11-17T23:50:38.540238+00:00', '--job-id', '351', '--pool', 'default_pool', '--raw', '--subdir', 'DAGS_FOLDER/index.py', '--cfg-path', '/tmp/tmpc8_f3ypv', '--error-file', '/tmp/tmpnmzwtso4']
[2022-11-17 23:51:01,846] {standard_task_runner.py:77} INFO - Job 351: Subtask select_states
[2022-11-17 23:51:02,294] {logging_mixin.py:104} INFO - Running <TaskInstance: pull_data.select_states 2022-11-17T23:50:38.540238+00:00 [running]> on host 1d9aa7be56f4
[2022-11-17 23:51:02,513] {taskinstance.py:1257} INFO - Exporting the following env vars:
AIRFLOW_CTX_DAG_OWNER=airflow
AIRFLOW_CTX_DAG_ID=pull_data
AIRFLOW_CTX_TASK_ID=select_states
AIRFLOW_CTX_EXECUTION_DATE=2022-11-17T23:50:38.540238+00:00
AIRFLOW_CTX_DAG_RUN_ID=manual__2022-11-17T23:50:38.540238+00:00
[2022-11-17 23:51:02,588] {base.py:74} INFO - Using connection to: id: rds. Host: database-1.crd5vw1vref2.us-east-1.rds.amazonaws.com, Port: 5432, Schema: postgres, Login: postgres, Password: XXXXXXXX, extra: None
[2022-11-17 23:51:03,174] {python.py:118} INFO - Done. Returned value was: [(34, 'New York'), (35, 'Pennsylvania'), (36, 'NY')]
[2022-11-17 23:51:03,279] {taskinstance.py:1166} INFO - Marking task as SUCCESS. dag_id=pull_data, task_id=select_states, execution_date=20221117T235038, start_date=20221117T235101, end_date=20221117T235103
[2022-11-17 23:51:03,419] {taskinstance.py:1220} INFO - 0 downstream tasks scheduled from follow-on schedule check
[2022-11-17 23:51:03,506] {local_task_job.py:146} INFO - Task exited with return code 0
