[2022-11-16 01:32:25,629] {taskinstance.py:851} INFO - Dependencies all met for <TaskInstance: hello_world.goodbye_task 2022-02-17T00:00:00+00:00 [queued]>
[2022-11-16 01:32:29,793] {taskinstance.py:851} INFO - Dependencies all met for <TaskInstance: hello_world.goodbye_task 2022-02-17T00:00:00+00:00 [queued]>
[2022-11-16 01:32:29,839] {taskinstance.py:1042} INFO - 
--------------------------------------------------------------------------------
[2022-11-16 01:32:29,846] {taskinstance.py:1043} INFO - Starting attempt 1 of 1
[2022-11-16 01:32:29,870] {taskinstance.py:1044} INFO - 
--------------------------------------------------------------------------------
[2022-11-16 01:32:32,797] {taskinstance.py:1063} INFO - Executing <Task(PythonOperator): goodbye_task> on 2022-02-17T00:00:00+00:00
[2022-11-16 01:32:33,775] {standard_task_runner.py:76} INFO - Running: ['airflow', 'tasks', 'run', 'hello_world', 'goodbye_task', '2022-02-17T00:00:00+00:00', '--job-id', '63', '--pool', 'default_pool', '--raw', '--subdir', 'DAGS_FOLDER/index.py', '--cfg-path', '/tmp/tmp3bt0pbpm', '--error-file', '/tmp/tmp99s_ooak']
[2022-11-16 01:32:33,215] {standard_task_runner.py:52} INFO - Started process 347 to run task
[2022-11-16 01:32:34,124] {standard_task_runner.py:77} INFO - Job 63: Subtask goodbye_task
[2022-11-16 01:32:41,176] {logging_mixin.py:104} INFO - Running <TaskInstance: hello_world.goodbye_task 2022-02-17T00:00:00+00:00 [running]> on host 001906ffd7c9
[2022-11-16 01:32:48,890] {taskinstance.py:1257} INFO - Exporting the following env vars:
AIRFLOW_CTX_DAG_OWNER=airflow
AIRFLOW_CTX_DAG_ID=hello_world
AIRFLOW_CTX_TASK_ID=goodbye_task
AIRFLOW_CTX_EXECUTION_DATE=2022-02-17T00:00:00+00:00
AIRFLOW_CTX_DAG_RUN_ID=scheduled__2022-02-17T00:00:00+00:00
[2022-11-16 01:32:49,225] {logging_mixin.py:104} INFO - bye all
[2022-11-16 01:32:49,418] {python.py:118} INFO - Done. Returned value was: bye
[2022-11-16 01:32:53,647] {taskinstance.py:1166} INFO - Marking task as SUCCESS. dag_id=hello_world, task_id=goodbye_task, execution_date=20220217T000000, start_date=20221116T013226, end_date=20221116T013253
[2022-11-16 01:32:56,343] {taskinstance.py:1220} INFO - 0 downstream tasks scheduled from follow-on schedule check
[2022-11-16 01:32:58,881] {local_task_job.py:146} INFO - Task exited with return code 0
