[2022-11-16 01:29:15,596] {taskinstance.py:851} INFO - Dependencies all met for <TaskInstance: hello_world.hello_task 2022-02-09T00:00:00+00:00 [queued]>
[2022-11-16 01:29:16,730] {taskinstance.py:851} INFO - Dependencies all met for <TaskInstance: hello_world.hello_task 2022-02-09T00:00:00+00:00 [queued]>
[2022-11-16 01:29:16,746] {taskinstance.py:1042} INFO - 
--------------------------------------------------------------------------------
[2022-11-16 01:29:16,766] {taskinstance.py:1043} INFO - Starting attempt 1 of 1
[2022-11-16 01:29:16,782] {taskinstance.py:1044} INFO - 
--------------------------------------------------------------------------------
[2022-11-16 01:29:17,625] {taskinstance.py:1063} INFO - Executing <Task(PythonOperator): hello_task> on 2022-02-09T00:00:00+00:00
[2022-11-16 01:29:17,865] {standard_task_runner.py:52} INFO - Started process 251 to run task
[2022-11-16 01:29:18,003] {standard_task_runner.py:76} INFO - Running: ['airflow', 'tasks', 'run', 'hello_world', 'hello_task', '2022-02-09T00:00:00+00:00', '--job-id', '41', '--pool', 'default_pool', '--raw', '--subdir', 'DAGS_FOLDER/index.py', '--cfg-path', '/tmp/tmp0ls63813', '--error-file', '/tmp/tmp5uql47uv']
[2022-11-16 01:29:18,044] {standard_task_runner.py:77} INFO - Job 41: Subtask hello_task
[2022-11-16 01:29:20,764] {logging_mixin.py:104} INFO - Running <TaskInstance: hello_world.hello_task 2022-02-09T00:00:00+00:00 [running]> on host 001906ffd7c9
[2022-11-16 01:29:27,197] {taskinstance.py:1257} INFO - Exporting the following env vars:
AIRFLOW_CTX_DAG_OWNER=airflow
AIRFLOW_CTX_DAG_ID=hello_world
AIRFLOW_CTX_TASK_ID=hello_task
AIRFLOW_CTX_EXECUTION_DATE=2022-02-09T00:00:00+00:00
AIRFLOW_CTX_DAG_RUN_ID=scheduled__2022-02-09T00:00:00+00:00
[2022-11-16 01:29:27,249] {logging_mixin.py:104} INFO - hi everyone
[2022-11-16 01:29:27,261] {python.py:118} INFO - Done. Returned value was: hello world
[2022-11-16 01:29:28,173] {taskinstance.py:1166} INFO - Marking task as SUCCESS. dag_id=hello_world, task_id=hello_task, execution_date=20220209T000000, start_date=20221116T012915, end_date=20221116T012928
[2022-11-16 01:29:29,271] {taskinstance.py:1220} INFO - 0 downstream tasks scheduled from follow-on schedule check
[2022-11-16 01:29:29,913] {local_task_job.py:146} INFO - Task exited with return code 0
