[2022-11-16 01:33:48,214] {taskinstance.py:851} INFO - Dependencies all met for <TaskInstance: hello_world.goodbye_task 2022-03-03T00:00:00+00:00 [queued]>
[2022-11-16 01:33:48,780] {taskinstance.py:851} INFO - Dependencies all met for <TaskInstance: hello_world.goodbye_task 2022-03-03T00:00:00+00:00 [queued]>
[2022-11-16 01:33:48,790] {taskinstance.py:1042} INFO - 
--------------------------------------------------------------------------------
[2022-11-16 01:33:48,830] {taskinstance.py:1043} INFO - Starting attempt 1 of 1
[2022-11-16 01:33:48,845] {taskinstance.py:1044} INFO - 
--------------------------------------------------------------------------------
[2022-11-16 01:33:49,256] {taskinstance.py:1063} INFO - Executing <Task(PythonOperator): goodbye_task> on 2022-03-03T00:00:00+00:00
[2022-11-16 01:33:49,617] {standard_task_runner.py:76} INFO - Running: ['airflow', 'tasks', 'run', 'hello_world', 'goodbye_task', '2022-03-03T00:00:00+00:00', '--job-id', '78', '--pool', 'default_pool', '--raw', '--subdir', 'DAGS_FOLDER/index.py', '--cfg-path', '/tmp/tmpyhxz7y0h', '--error-file', '/tmp/tmpvxsizu81']
[2022-11-16 01:33:49,648] {standard_task_runner.py:77} INFO - Job 78: Subtask goodbye_task
[2022-11-16 01:33:49,415] {standard_task_runner.py:52} INFO - Started process 395 to run task
[2022-11-16 01:33:52,743] {logging_mixin.py:104} INFO - Running <TaskInstance: hello_world.goodbye_task 2022-03-03T00:00:00+00:00 [running]> on host 001906ffd7c9
[2022-11-16 01:33:57,750] {taskinstance.py:1257} INFO - Exporting the following env vars:
AIRFLOW_CTX_DAG_OWNER=airflow
AIRFLOW_CTX_DAG_ID=hello_world
AIRFLOW_CTX_TASK_ID=goodbye_task
AIRFLOW_CTX_EXECUTION_DATE=2022-03-03T00:00:00+00:00
AIRFLOW_CTX_DAG_RUN_ID=scheduled__2022-03-03T00:00:00+00:00
[2022-11-16 01:33:58,210] {logging_mixin.py:104} INFO - bye all
[2022-11-16 01:33:58,318] {python.py:118} INFO - Done. Returned value was: bye
[2022-11-16 01:34:01,045] {taskinstance.py:1166} INFO - Marking task as SUCCESS. dag_id=hello_world, task_id=goodbye_task, execution_date=20220303T000000, start_date=20221116T013348, end_date=20221116T013401
[2022-11-16 01:34:03,540] {taskinstance.py:1220} INFO - 0 downstream tasks scheduled from follow-on schedule check
[2022-11-16 01:34:05,596] {local_task_job.py:146} INFO - Task exited with return code 0
